#
# There is insufficient memory for the Java Runtime Environment to continue.
# Native memory allocation (malloc) failed to allocate 1048576 bytes. Error detail: AllocateHeap
# Possible reasons:
#   The system is out of physical RAM or swap space
#   This process is running with CompressedOops enabled, and the Java Heap may be blocking the growth of the native heap
# Possible solutions:
#   Reduce memory load on the system
#   Increase physical memory or swap space
#   Check if swap backing store is full
#   Decrease Java heap size (-Xmx/-Xms)
#   Decrease number of Java threads
#   Decrease Java thread stack sizes (-Xss)
#   Set larger code cache with -XX:ReservedCodeCacheSize=
#   JVM is running with Unscaled Compressed Oops mode in which the Java heap is
#     placed in the first 4GB address space. The Java Heap base address is the
#     maximum limit for the native heap growth. Please use -XX:HeapBaseMinAddress
#     to set the Java Heap base and to place the Java Heap above 4GB virtual address.
# This output file may be truncated or incomplete.
#
#  Out of Memory Error (allocation.cpp:44), pid=28192, tid=22376
#
# JRE version: OpenJDK Runtime Environment Temurin-17.0.11+9 (17.0.11+9) (build 17.0.11+9)
# Java VM: OpenJDK 64-Bit Server VM Temurin-17.0.11+9 (17.0.11+9, mixed mode, emulated-client, tiered, compressed oops, compressed class ptrs, g1 gc, windows-amd64)
# No core dump will be written. Minidumps are not enabled by default on client versions of Windows
#

---------------  S U M M A R Y ------------

Command Line: -Xmx1024m -Dsts.lsp.client=vscode -Dsts.log.file=/dev/null -XX:TieredStopAtLevel=1 -Xlog:jni+resolve=off -Dspring.config.location=file:c:\Users\alavudheen.e\.vscode\extensions\vmware.vscode-spring-boot-1.56.0\language-server\BOOT-INF\classes\application.properties org.springframework.ide.vscode.boot.app.BootLanguageServerBootApp

Host: 11th Gen Intel(R) Core(TM) i3-1115G4 @ 3.00GHz, 4 cores, 15G,  Windows 10 , 64 bit Build 19041 (10.0.19041.3636)
Time: Sat Aug 24 20:31:13 2024 India Standard Time elapsed time: 176.777035 seconds (0d 0h 2m 56s)

---------------  T H R E A D  ---------------

Current thread (0x0000017dc57486e0):  VMThread "VM Thread" [stack: 0x0000005566c00000,0x0000005566d00000] [id=22376]

Stack: [0x0000005566c00000,0x0000005566d00000]
Native frames: (J=compiled Java code, j=interpreted, Vv=VM code, C=native code)
V  [jvm.dll+0x67d429]
V  [jvm.dll+0x834b7a]
V  [jvm.dll+0x83663e]
V  [jvm.dll+0x836ca3]
V  [jvm.dll+0x247dbf]
V  [jvm.dll+0xa6cb3]
V  [jvm.dll+0x2f8ad3]
V  [jvm.dll+0x2f4750]
V  [jvm.dll+0x2dcf67]
V  [jvm.dll+0x31fb67]
V  [jvm.dll+0x83b19b]
V  [jvm.dll+0x83bed2]
V  [jvm.dll+0x83c3ed]
V  [jvm.dll+0x83c7c4]
V  [jvm.dll+0x83c890]
V  [jvm.dll+0x7e410a]
V  [jvm.dll+0x67c315]
C  [ucrtbase.dll+0x21bb2]
C  [KERNEL32.DLL+0x17344]
C  [ntdll.dll+0x4cc91]

VM_Operation (0x0000005567eff0a0): G1CollectFull, mode: safepoint, requested by thread 0x0000017dcb51a8f0


---------------  P R O C E S S  ---------------

Threads class SMR info:
_java_thread_list=0x0000017dcb65de60, length=17, elements={
0x0000017dc5764db0, 0x0000017dc57659f0, 0x0000017dc5786930, 0x0000017dc5787200,
0x0000017dc5787ad0, 0x0000017dc578a3b0, 0x0000017dc578b490, 0x0000017dc57c4f10,
0x0000017dc59bc310, 0x0000017dc59c6520, 0x0000017dcb6547b0, 0x0000017dcb51a8f0,
0x0000017dcb66a030, 0x0000017dbb079f80, 0x0000017dcb5eda10, 0x0000017dcb734530,
0x0000017dcb638f40
}

Java Threads: ( => current thread )
  0x0000017dc5764db0 JavaThread "Reference Handler" daemon [_thread_blocked, id=11808, stack(0x0000005566d00000,0x0000005566e00000)]
  0x0000017dc57659f0 JavaThread "Finalizer" daemon [_thread_blocked, id=13724, stack(0x0000005566e00000,0x0000005566f00000)]
  0x0000017dc5786930 JavaThread "Signal Dispatcher" daemon [_thread_blocked, id=14568, stack(0x0000005566f00000,0x0000005567000000)]
  0x0000017dc5787200 JavaThread "Attach Listener" daemon [_thread_blocked, id=24848, stack(0x0000005567000000,0x0000005567100000)]
  0x0000017dc5787ad0 JavaThread "Service Thread" daemon [_thread_blocked, id=30376, stack(0x0000005567100000,0x0000005567200000)]
  0x0000017dc578a3b0 JavaThread "Monitor Deflation Thread" daemon [_thread_blocked, id=28624, stack(0x0000005567200000,0x0000005567300000)]
  0x0000017dc578b490 JavaThread "C1 CompilerThread0" daemon [_thread_blocked, id=29780, stack(0x0000005567300000,0x0000005567400000)]
  0x0000017dc57c4f10 JavaThread "Sweeper thread" daemon [_thread_blocked, id=6976, stack(0x0000005567400000,0x0000005567500000)]
  0x0000017dc59bc310 JavaThread "Notification Thread" daemon [_thread_blocked, id=22564, stack(0x0000005567700000,0x0000005567800000)]
  0x0000017dc59c6520 JavaThread "Common-Cleaner" daemon [_thread_blocked, id=27100, stack(0x0000005567900000,0x0000005567a00000)]
  0x0000017dcb6547b0 JavaThread "boundedElastic-evictor-1" daemon [_thread_blocked, id=9320, stack(0x0000005567d00000,0x0000005567e00000)]
  0x0000017dcb51a8f0 JavaThread "pool-13-thread-1" [_thread_blocked, id=15832, stack(0x0000005567e00000,0x0000005567f00000)]
  0x0000017dcb66a030 JavaThread "LanguageServerApp-lifecycle" [_thread_blocked, id=4720, stack(0x0000005567f00000,0x0000005568000000)]
  0x0000017dbb079f80 JavaThread "DestroyJavaVM" [_thread_blocked, id=30364, stack(0x0000005566600000,0x0000005566700000)]
  0x0000017dcb5eda10 JavaThread "pool-14-thread-1" [_thread_in_native, id=3356, stack(0x0000005568000000,0x0000005568100000)]
  0x0000017dcb734530 JavaThread "Simple-Language-Server main thread" daemon [_thread_blocked, id=21384, stack(0x0000005568100000,0x0000005568200000)]
  0x0000017dcb638f40 JavaThread "pool-6-thread-1" [_thread_blocked, id=13720, stack(0x0000005568200000,0x0000005568300000)]

Other Threads:
=>0x0000017dc57486e0 VMThread "VM Thread" [stack: 0x0000005566c00000,0x0000005566d00000] [id=22376]
  0x0000017dc59bc7f0 WatcherThread [stack: 0x0000005567800000,0x0000005567900000] [id=4604]
  0x0000017dbb0b5970 GCTaskThread "GC Thread#0" [stack: 0x0000005566700000,0x0000005566800000] [id=30572]
  0x0000017dca471c30 GCTaskThread "GC Thread#1" [stack: 0x0000005567a00000,0x0000005567b00000] [id=18008]
  0x0000017dca4b5510 GCTaskThread "GC Thread#2" [stack: 0x0000005567b00000,0x0000005567c00000] [id=16284]
  0x0000017dca4b57d0 GCTaskThread "GC Thread#3" [stack: 0x0000005567c00000,0x0000005567d00000] [id=1488]
  0x0000017dbb0be8c0 ConcurrentGCThread "G1 Main Marker" [stack: 0x0000005566800000,0x0000005566900000] [id=29716]
  0x0000017dbb0bf2e0 ConcurrentGCThread "G1 Conc#0" [stack: 0x0000005566900000,0x0000005566a00000] [id=7880]
  0x0000017dc55b2160 ConcurrentGCThread "G1 Refine#0" [stack: 0x0000005566a00000,0x0000005566b00000] [id=13128]
  0x0000017dc55b2b90 ConcurrentGCThread "G1 Service" [stack: 0x0000005566b00000,0x0000005566c00000] [id=18884]

Threads with active compile tasks:

VM state: at safepoint (normal execution)

VM Mutex/Monitor currently owned by a thread:  ([mutex/lock_event])
[0x0000017db8ec90e0] Threads_lock - owner thread: 0x0000017dc57486e0
[0x0000017dbb076be0] Heap_lock - owner thread: 0x0000017dcb51a8f0

Heap address: 0x00000000c0000000, size: 1024 MB, Compressed Oops mode: 32-bit

CDS archive(s) not mapped
Compressed class space mapped at: 0x0000000100000000-0x0000000140000000, reserved size: 1073741824
Narrow klass base: 0x0000000000000000, Narrow klass shift: 3, Narrow klass range: 0x140000000

GC Precious Log:
 CPUs: 4 total, 4 available
 Memory: 16126M
 Large Page Support: Disabled
 NUMA Support: Disabled
 Compressed Oops: Enabled (32-bit)
 Heap Region Size: 1M
 Heap Min Capacity: 8M
 Heap Initial Capacity: 252M
 Heap Max Capacity: 1G
 Pre-touch: Disabled
 Parallel Workers: 4
 Concurrent Workers: 1
 Concurrent Refinement Workers: 4
 Periodic GC: Disabled

Heap:
 garbage-first heap   total 78848K, used 24952K [0x00000000c0000000, 0x0000000100000000)
  region size 1024K, 1 young (1024K), 0 survivors (0K)
 Metaspace       used 39879K, committed 40448K, reserved 1114112K
  class space    used 5025K, committed 5248K, reserved 1048576K

Heap Regions: E=young(eden), S=young(survivor), O=old, HS=humongous(starts), HC=humongous(continues), CS=collection set, F=free, OA=open archive, CA=closed archive, TAMS=top-at-mark-start (previous, next)
|   0|0x00000000c0000000, 0x00000000c0100000, 0x00000000c0100000|100%|HS|  |TAMS 0x00000000c0100000, 0x00000000c0000000| Untracked 
|   1|0x00000000c0100000, 0x00000000c0200000, 0x00000000c0200000|100%|HC|  |TAMS 0x00000000c0200000, 0x00000000c0100000| Untracked 
|   2|0x00000000c0200000, 0x00000000c0300000, 0x00000000c0300000|100%|HC|  |TAMS 0x00000000c0300000, 0x00000000c0200000| Untracked 
|   3|0x00000000c0300000, 0x00000000c0400000, 0x00000000c0400000|100%|HC|  |TAMS 0x00000000c0400000, 0x00000000c0300000| Untracked 
|   4|0x00000000c0400000, 0x00000000c04fffc8, 0x00000000c0500000| 99%| O|  |TAMS 0x00000000c04fffc8, 0x00000000c0400000| Untracked 
|   5|0x00000000c0500000, 0x00000000c0600000, 0x00000000c0600000|100%| O|  |TAMS 0x00000000c0600000, 0x00000000c0500000| Untracked 
|   6|0x00000000c0600000, 0x00000000c0700000, 0x00000000c0700000|100%| O|  |TAMS 0x00000000c0700000, 0x00000000c0600000| Untracked 
|   7|0x00000000c0700000, 0x00000000c0800000, 0x00000000c0800000|100%| O|  |TAMS 0x00000000c0800000, 0x00000000c0700000| Untracked 
|   8|0x00000000c0800000, 0x00000000c0900000, 0x00000000c0900000|100%| O|  |TAMS 0x00000000c0900000, 0x00000000c0800000| Untracked 
|   9|0x00000000c0900000, 0x00000000c0a00000, 0x00000000c0a00000|100%| O|  |TAMS 0x00000000c0a00000, 0x00000000c0900000| Untracked 
|  10|0x00000000c0a00000, 0x00000000c0b00000, 0x00000000c0b00000|100%|HS|  |TAMS 0x00000000c0b00000, 0x00000000c0a00000| Untracked 
|  11|0x00000000c0b00000, 0x00000000c0c00000, 0x00000000c0c00000|100%|HC|  |TAMS 0x00000000c0c00000, 0x00000000c0b00000| Untracked 
|  12|0x00000000c0c00000, 0x00000000c0d00000, 0x00000000c0d00000|100%| O|  |TAMS 0x00000000c0d00000, 0x00000000c0c00000| Untracked 
|  13|0x00000000c0d00000, 0x00000000c0dfff90, 0x00000000c0e00000| 99%| O|  |TAMS 0x00000000c0dfff90, 0x00000000c0d00000| Untracked 
|  14|0x00000000c0e00000, 0x00000000c0f00000, 0x00000000c0f00000|100%| O|  |TAMS 0x00000000c0f00000, 0x00000000c0e00000| Untracked 
|  15|0x00000000c0f00000, 0x00000000c0ffffe0, 0x00000000c1000000| 99%| O|  |TAMS 0x00000000c0ffffe0, 0x00000000c0f00000| Untracked 
|  16|0x00000000c1000000, 0x00000000c10ffff8, 0x00000000c1100000| 99%| O|  |TAMS 0x00000000c10ffff8, 0x00000000c1000000| Untracked 
|  17|0x00000000c1100000, 0x00000000c11ffff8, 0x00000000c1200000| 99%| O|  |TAMS 0x00000000c11ffff8, 0x00000000c1100000| Untracked 
|  18|0x00000000c1200000, 0x00000000c12fffe8, 0x00000000c1300000| 99%| O|  |TAMS 0x00000000c12fffe8, 0x00000000c1200000| Untracked 
|  19|0x00000000c1300000, 0x00000000c1400000, 0x00000000c1400000|100%| O|  |TAMS 0x00000000c1400000, 0x00000000c1300000| Untracked 
|  20|0x00000000c1400000, 0x00000000c1500000, 0x00000000c1500000|100%| O|  |TAMS 0x00000000c1500000, 0x00000000c1400000| Untracked 
|  21|0x00000000c1500000, 0x00000000c15ffff0, 0x00000000c1600000| 99%| O|  |TAMS 0x00000000c15ffff0, 0x00000000c1500000| Untracked 
|  22|0x00000000c1600000, 0x00000000c16f64d0, 0x00000000c1700000| 96%| O|  |TAMS 0x00000000c16f64d0, 0x00000000c1600000| Untracked 
|  23|0x00000000c1700000, 0x00000000c17cdc10, 0x00000000c1800000| 80%| O|  |TAMS 0x00000000c1700000, 0x00000000c1700000| Untracked 
|  24|0x00000000c1800000, 0x00000000c189a3f8, 0x00000000c1900000| 60%| O|  |TAMS 0x00000000c1800000, 0x00000000c1800000| Untracked 
|  25|0x00000000c1900000, 0x00000000c1900000, 0x00000000c1a00000|  0%| F|  |TAMS 0x00000000c1900000, 0x00000000c1900000| Untracked 
|  26|0x00000000c1a00000, 0x00000000c1a00000, 0x00000000c1b00000|  0%| F|  |TAMS 0x00000000c1a00000, 0x00000000c1a00000| Untracked 
|  27|0x00000000c1b00000, 0x00000000c1b00000, 0x00000000c1c00000|  0%| F|  |TAMS 0x00000000c1b00000, 0x00000000c1b00000| Untracked 
|  28|0x00000000c1c00000, 0x00000000c1c00000, 0x00000000c1d00000|  0%| F|  |TAMS 0x00000000c1c00000, 0x00000000c1c00000| Untracked 
|  29|0x00000000c1d00000, 0x00000000c1d00000, 0x00000000c1e00000|  0%| F|  |TAMS 0x00000000c1d00000, 0x00000000c1d00000| Untracked 
|  30|0x00000000c1e00000, 0x00000000c1e00000, 0x00000000c1f00000|  0%| F|  |TAMS 0x00000000c1e00000, 0x00000000c1e00000| Untracked 
|  31|0x00000000c1f00000, 0x00000000c1f00000, 0x00000000c2000000|  0%| F|  |TAMS 0x00000000c1f00000, 0x00000000c1f00000| Untracked 
|  32|0x00000000c2000000, 0x00000000c2000000, 0x00000000c2100000|  0%| F|  |TAMS 0x00000000c2000000, 0x00000000c2000000| Untracked 
|  33|0x00000000c2100000, 0x00000000c2100000, 0x00000000c2200000|  0%| F|  |TAMS 0x00000000c2100000, 0x00000000c2100000| Untracked 
|  34|0x00000000c2200000, 0x00000000c2200000, 0x00000000c2300000|  0%| F|  |TAMS 0x00000000c2200000, 0x00000000c2200000| Untracked 
|  35|0x00000000c2300000, 0x00000000c2300000, 0x00000000c2400000|  0%| F|  |TAMS 0x00000000c2300000, 0x00000000c2300000| Untracked 
|  36|0x00000000c2400000, 0x00000000c2400000, 0x00000000c2500000|  0%| F|  |TAMS 0x00000000c2400000, 0x00000000c2400000| Untracked 
|  37|0x00000000c2500000, 0x00000000c2500000, 0x00000000c2600000|  0%| F|  |TAMS 0x00000000c2500000, 0x00000000c2500000| Untracked 
|  38|0x00000000c2600000, 0x00000000c2600000, 0x00000000c2700000|  0%| F|  |TAMS 0x00000000c2600000, 0x00000000c2600000| Untracked 
|  39|0x00000000c2700000, 0x00000000c2700000, 0x00000000c2800000|  0%| F|  |TAMS 0x00000000c2700000, 0x00000000c2700000| Untracked 
|  40|0x00000000c2800000, 0x00000000c2800000, 0x00000000c2900000|  0%| F|  |TAMS 0x00000000c2800000, 0x00000000c2800000| Untracked 
|  41|0x00000000c2900000, 0x00000000c2900000, 0x00000000c2a00000|  0%| F|  |TAMS 0x00000000c2900000, 0x00000000c2900000| Untracked 
|  42|0x00000000c2a00000, 0x00000000c2a00000, 0x00000000c2b00000|  0%| F|  |TAMS 0x00000000c2a00000, 0x00000000c2a00000| Untracked 
|  43|0x00000000c2b00000, 0x00000000c2b00000, 0x00000000c2c00000|  0%| F|  |TAMS 0x00000000c2b00000, 0x00000000c2b00000| Untracked 
|  44|0x00000000c2c00000, 0x00000000c2c00000, 0x00000000c2d00000|  0%| F|  |TAMS 0x00000000c2c00000, 0x00000000c2c00000| Untracked 
|  45|0x00000000c2d00000, 0x00000000c2d00000, 0x00000000c2e00000|  0%| F|  |TAMS 0x00000000c2d00000, 0x00000000c2d00000| Untracked 
|  46|0x00000000c2e00000, 0x00000000c2e00000, 0x00000000c2f00000|  0%| F|  |TAMS 0x00000000c2e00000, 0x00000000c2e00000| Untracked 
|  47|0x00000000c2f00000, 0x00000000c2f00000, 0x00000000c3000000|  0%| F|  |TAMS 0x00000000c2f00000, 0x00000000c2f00000| Untracked 
|  48|0x00000000c3000000, 0x00000000c3000000, 0x00000000c3100000|  0%| F|  |TAMS 0x00000000c3000000, 0x00000000c3000000| Untracked 
|  49|0x00000000c3100000, 0x00000000c3100000, 0x00000000c3200000|  0%| F|  |TAMS 0x00000000c3100000, 0x00000000c3100000| Untracked 
|  50|0x00000000c3200000, 0x00000000c3200000, 0x00000000c3300000|  0%| F|  |TAMS 0x00000000c3200000, 0x00000000c3200000| Untracked 
|  51|0x00000000c3300000, 0x00000000c3300000, 0x00000000c3400000|  0%| F|  |TAMS 0x00000000c3300000, 0x00000000c3300000| Untracked 
|  52|0x00000000c3400000, 0x00000000c3400000, 0x00000000c3500000|  0%| F|  |TAMS 0x00000000c3400000, 0x00000000c3400000| Untracked 
|  53|0x00000000c3500000, 0x00000000c3500000, 0x00000000c3600000|  0%| F|  |TAMS 0x00000000c3500000, 0x00000000c3500000| Untracked 
|  54|0x00000000c3600000, 0x00000000c3600000, 0x00000000c3700000|  0%| F|  |TAMS 0x00000000c3600000, 0x00000000c3600000| Untracked 
|  55|0x00000000c3700000, 0x00000000c3700000, 0x00000000c3800000|  0%| F|  |TAMS 0x00000000c3700000, 0x00000000c3700000| Untracked 
|  56|0x00000000c3800000, 0x00000000c3800000, 0x00000000c3900000|  0%| F|  |TAMS 0x00000000c3800000, 0x00000000c3800000| Untracked 
|  57|0x00000000c3900000, 0x00000000c3900000, 0x00000000c3a00000|  0%| F|  |TAMS 0x00000000c3900000, 0x00000000c3900000| Untracked 
|  58|0x00000000c3a00000, 0x00000000c3a00000, 0x00000000c3b00000|  0%| F|  |TAMS 0x00000000c3a00000, 0x00000000c3a00000| Untracked 
|  59|0x00000000c3b00000, 0x00000000c3b00000, 0x00000000c3c00000|  0%| F|  |TAMS 0x00000000c3b00000, 0x00000000c3b00000| Untracked 
|  60|0x00000000c3c00000, 0x00000000c3c00000, 0x00000000c3d00000|  0%| F|  |TAMS 0x00000000c3c00000, 0x00000000c3c00000| Untracked 
|  61|0x00000000c3d00000, 0x00000000c3d00000, 0x00000000c3e00000|  0%| F|  |TAMS 0x00000000c3d00000, 0x00000000c3d00000| Untracked 
|  62|0x00000000c3e00000, 0x00000000c3e00000, 0x00000000c3f00000|  0%| F|  |TAMS 0x00000000c3e00000, 0x00000000c3e00000| Untracked 
|  63|0x00000000c3f00000, 0x00000000c3f00000, 0x00000000c4000000|  0%| F|  |TAMS 0x00000000c3f00000, 0x00000000c3f00000| Untracked 
|  64|0x00000000c4000000, 0x00000000c4000000, 0x00000000c4100000|  0%| F|  |TAMS 0x00000000c4000000, 0x00000000c4000000| Untracked 
|  65|0x00000000c4100000, 0x00000000c4100000, 0x00000000c4200000|  0%| F|  |TAMS 0x00000000c4100000, 0x00000000c4100000| Untracked 
|  66|0x00000000c4200000, 0x00000000c4200000, 0x00000000c4300000|  0%| F|  |TAMS 0x00000000c4200000, 0x00000000c4200000| Untracked 
|  67|0x00000000c4300000, 0x00000000c4300000, 0x00000000c4400000|  0%| F|  |TAMS 0x00000000c4300000, 0x00000000c4300000| Untracked 
|  68|0x00000000c4400000, 0x00000000c4400000, 0x00000000c4500000|  0%| F|  |TAMS 0x00000000c4400000, 0x00000000c4400000| Untracked 
|  69|0x00000000c4500000, 0x00000000c4500000, 0x00000000c4600000|  0%| F|  |TAMS 0x00000000c4500000, 0x00000000c4500000| Untracked 
| 205|0x00000000ccd00000, 0x00000000ccd00000, 0x00000000cce00000|  0%| F|  |TAMS 0x00000000ccd00000, 0x00000000ccd00000| Untracked 
| 206|0x00000000cce00000, 0x00000000cce00000, 0x00000000ccf00000|  0%| F|  |TAMS 0x00000000cce00000, 0x00000000cce00000| Untracked 
| 207|0x00000000ccf00000, 0x00000000ccf00000, 0x00000000cd000000|  0%| F|  |TAMS 0x00000000ccf00000, 0x00000000ccf00000| Untracked 
| 208|0x00000000cd000000, 0x00000000cd000000, 0x00000000cd100000|  0%| F|  |TAMS 0x00000000cd000000, 0x00000000cd000000| Untracked 
| 209|0x00000000cd100000, 0x00000000cd100000, 0x00000000cd200000|  0%| F|  |TAMS 0x00000000cd100000, 0x00000000cd100000| Untracked 
| 250|0x00000000cfa00000, 0x00000000cfa00000, 0x00000000cfb00000|  0%| F|  |TAMS 0x00000000cfa00000, 0x00000000cfa00000| Untracked 
| 251|0x00000000cfb00000, 0x00000000cfb27b08, 0x00000000cfc00000| 15%| E|  |TAMS 0x00000000cfb00000, 0x00000000cfb00000| Complete 

Card table byte_map: [0x0000017dc0d00000,0x0000017dc0f00000] _byte_map_base: 0x0000017dc0700000

Marking Bits (Prev, Next): (CMBitMap*) 0x0000017dbb0b5fd0, (CMBitMap*) 0x0000017dbb0b5f90
 Prev Bits: [0x0000017dc2100000, 0x0000017dc3100000)
 Next Bits: [0x0000017dc1100000, 0x0000017dc2100000)

Polling page: 0x0000017dba820000

Metaspace:

Usage:
  Non-class:     34.04 MB used.
      Class:      4.91 MB used.
       Both:     38.94 MB used.

Virtual space:
  Non-class space:       64.00 MB reserved,      34.38 MB ( 54%) committed,  1 nodes.
      Class space:        1.00 GB reserved,       5.12 MB ( <1%) committed,  1 nodes.
             Both:        1.06 GB reserved,      39.50 MB (  4%) committed. 

Chunk freelists:
   Non-Class:  12.98 MB
       Class:  10.89 MB
        Both:  23.86 MB

MaxMetaspaceSize: unlimited
CompressedClassSpaceSize: 1.00 GB
Initial GC threshold: 21.00 MB
Current GC threshold: 65.88 MB
CDS: off
MetaspaceReclaimPolicy: balanced
 - commit_granule_bytes: 65536.
 - commit_granule_words: 8192.
 - virtual_space_node_default_size: 8388608.
 - enlarge_chunks_in_place: 1.
 - new_chunks_are_fully_committed: 0.
 - uncommit_free_chunks: 1.
 - use_allocation_guard: 0.
 - handle_deallocations: 1.


Internal statistics:

num_allocs_failed_limit: 6.
num_arena_births: 482.
num_arena_deaths: 138.
num_vsnodes_births: 2.
num_vsnodes_deaths: 0.
num_space_committed: 631.
num_space_uncommitted: 0.
num_chunks_returned_to_freelist: 161.
num_chunks_taken_from_freelist: 1670.
num_chunk_merges: 49.
num_chunk_splits: 1152.
num_chunks_enlarged: 876.
num_inconsistent_stats: 0.

CodeCache: size=49152Kb used=6709Kb max_used=7826Kb free=42442Kb
 bounds [0x0000017dbdd00000, 0x0000017dbe4b0000, 0x0000017dc0d00000]
 total_blobs=4133 nmethods=3587 adapters=473
 compilation: enabled
              stopped_count=0, restarted_count=0
 full_count=0

Compilation events (20 events):
Event: 3.043 Thread 0x0000017dc578b490 3576       1       com.google.gson.stream.JsonWriter::replaceTop (13 bytes)
Event: 3.043 Thread 0x0000017dc59b0010 3577       1       com.google.gson.internal.bind.TypeAdapters$15::write (10 bytes)
Event: 3.043 Thread 0x0000017dc578b490 nmethod 3576 0x0000017dbe4a2a10 code [0x0000017dbe4a2ba0, 0x0000017dbe4a2c98]
Event: 3.043 Thread 0x0000017dc59b4990 3578       1       com.google.gson.internal.bind.TypeAdapters$15::write (7 bytes)
Event: 3.043 Thread 0x0000017dc59b4990 nmethod 3578 0x0000017dbe4a2d90 code [0x0000017dbe4a2f60, 0x0000017dbe4a3148]
Event: 3.043 Thread 0x0000017dc59b0010 nmethod 3577 0x0000017dbe4a3290 code [0x0000017dbe4a3460, 0x0000017dbe4a3688]
Event: 3.044 Thread 0x0000017dc59b0010 3579       1       java.util.List::of (9 bytes)
Event: 3.044 Thread 0x0000017dc59b0010 nmethod 3579 0x0000017dbe4a3810 code [0x0000017dbe4a39c0, 0x0000017dbe4a3c28]
Event: 3.049 Thread 0x0000017dc59b0010 3580       1       com.google.common.base.Preconditions::checkNotNull (14 bytes)
Event: 3.050 Thread 0x0000017dc59b0010 nmethod 3580 0x0000017dbe4a3d10 code [0x0000017dbe4a3ea0, 0x0000017dbe4a3fc8]
Event: 3.050 Thread 0x0000017dc59b0010 3581       1       java.lang.reflect.Field::get (29 bytes)
Event: 3.050 Thread 0x0000017dc578b490 3582       1       com.google.gson.stream.JsonWriter::name (46 bytes)
Event: 3.050 Thread 0x0000017dc578b490 nmethod 3582 0x0000017dbe4a4090 code [0x0000017dbe4a4260, 0x0000017dbe4a4568]
Event: 3.050 Thread 0x0000017dc59b0010 nmethod 3581 0x0000017dbe4a4690 code [0x0000017dbe4a4860, 0x0000017dbe4a4a58]
Event: 12.829 Thread 0x0000017dc578b490 3583       1       java.util.ArrayList::<init> (63 bytes)
Event: 12.829 Thread 0x0000017dc578b490 nmethod 3583 0x0000017dbdea6310 code [0x0000017dbdea64e0, 0x0000017dbdea67b8]
Event: 42.921 Thread 0x0000017dc578b490 3584   !   1       java.lang.invoke.BoundMethodHandle$Species_L::copyWithExtendL (31 bytes)
Event: 42.921 Thread 0x0000017dc578b490 nmethod 3584 0x0000017dbdea5b10 code [0x0000017dbdea5d00, 0x0000017dbdea6088]
Event: 42.921 Thread 0x0000017dc578b490 3585       1       java.lang.invoke.MethodHandles::argumentsWithCombinerChecks (197 bytes)
Event: 42.922 Thread 0x0000017dc578b490 nmethod 3585 0x0000017dbdea4790 code [0x0000017dbdea4a80, 0x0000017dbdea53f8]

GC Heap History (20 events):
Event: 74.482 GC heap before
{Heap before GC invocations=13 (full 3):
 garbage-first heap   total 78848K, used 24952K [0x00000000c0000000, 0x0000000100000000)
  region size 1024K, 1 young (1024K), 0 survivors (0K)
 Metaspace       used 39879K, committed 40448K, reserved 1114112K
  class space    used 5025K, committed 5248K, reserved 1048576K
}
Event: 74.504 GC heap after
{Heap after GC invocations=14 (full 4):
 garbage-first heap   total 78848K, used 24952K [0x00000000c0000000, 0x0000000100000000)
  region size 1024K, 0 young (0K), 0 survivors (0K)
 Metaspace       used 39879K, committed 40448K, reserved 1114112K
  class space    used 5025K, committed 5248K, reserved 1048576K
}
Event: 84.933 GC heap before
{Heap before GC invocations=14 (full 4):
 garbage-first heap   total 78848K, used 24952K [0x00000000c0000000, 0x0000000100000000)
  region size 1024K, 1 young (1024K), 0 survivors (0K)
 Metaspace       used 39879K, committed 40448K, reserved 1114112K
  class space    used 5025K, committed 5248K, reserved 1048576K
}
Event: 84.957 GC heap after
{Heap after GC invocations=15 (full 5):
 garbage-first heap   total 78848K, used 24952K [0x00000000c0000000, 0x0000000100000000)
  region size 1024K, 0 young (0K), 0 survivors (0K)
 Metaspace       used 39879K, committed 40448K, reserved 1114112K
  class space    used 5025K, committed 5248K, reserved 1048576K
}
Event: 95.271 GC heap before
{Heap before GC invocations=15 (full 5):
 garbage-first heap   total 78848K, used 24952K [0x00000000c0000000, 0x0000000100000000)
  region size 1024K, 1 young (1024K), 0 survivors (0K)
 Metaspace       used 39879K, committed 40448K, reserved 1114112K
  class space    used 5025K, committed 5248K, reserved 1048576K
}
Event: 95.290 GC heap after
{Heap after GC invocations=16 (full 6):
 garbage-first heap   total 78848K, used 24952K [0x00000000c0000000, 0x0000000100000000)
  region size 1024K, 0 young (0K), 0 survivors (0K)
 Metaspace       used 39879K, committed 40448K, reserved 1114112K
  class space    used 5025K, committed 5248K, reserved 1048576K
}
Event: 105.461 GC heap before
{Heap before GC invocations=16 (full 6):
 garbage-first heap   total 78848K, used 24952K [0x00000000c0000000, 0x0000000100000000)
  region size 1024K, 1 young (1024K), 0 survivors (0K)
 Metaspace       used 39879K, committed 40448K, reserved 1114112K
  class space    used 5025K, committed 5248K, reserved 1048576K
}
Event: 105.479 GC heap after
{Heap after GC invocations=17 (full 7):
 garbage-first heap   total 78848K, used 24952K [0x00000000c0000000, 0x0000000100000000)
  region size 1024K, 0 young (0K), 0 survivors (0K)
 Metaspace       used 39879K, committed 40448K, reserved 1114112K
  class space    used 5025K, committed 5248K, reserved 1048576K
}
Event: 115.720 GC heap before
{Heap before GC invocations=17 (full 7):
 garbage-first heap   total 78848K, used 24952K [0x00000000c0000000, 0x0000000100000000)
  region size 1024K, 1 young (1024K), 0 survivors (0K)
 Metaspace       used 39879K, committed 40448K, reserved 1114112K
  class space    used 5025K, committed 5248K, reserved 1048576K
}
Event: 115.742 GC heap after
{Heap after GC invocations=18 (full 8):
 garbage-first heap   total 78848K, used 24952K [0x00000000c0000000, 0x0000000100000000)
  region size 1024K, 0 young (0K), 0 survivors (0K)
 Metaspace       used 39879K, committed 40448K, reserved 1114112K
  class space    used 5025K, committed 5248K, reserved 1048576K
}
Event: 125.900 GC heap before
{Heap before GC invocations=18 (full 8):
 garbage-first heap   total 78848K, used 24952K [0x00000000c0000000, 0x0000000100000000)
  region size 1024K, 1 young (1024K), 0 survivors (0K)
 Metaspace       used 39879K, committed 40448K, reserved 1114112K
  class space    used 5025K, committed 5248K, reserved 1048576K
}
Event: 125.920 GC heap after
{Heap after GC invocations=19 (full 9):
 garbage-first heap   total 78848K, used 24952K [0x00000000c0000000, 0x0000000100000000)
  region size 1024K, 0 young (0K), 0 survivors (0K)
 Metaspace       used 39879K, committed 40448K, reserved 1114112K
  class space    used 5025K, committed 5248K, reserved 1048576K
}
Event: 136.117 GC heap before
{Heap before GC invocations=19 (full 9):
 garbage-first heap   total 78848K, used 24952K [0x00000000c0000000, 0x0000000100000000)
  region size 1024K, 1 young (1024K), 0 survivors (0K)
 Metaspace       used 39879K, committed 40448K, reserved 1114112K
  class space    used 5025K, committed 5248K, reserved 1048576K
}
Event: 136.138 GC heap after
{Heap after GC invocations=20 (full 10):
 garbage-first heap   total 78848K, used 24952K [0x00000000c0000000, 0x0000000100000000)
  region size 1024K, 0 young (0K), 0 survivors (0K)
 Metaspace       used 39879K, committed 40448K, reserved 1114112K
  class space    used 5025K, committed 5248K, reserved 1048576K
}
Event: 146.319 GC heap before
{Heap before GC invocations=20 (full 10):
 garbage-first heap   total 78848K, used 24952K [0x00000000c0000000, 0x0000000100000000)
  region size 1024K, 1 young (1024K), 0 survivors (0K)
 Metaspace       used 39879K, committed 40448K, reserved 1114112K
  class space    used 5025K, committed 5248K, reserved 1048576K
}
Event: 146.337 GC heap after
{Heap after GC invocations=21 (full 11):
 garbage-first heap   total 78848K, used 24952K [0x00000000c0000000, 0x0000000100000000)
  region size 1024K, 0 young (0K), 0 survivors (0K)
 Metaspace       used 39879K, committed 40448K, reserved 1114112K
  class space    used 5025K, committed 5248K, reserved 1048576K
}
Event: 156.497 GC heap before
{Heap before GC invocations=21 (full 11):
 garbage-first heap   total 78848K, used 24952K [0x00000000c0000000, 0x0000000100000000)
  region size 1024K, 1 young (1024K), 0 survivors (0K)
 Metaspace       used 39879K, committed 40448K, reserved 1114112K
  class space    used 5025K, committed 5248K, reserved 1048576K
}
Event: 156.517 GC heap after
{Heap after GC invocations=22 (full 12):
 garbage-first heap   total 78848K, used 24952K [0x00000000c0000000, 0x0000000100000000)
  region size 1024K, 0 young (0K), 0 survivors (0K)
 Metaspace       used 39879K, committed 40448K, reserved 1114112K
  class space    used 5025K, committed 5248K, reserved 1048576K
}
Event: 166.726 GC heap before
{Heap before GC invocations=22 (full 12):
 garbage-first heap   total 78848K, used 24952K [0x00000000c0000000, 0x0000000100000000)
  region size 1024K, 1 young (1024K), 0 survivors (0K)
 Metaspace       used 39879K, committed 40448K, reserved 1114112K
  class space    used 5025K, committed 5248K, reserved 1048576K
}
Event: 166.748 GC heap after
{Heap after GC invocations=23 (full 13):
 garbage-first heap   total 78848K, used 24952K [0x00000000c0000000, 0x0000000100000000)
  region size 1024K, 0 young (0K), 0 survivors (0K)
 Metaspace       used 39879K, committed 40448K, reserved 1114112K
  class space    used 5025K, committed 5248K, reserved 1048576K
}

Dll operation events (8 events):
Event: 0.008 Loaded shared library c:\Users\alavudheen.e\.vscode\extensions\redhat.java-1.33.0-win32-x64\jre\17.0.11-win32-x86_64\bin\java.dll
Event: 0.204 Loaded shared library C:\Users\alavudheen.e\.vscode\extensions\redhat.java-1.33.0-win32-x64\jre\17.0.11-win32-x86_64\bin\net.dll
Event: 0.207 Loaded shared library C:\Users\alavudheen.e\.vscode\extensions\redhat.java-1.33.0-win32-x64\jre\17.0.11-win32-x86_64\bin\nio.dll
Event: 0.215 Loaded shared library C:\Users\alavudheen.e\.vscode\extensions\redhat.java-1.33.0-win32-x64\jre\17.0.11-win32-x86_64\bin\zip.dll
Event: 0.401 Loaded shared library C:\Users\alavudheen.e\.vscode\extensions\redhat.java-1.33.0-win32-x64\jre\17.0.11-win32-x86_64\bin\jimage.dll
Event: 1.329 Loaded shared library c:\Users\alavudheen.e\.vscode\extensions\redhat.java-1.33.0-win32-x64\jre\17.0.11-win32-x86_64\bin\verify.dll
Event: 2.886 Loaded shared library C:\Users\alavudheen.e\.vscode\extensions\redhat.java-1.33.0-win32-x64\jre\17.0.11-win32-x86_64\bin\management.dll
Event: 2.888 Loaded shared library C:\Users\alavudheen.e\.vscode\extensions\redhat.java-1.33.0-win32-x64\jre\17.0.11-win32-x86_64\bin\management_ext.dll

Deoptimization events (0 events):
No events

Classes unloaded (20 events):
Event: 63.550 Thread 0x0000017dc57486e0 Unloading class 0x0000000100094800 'java/lang/invoke/LambdaForm$MH+0x0000000100094800'
Event: 63.550 Thread 0x0000017dc57486e0 Unloading class 0x0000000100094400 'java/lang/invoke/LambdaForm$MH+0x0000000100094400'
Event: 63.550 Thread 0x0000017dc57486e0 Unloading class 0x000000010008e800 'java/lang/invoke/LambdaForm$MH+0x000000010008e800'
Event: 63.550 Thread 0x0000017dc57486e0 Unloading class 0x000000010008e400 'java/lang/invoke/LambdaForm$MH+0x000000010008e400'
Event: 63.550 Thread 0x0000017dc57486e0 Unloading class 0x000000010008e000 'java/lang/invoke/LambdaForm$MH+0x000000010008e000'
Event: 63.550 Thread 0x0000017dc57486e0 Unloading class 0x000000010008dc00 'java/lang/invoke/LambdaForm$MH+0x000000010008dc00'
Event: 63.550 Thread 0x0000017dc57486e0 Unloading class 0x000000010008d800 'java/lang/invoke/LambdaForm$MH+0x000000010008d800'
Event: 63.550 Thread 0x0000017dc57486e0 Unloading class 0x000000010008d400 'java/lang/invoke/LambdaForm$MH+0x000000010008d400'
Event: 63.550 Thread 0x0000017dc57486e0 Unloading class 0x000000010008cc00 'java/lang/invoke/LambdaForm$MH+0x000000010008cc00'
Event: 63.550 Thread 0x0000017dc57486e0 Unloading class 0x000000010008c800 'java/lang/invoke/LambdaForm$MH+0x000000010008c800'
Event: 63.550 Thread 0x0000017dc57486e0 Unloading class 0x000000010008c000 'java/lang/invoke/LambdaForm$MH+0x000000010008c000'
Event: 63.550 Thread 0x0000017dc57486e0 Unloading class 0x000000010008bc00 'java/lang/invoke/LambdaForm$MH+0x000000010008bc00'
Event: 63.550 Thread 0x0000017dc57486e0 Unloading class 0x000000010008ac00 'java/lang/invoke/LambdaForm$MH+0x000000010008ac00'
Event: 63.550 Thread 0x0000017dc57486e0 Unloading class 0x000000010008a400 'java/lang/invoke/LambdaForm$MH+0x000000010008a400'
Event: 63.550 Thread 0x0000017dc57486e0 Unloading class 0x000000010008a000 'java/lang/invoke/LambdaForm$MH+0x000000010008a000'
Event: 63.550 Thread 0x0000017dc57486e0 Unloading class 0x0000000100089c00 'java/lang/invoke/LambdaForm$MH+0x0000000100089c00'
Event: 63.550 Thread 0x0000017dc57486e0 Unloading class 0x0000000100089800 'java/lang/invoke/LambdaForm$MH+0x0000000100089800'
Event: 63.550 Thread 0x0000017dc57486e0 Unloading class 0x0000000100089400 'java/lang/invoke/LambdaForm$MH+0x0000000100089400'
Event: 63.550 Thread 0x0000017dc57486e0 Unloading class 0x0000000100088c00 'java/lang/invoke/LambdaForm$MH+0x0000000100088c00'
Event: 63.550 Thread 0x0000017dc57486e0 Unloading class 0x0000000100088400 'java/lang/invoke/LambdaForm$MH+0x0000000100088400'

Classes redefined (0 events):
No events

Internal exceptions (20 events):
Event: 2.134 Thread 0x0000017dbb079f80 Exception <a 'java/lang/NoSuchMethodError'{0x00000000c4308170}: 'int java.lang.invoke.Invokers$Holder.linkToTargetMethod(java.lang.Object, java.lang.Object)'> (0x00000000c4308170) 
thrown [s\src\hotspot\share\interpreter\linkResolver.cpp, line 759]
Event: 2.146 Thread 0x0000017dbb079f80 Exception <a 'java/lang/NoSuchMethodError'{0x00000000c43f96f8}: 'java.lang.Object java.lang.invoke.DirectMethodHandle$Holder.invokeSpecial(java.lang.Object, java.lang.Object, java.lang.Object, java.lang.Object, java.lang.Object, java.lang.Object, java.lang.Object, java.lang.Object, java.lang.Object, java.lang.Object)'> (0x00000000c43f96f8) 
thrown [s\src\hotspot\share\interpreter\linkResolver.cpp, line 759]
Event: 2.146 Thread 0x0000017dbb079f80 Exception <a 'java/lang/NoSuchMethodError'{0x00000000c43fdce0}: 'java.lang.Object java.lang.invoke.Invokers$Holder.invoke_MT(java.lang.Object, java.lang.Object, java.lang.Object, java.lang.Object, java.lang.Object, java.lang.Object, java.lang.Object, java.lang.Object, java.lang.Object, java.lang.Object)'> (0x00000000c43fdce0) 
thrown [s\src\hotspot\share\interpreter\linkResolver.cpp, line 759]
Event: 2.149 Thread 0x0000017dbb079f80 Exception <a 'java/lang/NoSuchMethodError'{0x00000000c4245f30}: 'java.lang.Object java.lang.invoke.DirectMethodHandle$Holder.invokeSpecial(java.lang.Object, java.lang.Object, int, java.lang.Object, java.lang.Object)'> (0x00000000c4245f30) 
thrown [s\src\hotspot\share\interpreter\linkResolver.cpp, line 759]
Event: 2.149 Thread 0x0000017dbb079f80 Exception <a 'java/lang/NoSuchMethodError'{0x00000000c4249bd8}: 'java.lang.Object java.lang.invoke.DelegatingMethodHandle$Holder.delegate(java.lang.Object, int, java.lang.Object, java.lang.Object)'> (0x00000000c4249bd8) 
thrown [s\src\hotspot\share\interpreter\linkResolver.cpp, line 759]
Event: 2.150 Thread 0x0000017dbb079f80 Exception <a 'java/lang/NoSuchMethodError'{0x00000000c425aa60}: 'int java.lang.invoke.Invokers$Holder.linkToTargetMethod(java.lang.Object, java.lang.Object, java.lang.Object)'> (0x00000000c425aa60) 
thrown [s\src\hotspot\share\interpreter\linkResolver.cpp, line 759]
Event: 2.223 Thread 0x0000017dbb079f80 Exception <a 'java/lang/NoSuchMethodError'{0x00000000c3d05df8}: 'java.lang.Object java.lang.invoke.DirectMethodHandle$Holder.invokeStaticInit(java.lang.Object, int, int, int, int)'> (0x00000000c3d05df8) 
thrown [s\src\hotspot\share\interpreter\linkResolver.cpp, line 759]
Event: 2.278 Thread 0x0000017dbb079f80 Exception <a 'java/lang/NoSuchMethodError'{0x00000000c3d404d0}: 'java.lang.Object java.lang.invoke.DirectMethodHandle$Holder.invokeStaticInit(java.lang.Object, java.lang.Object, int, int, int, int)'> (0x00000000c3d404d0) 
thrown [s\src\hotspot\share\interpreter\linkResolver.cpp, line 759]
Event: 2.385 Thread 0x0000017dbb079f80 Exception <a 'java/lang/NoSuchMethodError'{0x00000000c35cda88}: 'void java.lang.invoke.DirectMethodHandle$Holder.invokeSpecialIFC(java.lang.Object, java.lang.Object, java.lang.Object)'> (0x00000000c35cda88) 
thrown [s\src\hotspot\share\interpreter\linkResolver.cpp, line 759]
Event: 2.636 Thread 0x0000017dbb079f80 Exception <a 'java/lang/NoSuchMethodError'{0x00000000c3a1b3c0}: 'int java.lang.invoke.DirectMethodHandle$Holder.invokeStaticInit(java.lang.Object, java.lang.Object, int, java.lang.Object)'> (0x00000000c3a1b3c0) 
thrown [s\src\hotspot\share\interpreter\linkResolver.cpp, line 759]
Event: 2.669 Thread 0x0000017dbb079f80 Exception <a 'java/lang/NoSuchMethodError'{0x00000000c3950650}: 'void java.lang.invoke.DirectMethodHandle$Holder.invokeSpecial(java.lang.Object, java.lang.Object, java.lang.Object, java.lang.Object, java.lang.Object, java.lang.Object, java.lang.Object)'> (0x00000000c3950650) 
thrown [s\src\hotspot\share\interpreter\linkResolver.cpp, line 759]
Event: 2.785 Thread 0x0000017dbb079f80 Exception <a 'java/lang/NoSuchMethodError'{0x00000000ccfb04c0}: 'java.lang.Object java.lang.invoke.DirectMethodHandle$Holder.invokeInterface(java.lang.Object, java.lang.Object, int)'> (0x00000000ccfb04c0) 
thrown [s\src\hotspot\share\interpreter\linkResolver.cpp, line 759]
Event: 2.786 Thread 0x0000017dbb079f80 Exception <a 'java/lang/IncompatibleClassChangeError'{0x00000000ccfc7388}: Found class java.lang.Object, but interface was expected> (0x00000000ccfc7388) 
thrown [s\src\hotspot\share\interpreter\linkResolver.cpp, line 826]
Event: 2.880 Thread 0x0000017dbb079f80 Exception <a 'java/lang/NoSuchMethodError'{0x00000000c42ec1b8}: 'java.lang.Object java.lang.invoke.DirectMethodHandle$Holder.newInvokeSpecial(java.lang.Object, java.lang.Object, int, java.lang.Object, java.lang.Object)'> (0x00000000c42ec1b8) 
thrown [s\src\hotspot\share\interpreter\linkResolver.cpp, line 759]
Event: 2.881 Thread 0x0000017dbb079f80 Exception <a 'java/lang/NoSuchMethodError'{0x00000000c4103290}: 'java.lang.Object java.lang.invoke.DirectMethodHandle$Holder.newInvokeSpecial(java.lang.Object, java.lang.Object, java.lang.Object, int)'> (0x00000000c4103290) 
thrown [s\src\hotspot\share\interpreter\linkResolver.cpp, line 759]
Event: 2.881 Thread 0x0000017dbb079f80 Exception <a 'java/lang/NoSuchMethodError'{0x00000000c4107578}: 'java.lang.Object java.lang.invoke.DirectMethodHandle$Holder.invokeSpecial(java.lang.Object, java.lang.Object, java.lang.Object, java.lang.Object, int)'> (0x00000000c4107578) 
thrown [s\src\hotspot\share\interpreter\linkResolver.cpp, line 759]
Event: 2.882 Thread 0x0000017dbb079f80 Exception <a 'java/lang/NoSuchMethodError'{0x00000000c410b140}: 'java.lang.Object java.lang.invoke.Invokers$Holder.linkToTargetMethod(java.lang.Object, java.lang.Object, int, java.lang.Object)'> (0x00000000c410b140) 
thrown [s\src\hotspot\share\interpreter\linkResolver.cpp, line 759]
Event: 3.039 Thread 0x0000017dcb734530 Exception <a 'java/lang/NoSuchMethodError'{0x00000000c34f68a0}: 'java.lang.Object java.lang.invoke.DirectMethodHandle$Holder.invokeStatic(java.lang.Object, int, java.lang.Object)'> (0x00000000c34f68a0) 
thrown [s\src\hotspot\share\interpreter\linkResolver.cpp, line 759]
Event: 42.928 Thread 0x0000017dcb51a8f0 Exception <a 'java/lang/NoSuchMethodError'{0x00000000c4282aa8}: 'void java.lang.invoke.DirectMethodHandle$Holder.invokeStatic(java.lang.Object, long)'> (0x00000000c4282aa8) 
thrown [s\src\hotspot\share\interpreter\linkResolver.cpp, line 759]
Event: 42.928 Thread 0x0000017dcb51a8f0 Exception <a 'java/lang/NoSuchMethodError'{0x00000000c4287e50}: 'java.lang.Object java.lang.invoke.DirectMethodHandle$Holder.newInvokeSpecial(java.lang.Object, long)'> (0x00000000c4287e50) 
thrown [s\src\hotspot\share\interpreter\linkResolver.cpp, line 759]

VM Operations (20 events):
Event: 74.504 Executing VM operation: G1CollectFull done
Event: 84.933 Executing VM operation: G1CollectFull
Event: 84.957 Executing VM operation: G1CollectFull done
Event: 95.271 Executing VM operation: G1CollectFull
Event: 95.290 Executing VM operation: G1CollectFull done
Event: 105.460 Executing VM operation: G1CollectFull
Event: 105.479 Executing VM operation: G1CollectFull done
Event: 115.720 Executing VM operation: G1CollectFull
Event: 115.742 Executing VM operation: G1CollectFull done
Event: 125.900 Executing VM operation: G1CollectFull
Event: 125.920 Executing VM operation: G1CollectFull done
Event: 136.117 Executing VM operation: G1CollectFull
Event: 136.138 Executing VM operation: G1CollectFull done
Event: 146.318 Executing VM operation: G1CollectFull
Event: 146.337 Executing VM operation: G1CollectFull done
Event: 156.497 Executing VM operation: G1CollectFull
Event: 156.517 Executing VM operation: G1CollectFull done
Event: 166.725 Executing VM operation: G1CollectFull
Event: 166.748 Executing VM operation: G1CollectFull done
Event: 176.775 Executing VM operation: G1CollectFull

Events (20 events):
Event: 3.048 loading class java/util/concurrent/ForkJoinWorkerThread
Event: 3.048 loading class java/util/concurrent/ForkJoinWorkerThread done
Event: 3.049 loading class java/util/concurrent/ConcurrentHashMap$ValueSpliterator
Event: 3.049 loading class java/util/concurrent/ConcurrentHashMap$ValueSpliterator done
Event: 3.050 loading class java/util/concurrent/CompletableFuture$UniRelay
Event: 3.051 loading class java/util/concurrent/CompletableFuture$UniRelay done
Event: 8.048 Thread 0x0000017dc59b4990 Thread exited: 0x0000017dc59b4990
Event: 8.048 Thread 0x0000017dc59b0010 Thread exited: 0x0000017dc59b0010
Event: 42.921 loading class java/lang/ProcessBuilder
Event: 42.921 loading class java/lang/ProcessBuilder done
Event: 42.921 loading class java/lang/ProcessImpl
Event: 42.922 loading class java/lang/ProcessImpl done
Event: 42.928 loading class java/lang/ProcessImpl$2
Event: 42.928 loading class java/lang/ProcessImpl$2 done
Event: 42.928 loading class java/lang/Process$PipeInputStream
Event: 42.928 loading class java/lang/Process$PipeInputStream done
Event: 42.929 loading class jdk/internal/event/ProcessStartEvent
Event: 42.929 loading class jdk/internal/event/ProcessStartEvent done
Event: 43.114 loading class java/io/FileOutputStream$1
Event: 43.114 loading class java/io/FileOutputStream$1 done


Dynamic libraries:
0x00007ff695730000 - 0x00007ff69573e000 	c:\Users\alavudheen.e\.vscode\extensions\redhat.java-1.33.0-win32-x64\jre\17.0.11-win32-x86_64\bin\java.exe
0x00007ffa59190000 - 0x00007ffa59388000 	C:\WINDOWS\SYSTEM32\ntdll.dll
0x00007ffa58280000 - 0x00007ffa5833d000 	C:\WINDOWS\System32\KERNEL32.DLL
0x00007ffa56850000 - 0x00007ffa56b46000 	C:\WINDOWS\System32\KERNELBASE.dll
0x00007ffa50a70000 - 0x00007ffa50b00000 	C:\WINDOWS\SYSTEM32\apphelp.dll
0x00007ffa56d30000 - 0x00007ffa56e30000 	C:\WINDOWS\System32\ucrtbase.dll
0x00007ffa3bf30000 - 0x00007ffa3bf4b000 	c:\Users\alavudheen.e\.vscode\extensions\redhat.java-1.33.0-win32-x64\jre\17.0.11-win32-x86_64\bin\VCRUNTIME140.dll
0x00007ffa42fd0000 - 0x00007ffa42fe7000 	c:\Users\alavudheen.e\.vscode\extensions\redhat.java-1.33.0-win32-x64\jre\17.0.11-win32-x86_64\bin\jli.dll
0x00007ffa589e0000 - 0x00007ffa58b7f000 	C:\WINDOWS\System32\USER32.dll
0x00007ffa56c70000 - 0x00007ffa56c92000 	C:\WINDOWS\System32\win32u.dll
0x00007ffa589b0000 - 0x00007ffa589db000 	C:\WINDOWS\System32\GDI32.dll
0x00007ffa56b50000 - 0x00007ffa56c67000 	C:\WINDOWS\System32\gdi32full.dll
0x00007ffa57030000 - 0x00007ffa570cd000 	C:\WINDOWS\System32\msvcp_win.dll
0x00007ffa3e870000 - 0x00007ffa3eb0a000 	C:\WINDOWS\WinSxS\amd64_microsoft.windows.common-controls_6595b64144ccf1df_6.0.19041.4355_none_60b8b9eb71f62e16\COMCTL32.dll
0x00007ffa57780000 - 0x00007ffa5781e000 	C:\WINDOWS\System32\msvcrt.dll
0x00007ffa58ff0000 - 0x00007ffa5901f000 	C:\WINDOWS\System32\IMM32.DLL
0x00007ffa42bf0000 - 0x00007ffa42bfc000 	c:\Users\alavudheen.e\.vscode\extensions\redhat.java-1.33.0-win32-x64\jre\17.0.11-win32-x86_64\bin\vcruntime140_1.dll
0x00007ffa0c7d0000 - 0x00007ffa0c85d000 	c:\Users\alavudheen.e\.vscode\extensions\redhat.java-1.33.0-win32-x64\jre\17.0.11-win32-x86_64\bin\msvcp140.dll
0x00007ff95f250000 - 0x00007ff95feb2000 	c:\Users\alavudheen.e\.vscode\extensions\redhat.java-1.33.0-win32-x64\jre\17.0.11-win32-x86_64\bin\server\jvm.dll
0x00007ffa57370000 - 0x00007ffa57420000 	C:\WINDOWS\System32\ADVAPI32.dll
0x00007ffa57420000 - 0x00007ffa574c0000 	C:\WINDOWS\System32\sechost.dll
0x00007ffa574c0000 - 0x00007ffa575e3000 	C:\WINDOWS\System32\RPCRT4.dll
0x00007ffa56e30000 - 0x00007ffa56e57000 	C:\WINDOWS\System32\bcrypt.dll
0x00007ffa55e40000 - 0x00007ffa55e8b000 	C:\WINDOWS\SYSTEM32\POWRPROF.dll
0x00007ffa387f0000 - 0x00007ffa387f9000 	C:\WINDOWS\SYSTEM32\WSOCK32.dll
0x00007ffa58210000 - 0x00007ffa5827b000 	C:\WINDOWS\System32\WS2_32.dll
0x00007ffa47fe0000 - 0x00007ffa48007000 	C:\WINDOWS\SYSTEM32\WINMM.dll
0x00007ffa56280000 - 0x00007ffa5628a000 	C:\WINDOWS\SYSTEM32\VERSION.dll
0x00007ffa558a0000 - 0x00007ffa558b2000 	C:\WINDOWS\SYSTEM32\UMPDC.dll
0x00007ffa54ae0000 - 0x00007ffa54af2000 	C:\WINDOWS\SYSTEM32\kernel.appcore.dll
0x00007ffa42880000 - 0x00007ffa4288a000 	c:\Users\alavudheen.e\.vscode\extensions\redhat.java-1.33.0-win32-x64\jre\17.0.11-win32-x86_64\bin\jimage.dll
0x00007ffa54810000 - 0x00007ffa549f4000 	C:\WINDOWS\SYSTEM32\DBGHELP.DLL
0x00007ffa38d20000 - 0x00007ffa38d54000 	C:\WINDOWS\SYSTEM32\dbgcore.DLL
0x00007ffa56ca0000 - 0x00007ffa56d22000 	C:\WINDOWS\System32\bcryptPrimitives.dll
0x00007ffa1e520000 - 0x00007ffa1e545000 	c:\Users\alavudheen.e\.vscode\extensions\redhat.java-1.33.0-win32-x64\jre\17.0.11-win32-x86_64\bin\java.dll
0x00007ffa1e800000 - 0x00007ffa1e818000 	c:\Users\alavudheen.e\.vscode\extensions\redhat.java-1.33.0-win32-x64\jre\17.0.11-win32-x86_64\bin\zip.dll
0x00007ffa57aa0000 - 0x00007ffa5820c000 	C:\WINDOWS\System32\SHELL32.dll
0x00007ffa53fa0000 - 0x00007ffa5473d000 	C:\WINDOWS\SYSTEM32\windows.storage.dll
0x00007ffa58340000 - 0x00007ffa58693000 	C:\WINDOWS\System32\combase.dll
0x00007ffa55de0000 - 0x00007ffa55e0e000 	C:\WINDOWS\SYSTEM32\Wldp.dll
0x00007ffa59020000 - 0x00007ffa590ed000 	C:\WINDOWS\System32\OLEAUT32.dll
0x00007ffa58740000 - 0x00007ffa587ed000 	C:\WINDOWS\System32\SHCORE.dll
0x00007ffa57310000 - 0x00007ffa57365000 	C:\WINDOWS\System32\shlwapi.dll
0x00007ffa56780000 - 0x00007ffa567a4000 	C:\WINDOWS\SYSTEM32\profapi.dll
0x00007ffa1a290000 - 0x00007ffa1a2a9000 	C:\Users\alavudheen.e\.vscode\extensions\redhat.java-1.33.0-win32-x64\jre\17.0.11-win32-x86_64\bin\net.dll
0x00007ffa4de50000 - 0x00007ffa4df5a000 	C:\WINDOWS\SYSTEM32\WINHTTP.dll
0x00007ffa55bc0000 - 0x00007ffa55c2a000 	C:\WINDOWS\system32\mswsock.dll
0x00007ffa1a270000 - 0x00007ffa1a286000 	C:\Users\alavudheen.e\.vscode\extensions\redhat.java-1.33.0-win32-x64\jre\17.0.11-win32-x86_64\bin\nio.dll
0x00007ffa3e4b0000 - 0x00007ffa3e4c0000 	c:\Users\alavudheen.e\.vscode\extensions\redhat.java-1.33.0-win32-x64\jre\17.0.11-win32-x86_64\bin\verify.dll
0x00007ffa55e20000 - 0x00007ffa55e38000 	C:\WINDOWS\SYSTEM32\CRYPTSP.dll
0x00007ffa554e0000 - 0x00007ffa55514000 	C:\WINDOWS\system32\rsaenh.dll
0x00007ffa566f0000 - 0x00007ffa5671e000 	C:\WINDOWS\SYSTEM32\USERENV.dll
0x00007ffa55d50000 - 0x00007ffa55d5c000 	C:\WINDOWS\SYSTEM32\CRYPTBASE.dll
0x00007ffa558c0000 - 0x00007ffa558fb000 	C:\WINDOWS\SYSTEM32\IPHLPAPI.DLL
0x00007ffa589a0000 - 0x00007ffa589a8000 	C:\WINDOWS\System32\NSI.dll
0x00007ffa4c410000 - 0x00007ffa4c427000 	C:\WINDOWS\SYSTEM32\dhcpcsvc6.DLL
0x00007ffa4c2a0000 - 0x00007ffa4c2bd000 	C:\WINDOWS\SYSTEM32\dhcpcsvc.DLL
0x00007ffa55910000 - 0x00007ffa559da000 	C:\WINDOWS\SYSTEM32\DNSAPI.dll
0x00007ffa3d600000 - 0x00007ffa3d609000 	C:\Users\alavudheen.e\.vscode\extensions\redhat.java-1.33.0-win32-x64\jre\17.0.11-win32-x86_64\bin\management.dll
0x00007ffa3b7f0000 - 0x00007ffa3b7fb000 	C:\Users\alavudheen.e\.vscode\extensions\redhat.java-1.33.0-win32-x64\jre\17.0.11-win32-x86_64\bin\management_ext.dll
0x00007ffa57300000 - 0x00007ffa57308000 	C:\WINDOWS\System32\PSAPI.DLL

dbghelp: loaded successfully - version: 4.0.5 - missing functions: none
symbol engine: initialized successfully - sym options: 0x614 - pdb path: .;c:\Users\alavudheen.e\.vscode\extensions\redhat.java-1.33.0-win32-x64\jre\17.0.11-win32-x86_64\bin;C:\WINDOWS\SYSTEM32;C:\WINDOWS\WinSxS\amd64_microsoft.windows.common-controls_6595b64144ccf1df_6.0.19041.4355_none_60b8b9eb71f62e16;c:\Users\alavudheen.e\.vscode\extensions\redhat.java-1.33.0-win32-x64\jre\17.0.11-win32-x86_64\bin\server

VM Arguments:
jvm_args: -Xmx1024m -Dsts.lsp.client=vscode -Dsts.log.file=/dev/null -XX:TieredStopAtLevel=1 -Xlog:jni+resolve=off -Dspring.config.location=file:c:\Users\alavudheen.e\.vscode\extensions\vmware.vscode-spring-boot-1.56.0\language-server\BOOT-INF\classes\application.properties 
java_command: org.springframework.ide.vscode.boot.app.BootLanguageServerBootApp
java_class_path (initial): c:\Users\alavudheen.e\.vscode\extensions\vmware.vscode-spring-boot-1.56.0\language-server\BOOT-INF\classes;c:\Users\alavudheen.e\.vscode\extensions\vmware.vscode-spring-boot-1.56.0\language-server\BOOT-INF\lib\annotations-24.1.0.jar;c:\Users\alavudheen.e\.vscode\extensions\vmware.vscode-spring-boot-1.56.0\language-server\BOOT-INF\lib\antlr4-runtime-4.13.1.jar;c:\Users\alavudheen.e\.vscode\extensions\vmware.vscode-spring-boot-1.56.0\language-server\BOOT-INF\lib\asm-9.7.jar;c:\Users\alavudheen.e\.vscode\extensions\vmware.vscode-spring-boot-1.56.0\language-server\BOOT-INF\lib\asm-analysis-9.7.jar;c:\Users\alavudheen.e\.vscode\extensions\vmware.vscode-spring-boot-1.56.0\language-server\BOOT-INF\lib\asm-tree-9.7.jar;c:\Users\alavudheen.e\.vscode\extensions\vmware.vscode-spring-boot-1.56.0\language-server\BOOT-INF\lib\asm-util-9.7.jar;c:\Users\alavudheen.e\.vscode\extensions\vmware.vscode-spring-boot-1.56.0\language-server\BOOT-INF\lib\caffeine-3.1.8.jar;c:\Users\alavudheen.e\.vscode\extensions\vmware.vscode-spring-boot-1.56.0\language-server\BOOT-INF\lib\checker-qual-3.12.0.jar;c:\Users\alavudheen.e\.vscode\extensions\vmware.vscode-spring-boot-1.56.0\language-server\BOOT-INF\lib\classgraph-4.8.149.jar;c:\Users\alavudheen.e\.vscode\extensions\vmware.vscode-spring-boot-1.56.0\language-server\BOOT-INF\lib\commons-codec-1.16.1.jar;c:\Users\alavudheen.e\.vscode\extensions\vmware.vscode-spring-boot-1.56.0\language-server\BOOT-INF\lib\commons-compress-1.26.2.jar;c:\Users\alavudheen.e\.vscode\extensions\vmware.vscode-spring-boot-1.56.0\language-server\BOOT-INF\lib\commons-io-2.16.1.jar;c:\Users\alavudheen.e\.vscode\extensions\vmware.vscode-spring-boot-1.56.0\language-server\BOOT-INF\lib\commons-java-1.56.0-SNAPSHOT.jar;c:\Users\alavudheen.e\.vscode\extensions\vmware.vscode-spring-boot-1.56.0\language-server\BOOT-INF\lib\commons-lang3-3.14.0.jar;c:\Users\alavudheen.e\.vscode\extensions\vmware.vscode-spring-boot-1.56.0\language-server\BOOT-INF\lib\comm
Launcher Type: SUN_STANDARD

[Global flags]
     intx CICompilerCount                          = 3                                         {product} {ergonomic}
     uint ConcGCThreads                            = 1                                         {product} {ergonomic}
     uint G1ConcRefinementThreads                  = 4                                         {product} {ergonomic}
   size_t G1HeapRegionSize                         = 1048576                                   {product} {ergonomic}
    uintx GCDrainStackTargetSize                   = 64                                        {product} {ergonomic}
   size_t InitialHeapSize                          = 264241152                                 {product} {ergonomic}
   size_t MarkStackSize                            = 4194304                                   {product} {ergonomic}
   size_t MaxHeapSize                              = 1073741824                                {product} {command line}
   size_t MaxNewSize                               = 643825664                                 {product} {ergonomic}
   size_t MinHeapDeltaBytes                        = 1048576                                   {product} {ergonomic}
   size_t MinHeapSize                              = 8388608                                   {product} {ergonomic}
    uintx NonProfiledCodeHeapSize                  = 0                                      {pd product} {ergonomic}
     bool ProfileInterpreter                       = false                                  {pd product} {command line}
    uintx ProfiledCodeHeapSize                     = 0                                      {pd product} {ergonomic}
   size_t SoftMaxHeapSize                          = 1073741824                             {manageable} {ergonomic}
     intx TieredStopAtLevel                        = 1                                         {product} {command line}
     bool UseCompressedClassPointers               = true                           {product lp64_product} {ergonomic}
     bool UseCompressedOops                        = true                           {product lp64_product} {ergonomic}
     bool UseG1GC                                  = true                                      {product} {ergonomic}
     bool UseLargePagesIndividualAllocation        = false                                  {pd product} {ergonomic}

Logging:
Log output configuration:
 #0: stdout all=warning,jni+resolve=off uptime,level,tags
 #1: stderr all=off uptime,level,tags

Environment Variables:
JAVA_HOME=C:\Program Files\Microsoft\jdk-11.0.24.8-hotspot\
PATH=C:\Program Files\Microsoft\jdk-11.0.24.8-hotspot\bin;C:\WINDOWS\system32;C:\WINDOWS;C:\WINDOWS\System32\Wbem;C:\WINDOWS\System32\WindowsPowerShell\v1.0\;C:\WINDOWS\System32\OpenSSH\;C:\Program Files (x86)\Microsoft SQL Server\150\DTS\Binn\;C:\Program Files\Microsoft SQL Server\150\Tools\Binn\;C:\Program Files\Microsoft SQL Server\Client SDK\ODBC\170\Tools\Binn\;C:\Program Files\apache-maven-3.9.2\bin;C:\Program Files\dotnet\;C:\Program Files (x86)\Microsoft SQL Server\160\DTS\Binn\;C:\Program Files\Azure Data Studio\bin;C:\Program Files\nodejs;C:\Program Files\Git\cmd;C:\Program Files\MySQL\MySQL Shell 8.0\bin\;C:\Program Files\Java\jdk-19.0.2\bin;C:\src\flutter\bin;C:\Users\alavudheen.e\.dotnet\tools;C:\Users\alavudheen.e\AppData\Local\Programs\Microsoft VS Code\bin;D:\mongosh-2.0.2-win32-x64\mongosh-2.0.2-win32-x64\bin;C:\Users\alavudheen.e\.nuget\packages\xamarin.firebase.ios.installations\8.10.0.3\lib\xamarinios10\Firebase.Installations.resources\FirebaseInstallations.xcframework\ios-arm64_x86_64-simulator\FirebaseInstallations.framework\Headers;C:\Users\alavudheen.e\AppData\Roaming\npm
USERNAME=alavudheen.e
OS=Windows_NT
PROCESSOR_IDENTIFIER=Intel64 Family 6 Model 140 Stepping 1, GenuineIntel
TMP=C:\Users\ALAVUD~1.E\AppData\Local\Temp
TEMP=C:\Users\ALAVUD~1.E\AppData\Local\Temp



Periodic native trim disabled


---------------  S Y S T E M  ---------------

OS:
 Windows 10 , 64 bit Build 19041 (10.0.19041.3636)
OS uptime: 3 days 6:19 hours
Hyper-V role detected

CPU: total 4 (initial active 4) (2 cores per cpu, 2 threads per core) family 6 model 140 stepping 1 microcode 0xa4, cx8, cmov, fxsr, ht, mmx, 3dnowpref, sse, sse2, sse3, ssse3, sse4.1, sse4.2, popcnt, lzcnt, tsc, tscinvbit, avx, avx2, aes, erms, clmul, bmi1, bmi2, adx, avx512f, avx512dq, avx512cd, avx512bw, avx512vl, sha, fma, vzeroupper, avx512_vpopcntdq, avx512_vpclmulqdq, avx512_vaes, avx512_vnni, clflush, clflushopt, clwb, avx512_vbmi2, avx512_vbmi, hv
Processor Information for all 4 processors :
  Max Mhz: 2189, Current Mhz: 2189, Mhz Limit: 2189

Memory: 4k page, system-wide physical 16126M (612M free)
TotalPageFile size 31666M (AvailPageFile size 0M)
current process WorkingSet (physical memory assigned to process): 173M, peak: 173M
current process commit charge ("private bytes"): 202M, peak: 355M

vm_info: OpenJDK 64-Bit Server VM (17.0.11+9) for windows-amd64 JRE (17.0.11+9), built on Apr 17 2024 06:07:48 by "admin" with MS VC++ 16.10 / 16.11 (VS2019)

END.
