#
# There is insufficient memory for the Java Runtime Environment to continue.
# Native memory allocation (malloc) failed to allocate 236416 bytes. Error detail: Chunk::new
# Possible reasons:
#   The system is out of physical RAM or swap space
#   This process is running with CompressedOops enabled, and the Java Heap may be blocking the growth of the native heap
# Possible solutions:
#   Reduce memory load on the system
#   Increase physical memory or swap space
#   Check if swap backing store is full
#   Decrease Java heap size (-Xmx/-Xms)
#   Decrease number of Java threads
#   Decrease Java thread stack sizes (-Xss)
#   Set larger code cache with -XX:ReservedCodeCacheSize=
#   JVM is running with Zero Based Compressed Oops mode in which the Java heap is
#     placed in the first 32GB address space. The Java Heap base address is the
#     maximum limit for the native heap growth. Please use -XX:HeapBaseMinAddress
#     to set the Java Heap base and to place the Java Heap above 32GB virtual address.
# This output file may be truncated or incomplete.
#
#  Out of Memory Error (arena.cpp:191), pid=27860, tid=7236
#
# JRE version: OpenJDK Runtime Environment Temurin-17.0.11+9 (17.0.11+9) (build 17.0.11+9)
# Java VM: OpenJDK 64-Bit Server VM Temurin-17.0.11+9 (17.0.11+9, mixed mode, tiered, compressed oops, compressed class ptrs, g1 gc, windows-amd64)
# No core dump will be written. Minidumps are not enabled by default on client versions of Windows
#

---------------  S U M M A R Y ------------

Command Line: -Dcom.sun.management.jmxremote -Dcom.sun.management.jmxremote.port=52367 -Dcom.sun.management.jmxremote.authenticate=false -Dcom.sun.management.jmxremote.ssl=false -Dspring.jmx.enabled=true -Djava.rmi.server.hostname=localhost -Dspring.application.admin.enabled=true -Dspring.boot.project.name=ServiceBookingSystem -XX:+ShowCodeDetailsInExceptionMessages com.ReachU.ServiceBookingSystem.ServiceBookingSystemApplication

Host: 11th Gen Intel(R) Core(TM) i3-1115G4 @ 3.00GHz, 4 cores, 15G,  Windows 10 , 64 bit Build 19041 (10.0.19041.3636)
Time: Sat Aug 24 20:28:16 2024 India Standard Time elapsed time: 0.975262 seconds (0d 0h 0m 0s)

---------------  T H R E A D  ---------------

Current thread (0x0000020af1096eb0):  JavaThread "C2 CompilerThread0" daemon [_thread_in_native, id=7236, stack(0x0000005c1eb00000,0x0000005c1ec00000)]


Current CompileTask:
C2:    975 1233       4       jdk.internal.org.objectweb.asm.SymbolTable::addConstantUtf8 (98 bytes)

Stack: [0x0000005c1eb00000,0x0000005c1ec00000]
Native frames: (J=compiled Java code, j=interpreted, Vv=VM code, C=native code)
V  [jvm.dll+0x67d429]
V  [jvm.dll+0x834b7a]
V  [jvm.dll+0x83663e]
V  [jvm.dll+0x836ca3]
V  [jvm.dll+0x247dbf]
V  [jvm.dll+0xac534]
V  [jvm.dll+0xacb7c]
V  [jvm.dll+0x2af2cf]
V  [jvm.dll+0x5848b7]
V  [jvm.dll+0x222d82]
V  [jvm.dll+0x22317f]
V  [jvm.dll+0x21c2a0]
V  [jvm.dll+0x2197a1]
V  [jvm.dll+0x1a534d]
V  [jvm.dll+0x2295cd]
V  [jvm.dll+0x22779c]
V  [jvm.dll+0x7e9d07]
V  [jvm.dll+0x7e410a]
V  [jvm.dll+0x67c315]
C  [ucrtbase.dll+0x21bb2]
C  [KERNEL32.DLL+0x17344]
C  [ntdll.dll+0x4cc91]


---------------  P R O C E S S  ---------------

Threads class SMR info:
_java_thread_list=0x0000020af1bec930, length=16, elements={
0x0000020acd717830, 0x0000020af105ed50, 0x0000020af105ffc0, 0x0000020af1089280,
0x0000020af1089c50, 0x0000020af108a520, 0x0000020af1095d90, 0x0000020af1096eb0,
0x0000020af109c6a0, 0x0000020af10b8110, 0x0000020af118b4c0, 0x0000020af12b03a0,
0x0000020af134a260, 0x0000020af1acb350, 0x0000020af1acbc30, 0x0000020af1318830
}

Java Threads: ( => current thread )
  0x0000020acd717830 JavaThread "main" [_thread_in_vm, id=22084, stack(0x0000005c1de00000,0x0000005c1df00000)]
  0x0000020af105ed50 JavaThread "Reference Handler" daemon [_thread_blocked, id=21436, stack(0x0000005c1e500000,0x0000005c1e600000)]
  0x0000020af105ffc0 JavaThread "Finalizer" daemon [_thread_blocked, id=16608, stack(0x0000005c1e600000,0x0000005c1e700000)]
  0x0000020af1089280 JavaThread "Signal Dispatcher" daemon [_thread_blocked, id=30336, stack(0x0000005c1e700000,0x0000005c1e800000)]
  0x0000020af1089c50 JavaThread "Attach Listener" daemon [_thread_blocked, id=924, stack(0x0000005c1e800000,0x0000005c1e900000)]
  0x0000020af108a520 JavaThread "Service Thread" daemon [_thread_blocked, id=7588, stack(0x0000005c1e900000,0x0000005c1ea00000)]
  0x0000020af1095d90 JavaThread "Monitor Deflation Thread" daemon [_thread_blocked, id=18868, stack(0x0000005c1ea00000,0x0000005c1eb00000)]
=>0x0000020af1096eb0 JavaThread "C2 CompilerThread0" daemon [_thread_in_native, id=7236, stack(0x0000005c1eb00000,0x0000005c1ec00000)]
  0x0000020af109c6a0 JavaThread "C1 CompilerThread0" daemon [_thread_in_native, id=20840, stack(0x0000005c1ec00000,0x0000005c1ed00000)]
  0x0000020af10b8110 JavaThread "Sweeper thread" daemon [_thread_blocked, id=11216, stack(0x0000005c1ed00000,0x0000005c1ee00000)]
  0x0000020af118b4c0 JavaThread "Common-Cleaner" daemon [_thread_blocked, id=22940, stack(0x0000005c1ee00000,0x0000005c1ef00000)]
  0x0000020af12b03a0 JavaThread "Notification Thread" daemon [_thread_blocked, id=24260, stack(0x0000005c1ef00000,0x0000005c1f000000)]
  0x0000020af134a260 JavaThread "C2 CompilerThread1" daemon [_thread_blocked, id=18584, stack(0x0000005c1f000000,0x0000005c1f100000)]
  0x0000020af1acb350 JavaThread "RMI TCP Accept-0" daemon [_thread_in_native, id=23752, stack(0x0000005c1f400000,0x0000005c1f500000)]
  0x0000020af1acbc30 JavaThread "RMI TCP Accept-52367" daemon [_thread_in_native, id=6568, stack(0x0000005c1f500000,0x0000005c1f600000)]
  0x0000020af1318830 JavaThread "RMI TCP Accept-0" daemon [_thread_in_native, id=29652, stack(0x0000005c1f600000,0x0000005c1f700000)]

Other Threads:
  0x0000020af1043380 VMThread "VM Thread" [stack: 0x0000005c1e400000,0x0000005c1e500000] [id=26204]
  0x0000020af13feb80 WatcherThread [stack: 0x0000005c1f700000,0x0000005c1f800000] [id=1832]
  0x0000020acd789340 GCTaskThread "GC Thread#0" [stack: 0x0000005c1df00000,0x0000005c1e000000] [id=17056]
  0x0000020af13b9c90 GCTaskThread "GC Thread#1" [stack: 0x0000005c1f100000,0x0000005c1f200000] [id=1472]
  0x0000020af10143d0 GCTaskThread "GC Thread#2" [stack: 0x0000005c1f200000,0x0000005c1f300000] [id=3520]
  0x0000020af1afb7d0 GCTaskThread "GC Thread#3" [stack: 0x0000005c1f300000,0x0000005c1f400000] [id=28416]
  0x0000020acd799e90 ConcurrentGCThread "G1 Main Marker" [stack: 0x0000005c1e000000,0x0000005c1e100000] [id=7424]
  0x0000020acd79a8b0 ConcurrentGCThread "G1 Conc#0" [stack: 0x0000005c1e100000,0x0000005c1e200000] [id=17912]
  0x0000020acd7be4a0 ConcurrentGCThread "G1 Refine#0" [stack: 0x0000005c1e200000,0x0000005c1e300000] [id=5148]
  0x0000020aecc640e0 ConcurrentGCThread "G1 Service" [stack: 0x0000005c1e300000,0x0000005c1e400000] [id=16008]

Threads with active compile tasks:
C2 CompilerThread0      989 1233       4       jdk.internal.org.objectweb.asm.SymbolTable::addConstantUtf8 (98 bytes)

VM state: not at safepoint (normal execution)

VM Mutex/Monitor currently owned by a thread: None

Heap address: 0x0000000704000000, size: 4032 MB, Compressed Oops mode: Zero based, Oop shift amount: 3

CDS archive(s) not mapped
Compressed class space mapped at: 0x0000000800000000-0x0000000840000000, reserved size: 1073741824
Narrow klass base: 0x0000000800000000, Narrow klass shift: 0, Narrow klass range: 0x40000000

GC Precious Log:
 CPUs: 4 total, 4 available
 Memory: 16126M
 Large Page Support: Disabled
 NUMA Support: Disabled
 Compressed Oops: Enabled (Zero based)
 Heap Region Size: 2M
 Heap Min Capacity: 8M
 Heap Initial Capacity: 252M
 Heap Max Capacity: 4032M
 Pre-touch: Disabled
 Parallel Workers: 4
 Concurrent Workers: 1
 Concurrent Refinement Workers: 4
 Periodic GC: Disabled

Heap:
 garbage-first heap   total 258048K, used 8784K [0x0000000704000000, 0x0000000800000000)
  region size 2048K, 2 young (4096K), 1 survivors (2048K)
 Metaspace       used 14666K, committed 14848K, reserved 1114112K
  class space    used 1615K, committed 1728K, reserved 1048576K

Heap Regions: E=young(eden), S=young(survivor), O=old, HS=humongous(starts), HC=humongous(continues), CS=collection set, F=free, OA=open archive, CA=closed archive, TAMS=top-at-mark-start (previous, next)
|   0|0x0000000704000000, 0x0000000704200000, 0x0000000704200000|100%| O|  |TAMS 0x0000000704000000, 0x0000000704000000| Untracked 
|   1|0x0000000704200000, 0x0000000704400000, 0x0000000704400000|100%| O|  |TAMS 0x0000000704200000, 0x0000000704200000| Untracked 
|   2|0x0000000704400000, 0x0000000704600000, 0x0000000704600000|100%| O|  |TAMS 0x0000000704400000, 0x0000000704400000| Untracked 
|   3|0x0000000704600000, 0x0000000704745400, 0x0000000704800000| 63%| O|  |TAMS 0x0000000704600000, 0x0000000704600000| Untracked 
|   4|0x0000000704800000, 0x0000000704800000, 0x0000000704a00000|  0%| F|  |TAMS 0x0000000704800000, 0x0000000704800000| Untracked 
|   5|0x0000000704a00000, 0x0000000704a00000, 0x0000000704c00000|  0%| F|  |TAMS 0x0000000704a00000, 0x0000000704a00000| Untracked 
|   6|0x0000000704c00000, 0x0000000704c00000, 0x0000000704e00000|  0%| F|  |TAMS 0x0000000704c00000, 0x0000000704c00000| Untracked 
|   7|0x0000000704e00000, 0x0000000704e00000, 0x0000000705000000|  0%| F|  |TAMS 0x0000000704e00000, 0x0000000704e00000| Untracked 
|   8|0x0000000705000000, 0x0000000705000000, 0x0000000705200000|  0%| F|  |TAMS 0x0000000705000000, 0x0000000705000000| Untracked 
|   9|0x0000000705200000, 0x0000000705200000, 0x0000000705400000|  0%| F|  |TAMS 0x0000000705200000, 0x0000000705200000| Untracked 
|  10|0x0000000705400000, 0x0000000705400000, 0x0000000705600000|  0%| F|  |TAMS 0x0000000705400000, 0x0000000705400000| Untracked 
|  11|0x0000000705600000, 0x0000000705600000, 0x0000000705800000|  0%| F|  |TAMS 0x0000000705600000, 0x0000000705600000| Untracked 
|  12|0x0000000705800000, 0x0000000705800000, 0x0000000705a00000|  0%| F|  |TAMS 0x0000000705800000, 0x0000000705800000| Untracked 
|  13|0x0000000705a00000, 0x0000000705a00000, 0x0000000705c00000|  0%| F|  |TAMS 0x0000000705a00000, 0x0000000705a00000| Untracked 
|  14|0x0000000705c00000, 0x0000000705c00000, 0x0000000705e00000|  0%| F|  |TAMS 0x0000000705c00000, 0x0000000705c00000| Untracked 
|  15|0x0000000705e00000, 0x0000000705e00000, 0x0000000706000000|  0%| F|  |TAMS 0x0000000705e00000, 0x0000000705e00000| Untracked 
|  16|0x0000000706000000, 0x0000000706000000, 0x0000000706200000|  0%| F|  |TAMS 0x0000000706000000, 0x0000000706000000| Untracked 
|  17|0x0000000706200000, 0x0000000706200000, 0x0000000706400000|  0%| F|  |TAMS 0x0000000706200000, 0x0000000706200000| Untracked 
|  18|0x0000000706400000, 0x0000000706400000, 0x0000000706600000|  0%| F|  |TAMS 0x0000000706400000, 0x0000000706400000| Untracked 
|  19|0x0000000706600000, 0x0000000706600000, 0x0000000706800000|  0%| F|  |TAMS 0x0000000706600000, 0x0000000706600000| Untracked 
|  20|0x0000000706800000, 0x0000000706800000, 0x0000000706a00000|  0%| F|  |TAMS 0x0000000706800000, 0x0000000706800000| Untracked 
|  21|0x0000000706a00000, 0x0000000706a00000, 0x0000000706c00000|  0%| F|  |TAMS 0x0000000706a00000, 0x0000000706a00000| Untracked 
|  22|0x0000000706c00000, 0x0000000706c00000, 0x0000000706e00000|  0%| F|  |TAMS 0x0000000706c00000, 0x0000000706c00000| Untracked 
|  23|0x0000000706e00000, 0x0000000706e00000, 0x0000000707000000|  0%| F|  |TAMS 0x0000000706e00000, 0x0000000706e00000| Untracked 
|  24|0x0000000707000000, 0x0000000707000000, 0x0000000707200000|  0%| F|  |TAMS 0x0000000707000000, 0x0000000707000000| Untracked 
|  25|0x0000000707200000, 0x0000000707200000, 0x0000000707400000|  0%| F|  |TAMS 0x0000000707200000, 0x0000000707200000| Untracked 
|  26|0x0000000707400000, 0x0000000707400000, 0x0000000707600000|  0%| F|  |TAMS 0x0000000707400000, 0x0000000707400000| Untracked 
|  27|0x0000000707600000, 0x0000000707600000, 0x0000000707800000|  0%| F|  |TAMS 0x0000000707600000, 0x0000000707600000| Untracked 
|  28|0x0000000707800000, 0x0000000707800000, 0x0000000707a00000|  0%| F|  |TAMS 0x0000000707800000, 0x0000000707800000| Untracked 
|  29|0x0000000707a00000, 0x0000000707a00000, 0x0000000707c00000|  0%| F|  |TAMS 0x0000000707a00000, 0x0000000707a00000| Untracked 
|  30|0x0000000707c00000, 0x0000000707c00000, 0x0000000707e00000|  0%| F|  |TAMS 0x0000000707c00000, 0x0000000707c00000| Untracked 
|  31|0x0000000707e00000, 0x0000000707e00000, 0x0000000708000000|  0%| F|  |TAMS 0x0000000707e00000, 0x0000000707e00000| Untracked 
|  32|0x0000000708000000, 0x0000000708000000, 0x0000000708200000|  0%| F|  |TAMS 0x0000000708000000, 0x0000000708000000| Untracked 
|  33|0x0000000708200000, 0x0000000708200000, 0x0000000708400000|  0%| F|  |TAMS 0x0000000708200000, 0x0000000708200000| Untracked 
|  34|0x0000000708400000, 0x0000000708400000, 0x0000000708600000|  0%| F|  |TAMS 0x0000000708400000, 0x0000000708400000| Untracked 
|  35|0x0000000708600000, 0x0000000708600000, 0x0000000708800000|  0%| F|  |TAMS 0x0000000708600000, 0x0000000708600000| Untracked 
|  36|0x0000000708800000, 0x0000000708800000, 0x0000000708a00000|  0%| F|  |TAMS 0x0000000708800000, 0x0000000708800000| Untracked 
|  37|0x0000000708a00000, 0x0000000708a00000, 0x0000000708c00000|  0%| F|  |TAMS 0x0000000708a00000, 0x0000000708a00000| Untracked 
|  38|0x0000000708c00000, 0x0000000708c00000, 0x0000000708e00000|  0%| F|  |TAMS 0x0000000708c00000, 0x0000000708c00000| Untracked 
|  39|0x0000000708e00000, 0x0000000708e00000, 0x0000000709000000|  0%| F|  |TAMS 0x0000000708e00000, 0x0000000708e00000| Untracked 
|  40|0x0000000709000000, 0x0000000709000000, 0x0000000709200000|  0%| F|  |TAMS 0x0000000709000000, 0x0000000709000000| Untracked 
|  41|0x0000000709200000, 0x0000000709200000, 0x0000000709400000|  0%| F|  |TAMS 0x0000000709200000, 0x0000000709200000| Untracked 
|  42|0x0000000709400000, 0x0000000709400000, 0x0000000709600000|  0%| F|  |TAMS 0x0000000709400000, 0x0000000709400000| Untracked 
|  43|0x0000000709600000, 0x0000000709600000, 0x0000000709800000|  0%| F|  |TAMS 0x0000000709600000, 0x0000000709600000| Untracked 
|  44|0x0000000709800000, 0x0000000709800000, 0x0000000709a00000|  0%| F|  |TAMS 0x0000000709800000, 0x0000000709800000| Untracked 
|  45|0x0000000709a00000, 0x0000000709a00000, 0x0000000709c00000|  0%| F|  |TAMS 0x0000000709a00000, 0x0000000709a00000| Untracked 
|  46|0x0000000709c00000, 0x0000000709c00000, 0x0000000709e00000|  0%| F|  |TAMS 0x0000000709c00000, 0x0000000709c00000| Untracked 
|  47|0x0000000709e00000, 0x0000000709e00000, 0x000000070a000000|  0%| F|  |TAMS 0x0000000709e00000, 0x0000000709e00000| Untracked 
|  48|0x000000070a000000, 0x000000070a000000, 0x000000070a200000|  0%| F|  |TAMS 0x000000070a000000, 0x000000070a000000| Untracked 
|  49|0x000000070a200000, 0x000000070a200000, 0x000000070a400000|  0%| F|  |TAMS 0x000000070a200000, 0x000000070a200000| Untracked 
|  50|0x000000070a400000, 0x000000070a400000, 0x000000070a600000|  0%| F|  |TAMS 0x000000070a400000, 0x000000070a400000| Untracked 
|  51|0x000000070a600000, 0x000000070a600000, 0x000000070a800000|  0%| F|  |TAMS 0x000000070a600000, 0x000000070a600000| Untracked 
|  52|0x000000070a800000, 0x000000070a800000, 0x000000070aa00000|  0%| F|  |TAMS 0x000000070a800000, 0x000000070a800000| Untracked 
|  53|0x000000070aa00000, 0x000000070aa00000, 0x000000070ac00000|  0%| F|  |TAMS 0x000000070aa00000, 0x000000070aa00000| Untracked 
|  54|0x000000070ac00000, 0x000000070ac00000, 0x000000070ae00000|  0%| F|  |TAMS 0x000000070ac00000, 0x000000070ac00000| Untracked 
|  55|0x000000070ae00000, 0x000000070ae00000, 0x000000070b000000|  0%| F|  |TAMS 0x000000070ae00000, 0x000000070ae00000| Untracked 
|  56|0x000000070b000000, 0x000000070b000000, 0x000000070b200000|  0%| F|  |TAMS 0x000000070b000000, 0x000000070b000000| Untracked 
|  57|0x000000070b200000, 0x000000070b200000, 0x000000070b400000|  0%| F|  |TAMS 0x000000070b200000, 0x000000070b200000| Untracked 
|  58|0x000000070b400000, 0x000000070b400000, 0x000000070b600000|  0%| F|  |TAMS 0x000000070b400000, 0x000000070b400000| Untracked 
|  59|0x000000070b600000, 0x000000070b600000, 0x000000070b800000|  0%| F|  |TAMS 0x000000070b600000, 0x000000070b600000| Untracked 
|  60|0x000000070b800000, 0x000000070b800000, 0x000000070ba00000|  0%| F|  |TAMS 0x000000070b800000, 0x000000070b800000| Untracked 
|  61|0x000000070ba00000, 0x000000070ba00000, 0x000000070bc00000|  0%| F|  |TAMS 0x000000070ba00000, 0x000000070ba00000| Untracked 
|  62|0x000000070bc00000, 0x000000070bc00000, 0x000000070be00000|  0%| F|  |TAMS 0x000000070bc00000, 0x000000070bc00000| Untracked 
|  63|0x000000070be00000, 0x000000070be00000, 0x000000070c000000|  0%| F|  |TAMS 0x000000070be00000, 0x000000070be00000| Untracked 
|  64|0x000000070c000000, 0x000000070c000000, 0x000000070c200000|  0%| F|  |TAMS 0x000000070c000000, 0x000000070c000000| Untracked 
|  65|0x000000070c200000, 0x000000070c200000, 0x000000070c400000|  0%| F|  |TAMS 0x000000070c200000, 0x000000070c200000| Untracked 
|  66|0x000000070c400000, 0x000000070c400000, 0x000000070c600000|  0%| F|  |TAMS 0x000000070c400000, 0x000000070c400000| Untracked 
|  67|0x000000070c600000, 0x000000070c600000, 0x000000070c800000|  0%| F|  |TAMS 0x000000070c600000, 0x000000070c600000| Untracked 
|  68|0x000000070c800000, 0x000000070c800000, 0x000000070ca00000|  0%| F|  |TAMS 0x000000070c800000, 0x000000070c800000| Untracked 
|  69|0x000000070ca00000, 0x000000070ca00000, 0x000000070cc00000|  0%| F|  |TAMS 0x000000070ca00000, 0x000000070ca00000| Untracked 
|  70|0x000000070cc00000, 0x000000070cc00000, 0x000000070ce00000|  0%| F|  |TAMS 0x000000070cc00000, 0x000000070cc00000| Untracked 
|  71|0x000000070ce00000, 0x000000070ce00000, 0x000000070d000000|  0%| F|  |TAMS 0x000000070ce00000, 0x000000070ce00000| Untracked 
|  72|0x000000070d000000, 0x000000070d000000, 0x000000070d200000|  0%| F|  |TAMS 0x000000070d000000, 0x000000070d000000| Untracked 
|  73|0x000000070d200000, 0x000000070d200000, 0x000000070d400000|  0%| F|  |TAMS 0x000000070d200000, 0x000000070d200000| Untracked 
|  74|0x000000070d400000, 0x000000070d400000, 0x000000070d600000|  0%| F|  |TAMS 0x000000070d400000, 0x000000070d400000| Untracked 
|  75|0x000000070d600000, 0x000000070d600000, 0x000000070d800000|  0%| F|  |TAMS 0x000000070d600000, 0x000000070d600000| Untracked 
|  76|0x000000070d800000, 0x000000070d800000, 0x000000070da00000|  0%| F|  |TAMS 0x000000070d800000, 0x000000070d800000| Untracked 
|  77|0x000000070da00000, 0x000000070da00000, 0x000000070dc00000|  0%| F|  |TAMS 0x000000070da00000, 0x000000070da00000| Untracked 
|  78|0x000000070dc00000, 0x000000070dc00000, 0x000000070de00000|  0%| F|  |TAMS 0x000000070dc00000, 0x000000070dc00000| Untracked 
|  79|0x000000070de00000, 0x000000070de00000, 0x000000070e000000|  0%| F|  |TAMS 0x000000070de00000, 0x000000070de00000| Untracked 
|  80|0x000000070e000000, 0x000000070e000000, 0x000000070e200000|  0%| F|  |TAMS 0x000000070e000000, 0x000000070e000000| Untracked 
|  81|0x000000070e200000, 0x000000070e200000, 0x000000070e400000|  0%| F|  |TAMS 0x000000070e200000, 0x000000070e200000| Untracked 
|  82|0x000000070e400000, 0x000000070e400000, 0x000000070e600000|  0%| F|  |TAMS 0x000000070e400000, 0x000000070e400000| Untracked 
|  83|0x000000070e600000, 0x000000070e600000, 0x000000070e800000|  0%| F|  |TAMS 0x000000070e600000, 0x000000070e600000| Untracked 
|  84|0x000000070e800000, 0x000000070e800000, 0x000000070ea00000|  0%| F|  |TAMS 0x000000070e800000, 0x000000070e800000| Untracked 
|  85|0x000000070ea00000, 0x000000070ea00000, 0x000000070ec00000|  0%| F|  |TAMS 0x000000070ea00000, 0x000000070ea00000| Untracked 
|  86|0x000000070ec00000, 0x000000070ec00000, 0x000000070ee00000|  0%| F|  |TAMS 0x000000070ec00000, 0x000000070ec00000| Untracked 
|  87|0x000000070ee00000, 0x000000070ee00000, 0x000000070f000000|  0%| F|  |TAMS 0x000000070ee00000, 0x000000070ee00000| Untracked 
|  88|0x000000070f000000, 0x000000070f000000, 0x000000070f200000|  0%| F|  |TAMS 0x000000070f000000, 0x000000070f000000| Untracked 
|  89|0x000000070f200000, 0x000000070f200000, 0x000000070f400000|  0%| F|  |TAMS 0x000000070f200000, 0x000000070f200000| Untracked 
|  90|0x000000070f400000, 0x000000070f400000, 0x000000070f600000|  0%| F|  |TAMS 0x000000070f400000, 0x000000070f400000| Untracked 
|  91|0x000000070f600000, 0x000000070f600000, 0x000000070f800000|  0%| F|  |TAMS 0x000000070f600000, 0x000000070f600000| Untracked 
|  92|0x000000070f800000, 0x000000070f800000, 0x000000070fa00000|  0%| F|  |TAMS 0x000000070f800000, 0x000000070f800000| Untracked 
|  93|0x000000070fa00000, 0x000000070fa00000, 0x000000070fc00000|  0%| F|  |TAMS 0x000000070fa00000, 0x000000070fa00000| Untracked 
|  94|0x000000070fc00000, 0x000000070fc00000, 0x000000070fe00000|  0%| F|  |TAMS 0x000000070fc00000, 0x000000070fc00000| Untracked 
|  95|0x000000070fe00000, 0x000000070fe00000, 0x0000000710000000|  0%| F|  |TAMS 0x000000070fe00000, 0x000000070fe00000| Untracked 
|  96|0x0000000710000000, 0x0000000710000000, 0x0000000710200000|  0%| F|  |TAMS 0x0000000710000000, 0x0000000710000000| Untracked 
|  97|0x0000000710200000, 0x0000000710200000, 0x0000000710400000|  0%| F|  |TAMS 0x0000000710200000, 0x0000000710200000| Untracked 
|  98|0x0000000710400000, 0x0000000710400000, 0x0000000710600000|  0%| F|  |TAMS 0x0000000710400000, 0x0000000710400000| Untracked 
|  99|0x0000000710600000, 0x0000000710600000, 0x0000000710800000|  0%| F|  |TAMS 0x0000000710600000, 0x0000000710600000| Untracked 
| 100|0x0000000710800000, 0x0000000710800000, 0x0000000710a00000|  0%| F|  |TAMS 0x0000000710800000, 0x0000000710800000| Untracked 
| 101|0x0000000710a00000, 0x0000000710a00000, 0x0000000710c00000|  0%| F|  |TAMS 0x0000000710a00000, 0x0000000710a00000| Untracked 
| 102|0x0000000710c00000, 0x0000000710c00000, 0x0000000710e00000|  0%| F|  |TAMS 0x0000000710c00000, 0x0000000710c00000| Untracked 
| 103|0x0000000710e00000, 0x0000000710e00000, 0x0000000711000000|  0%| F|  |TAMS 0x0000000710e00000, 0x0000000710e00000| Untracked 
| 104|0x0000000711000000, 0x0000000711000000, 0x0000000711200000|  0%| F|  |TAMS 0x0000000711000000, 0x0000000711000000| Untracked 
| 105|0x0000000711200000, 0x0000000711200000, 0x0000000711400000|  0%| F|  |TAMS 0x0000000711200000, 0x0000000711200000| Untracked 
| 106|0x0000000711400000, 0x0000000711400000, 0x0000000711600000|  0%| F|  |TAMS 0x0000000711400000, 0x0000000711400000| Untracked 
| 107|0x0000000711600000, 0x0000000711600000, 0x0000000711800000|  0%| F|  |TAMS 0x0000000711600000, 0x0000000711600000| Untracked 
| 108|0x0000000711800000, 0x0000000711800000, 0x0000000711a00000|  0%| F|  |TAMS 0x0000000711800000, 0x0000000711800000| Untracked 
| 109|0x0000000711a00000, 0x0000000711a00000, 0x0000000711c00000|  0%| F|  |TAMS 0x0000000711a00000, 0x0000000711a00000| Untracked 
| 110|0x0000000711c00000, 0x0000000711c00000, 0x0000000711e00000|  0%| F|  |TAMS 0x0000000711c00000, 0x0000000711c00000| Untracked 
| 111|0x0000000711e00000, 0x0000000711e00000, 0x0000000712000000|  0%| F|  |TAMS 0x0000000711e00000, 0x0000000711e00000| Untracked 
| 112|0x0000000712000000, 0x0000000712000000, 0x0000000712200000|  0%| F|  |TAMS 0x0000000712000000, 0x0000000712000000| Untracked 
| 113|0x0000000712200000, 0x0000000712200000, 0x0000000712400000|  0%| F|  |TAMS 0x0000000712200000, 0x0000000712200000| Untracked 
| 114|0x0000000712400000, 0x0000000712400000, 0x0000000712600000|  0%| F|  |TAMS 0x0000000712400000, 0x0000000712400000| Untracked 
| 115|0x0000000712600000, 0x0000000712600000, 0x0000000712800000|  0%| F|  |TAMS 0x0000000712600000, 0x0000000712600000| Untracked 
| 116|0x0000000712800000, 0x0000000712800000, 0x0000000712a00000|  0%| F|  |TAMS 0x0000000712800000, 0x0000000712800000| Untracked 
| 117|0x0000000712a00000, 0x0000000712a00000, 0x0000000712c00000|  0%| F|  |TAMS 0x0000000712a00000, 0x0000000712a00000| Untracked 
| 118|0x0000000712c00000, 0x0000000712c00000, 0x0000000712e00000|  0%| F|  |TAMS 0x0000000712c00000, 0x0000000712c00000| Untracked 
| 119|0x0000000712e00000, 0x0000000712e00000, 0x0000000713000000|  0%| F|  |TAMS 0x0000000712e00000, 0x0000000712e00000| Untracked 
| 120|0x0000000713000000, 0x000000071314ece0, 0x0000000713200000| 65%| S|CS|TAMS 0x0000000713000000, 0x0000000713000000| Complete 
| 121|0x0000000713200000, 0x0000000713200000, 0x0000000713400000|  0%| F|  |TAMS 0x0000000713200000, 0x0000000713200000| Untracked 
| 122|0x0000000713400000, 0x0000000713400000, 0x0000000713600000|  0%| F|  |TAMS 0x0000000713400000, 0x0000000713400000| Untracked 
| 123|0x0000000713600000, 0x0000000713600000, 0x0000000713800000|  0%| F|  |TAMS 0x0000000713600000, 0x0000000713600000| Untracked 
| 124|0x0000000713800000, 0x0000000713800000, 0x0000000713a00000|  0%| F|  |TAMS 0x0000000713800000, 0x0000000713800000| Untracked 
| 125|0x0000000713a00000, 0x0000000713b4fea8, 0x0000000713c00000| 65%| E|  |TAMS 0x0000000713a00000, 0x0000000713a00000| Complete 

Card table byte_map: [0x0000020ae1980000,0x0000020ae2160000] _byte_map_base: 0x0000020ade160000

Marking Bits (Prev, Next): (CMBitMap*) 0x0000020acd789960, (CMBitMap*) 0x0000020acd7899a0
 Prev Bits: [0x0000020ae2940000, 0x0000020ae6840000)
 Next Bits: [0x0000020ae6840000, 0x0000020aea740000)

Polling page: 0x0000020acd7c0000

Metaspace:

Usage:
  Non-class:     12.81 MB used.
      Class:      1.58 MB used.
       Both:     14.39 MB used.

Virtual space:
  Non-class space:       64.00 MB reserved,      12.94 MB ( 20%) committed,  1 nodes.
      Class space:        1.00 GB reserved,       1.69 MB ( <1%) committed,  1 nodes.
             Both:        1.06 GB reserved,      14.62 MB (  1%) committed. 

Chunk freelists:
   Non-Class:  2.27 MB
       Class:  14.32 MB
        Both:  16.59 MB

MaxMetaspaceSize: unlimited
CompressedClassSpaceSize: 1.00 GB
Initial GC threshold: 21.00 MB
Current GC threshold: 21.00 MB
CDS: off
MetaspaceReclaimPolicy: balanced
 - commit_granule_bytes: 65536.
 - commit_granule_words: 8192.
 - virtual_space_node_default_size: 8388608.
 - enlarge_chunks_in_place: 1.
 - new_chunks_are_fully_committed: 0.
 - uncommit_free_chunks: 1.
 - use_allocation_guard: 0.
 - handle_deallocations: 1.


Internal statistics:

num_allocs_failed_limit: 0.
num_arena_births: 146.
num_arena_deaths: 0.
num_vsnodes_births: 2.
num_vsnodes_deaths: 0.
num_space_committed: 234.
num_space_uncommitted: 0.
num_chunks_returned_to_freelist: 0.
num_chunks_taken_from_freelist: 299.
num_chunk_merges: 0.
num_chunk_splits: 179.
num_chunks_enlarged: 116.
num_inconsistent_stats: 0.

CodeHeap 'non-profiled nmethods': size=120000Kb used=486Kb max_used=486Kb free=119513Kb
 bounds [0x0000020ad9640000, 0x0000020ad98b0000, 0x0000020ae0b70000]
CodeHeap 'profiled nmethods': size=120000Kb used=2379Kb max_used=2379Kb free=117620Kb
 bounds [0x0000020ad1b70000, 0x0000020ad1de0000, 0x0000020ad90a0000]
CodeHeap 'non-nmethods': size=5760Kb used=1182Kb max_used=1212Kb free=4577Kb
 bounds [0x0000020ad90a0000, 0x0000020ad9310000, 0x0000020ad9640000]
 total_blobs=1753 nmethods=1288 adapters=378
 compilation: enabled
              stopped_count=0, restarted_count=0
 full_count=0

Compilation events (20 events):
Event: 0.924 Thread 0x0000020af109c6a0 1229       3       java.util.zip.ZipUtils::CENATX_PERMS (9 bytes)
Event: 0.924 Thread 0x0000020af1096eb0 nmethod 1227 0x0000020ad96b4010 code [0x0000020ad96b41a0, 0x0000020ad96b43f8]
Event: 0.924 Thread 0x0000020af109c6a0 nmethod 1229 0x0000020ad1da7110 code [0x0000020ad1da72a0, 0x0000020ad1da7458]
Event: 0.926 Thread 0x0000020af109c6a0 1230       3       java.lang.invoke.MemberName::<init> (135 bytes)
Event: 0.926 Thread 0x0000020af109c6a0 nmethod 1230 0x0000020ad1da7590 code [0x0000020ad1da78c0, 0x0000020ad1da8b18]
Event: 0.927 Thread 0x0000020af109c6a0 1231       3       jdk.internal.org.objectweb.asm.Type::getDescriptor (93 bytes)
Event: 0.927 Thread 0x0000020af109c6a0 nmethod 1231 0x0000020ad1da9090 code [0x0000020ad1da9300, 0x0000020ad1da9aa8]
Event: 0.928 Thread 0x0000020af109c6a0 1232       3       jdk.internal.org.objectweb.asm.Type::<init> (26 bytes)
Event: 0.928 Thread 0x0000020af1096eb0 1233       4       jdk.internal.org.objectweb.asm.SymbolTable::addConstantUtf8 (98 bytes)
Event: 0.928 Thread 0x0000020af109c6a0 nmethod 1232 0x0000020ad1da9d90 code [0x0000020ad1da9f20, 0x0000020ad1daa0f8]
Event: 0.933 Thread 0x0000020af109c6a0 1234       3       java.lang.ClassLoader::definePackage (85 bytes)
Event: 0.934 Thread 0x0000020af109c6a0 nmethod 1234 0x0000020ad1daa190 code [0x0000020ad1daa460, 0x0000020ad1dab3d8]
Event: 0.934 Thread 0x0000020af109c6a0 1236       3       java.lang.invoke.MemberName::isMethod (7 bytes)
Event: 0.934 Thread 0x0000020af109c6a0 nmethod 1236 0x0000020ad1dab890 code [0x0000020ad1daba40, 0x0000020ad1dabc78]
Event: 0.934 Thread 0x0000020af109c6a0 1235       3       java.lang.ClassLoader::compareCerts (197 bytes)
Event: 0.934 Thread 0x0000020af134a260 1239       4       jdk.internal.org.objectweb.asm.SymbolTable$Entry::<init> (17 bytes)
Event: 0.934 Thread 0x0000020af109c6a0 nmethod 1235 0x0000020ad1dabd90 code [0x0000020ad1dabfa0, 0x0000020ad1dac878]
Event: 0.934 Thread 0x0000020af109c6a0 1238       3       java.util.ArrayList::isEmpty (13 bytes)
Event: 0.934 Thread 0x0000020af109c6a0 nmethod 1238 0x0000020ad1dacb90 code [0x0000020ad1dacd20, 0x0000020ad1dace98]
Event: 0.935 Thread 0x0000020af134a260 nmethod 1239 0x0000020ad96b4910 code [0x0000020ad96b4a80, 0x0000020ad96b4c98]

GC Heap History (2 events):
Event: 0.489 GC heap before
{Heap before GC invocations=0 (full 0):
 garbage-first heap   total 258048K, used 10240K [0x0000000704000000, 0x0000000800000000)
  region size 2048K, 6 young (12288K), 0 survivors (0K)
 Metaspace       used 9806K, committed 9984K, reserved 1114112K
  class space    used 1026K, committed 1088K, reserved 1048576K
}
Event: 0.493 GC heap after
{Heap after GC invocations=1 (full 0):
 garbage-first heap   total 258048K, used 7290K [0x0000000704000000, 0x0000000800000000)
  region size 2048K, 1 young (2048K), 1 survivors (2048K)
 Metaspace       used 9806K, committed 9984K, reserved 1114112K
  class space    used 1026K, committed 1088K, reserved 1048576K
}

Dll operation events (8 events):
Event: 0.009 Loaded shared library C:\Users\alavudheen.e\.vscode\extensions\redhat.java-1.33.0-win32-x64\jre\17.0.11-win32-x86_64\bin\java.dll
Event: 0.216 Loaded shared library C:\Users\alavudheen.e\.vscode\extensions\redhat.java-1.33.0-win32-x64\jre\17.0.11-win32-x86_64\bin\jimage.dll
Event: 0.226 Loaded shared library C:\Users\alavudheen.e\.vscode\extensions\redhat.java-1.33.0-win32-x64\jre\17.0.11-win32-x86_64\bin\net.dll
Event: 0.228 Loaded shared library C:\Users\alavudheen.e\.vscode\extensions\redhat.java-1.33.0-win32-x64\jre\17.0.11-win32-x86_64\bin\nio.dll
Event: 0.233 Loaded shared library C:\Users\alavudheen.e\.vscode\extensions\redhat.java-1.33.0-win32-x64\jre\17.0.11-win32-x86_64\bin\zip.dll
Event: 0.330 Loaded shared library C:\Users\alavudheen.e\.vscode\extensions\redhat.java-1.33.0-win32-x64\jre\17.0.11-win32-x86_64\bin\management.dll
Event: 0.341 Loaded shared library C:\Users\alavudheen.e\.vscode\extensions\redhat.java-1.33.0-win32-x64\jre\17.0.11-win32-x86_64\bin\management_ext.dll
Event: 0.590 Loaded shared library C:\Users\alavudheen.e\.vscode\extensions\redhat.java-1.33.0-win32-x64\jre\17.0.11-win32-x86_64\bin\extnet.dll

Deoptimization events (20 events):
Event: 0.680 Thread 0x0000020acd717830 DEOPT PACKING pc=0x0000020ad968d998 sp=0x0000005c1defcc80
Event: 0.680 Thread 0x0000020acd717830 DEOPT UNPACKING pc=0x0000020ad90fa1a3 sp=0x0000005c1defcbe0 mode 2
Event: 0.684 Thread 0x0000020acd717830 Uncommon trap: trap_request=0xffffff6e fr.pc=0x0000020ad9689244 relative=0x0000000000000144
Event: 0.684 Thread 0x0000020acd717830 Uncommon trap: reason=loop_limit_check action=maybe_recompile pc=0x0000020ad9689244 method=java.lang.StringLatin1.lastIndexOf([BII)I @ 19 c2
Event: 0.684 Thread 0x0000020acd717830 DEOPT PACKING pc=0x0000020ad9689244 sp=0x0000005c1defcd80
Event: 0.684 Thread 0x0000020acd717830 DEOPT UNPACKING pc=0x0000020ad90fa1a3 sp=0x0000005c1defcd00 mode 2
Event: 0.698 Thread 0x0000020acd717830 DEOPT PACKING pc=0x0000020ad1b7effe sp=0x0000005c1defd0b0
Event: 0.698 Thread 0x0000020acd717830 DEOPT UNPACKING pc=0x0000020ad90face3 sp=0x0000005c1defc520 mode 0
Event: 0.743 Thread 0x0000020acd717830 Uncommon trap: trap_request=0xffffff45 fr.pc=0x0000020ad967bb0c relative=0x000000000000144c
Event: 0.743 Thread 0x0000020acd717830 Uncommon trap: reason=unstable_if action=reinterpret pc=0x0000020ad967bb0c method=java.util.HashMap.hash(Ljava/lang/Object;)I @ 1 c2
Event: 0.743 Thread 0x0000020acd717830 DEOPT PACKING pc=0x0000020ad967bb0c sp=0x0000005c1defd3a0
Event: 0.743 Thread 0x0000020acd717830 DEOPT UNPACKING pc=0x0000020ad90fa1a3 sp=0x0000005c1defd350 mode 2
Event: 0.744 Thread 0x0000020acd717830 Uncommon trap: trap_request=0xffffff45 fr.pc=0x0000020ad9673698 relative=0x0000000000000098
Event: 0.744 Thread 0x0000020acd717830 Uncommon trap: reason=unstable_if action=reinterpret pc=0x0000020ad9673698 method=java.util.HashMap.hash(Ljava/lang/Object;)I @ 1 c2
Event: 0.744 Thread 0x0000020acd717830 DEOPT PACKING pc=0x0000020ad9673698 sp=0x0000005c1defd3c0
Event: 0.744 Thread 0x0000020acd717830 DEOPT UNPACKING pc=0x0000020ad90fa1a3 sp=0x0000005c1defd358 mode 2
Event: 0.770 Thread 0x0000020acd717830 Uncommon trap: trap_request=0xffffff45 fr.pc=0x0000020ad9661d04 relative=0x0000000000000644
Event: 0.770 Thread 0x0000020acd717830 Uncommon trap: reason=unstable_if action=reinterpret pc=0x0000020ad9661d04 method=java.util.jar.Manifest$FastInputStream.readLine([BII)I @ 130 c2
Event: 0.770 Thread 0x0000020acd717830 DEOPT PACKING pc=0x0000020ad9661d04 sp=0x0000005c1defdfa0
Event: 0.770 Thread 0x0000020acd717830 DEOPT UNPACKING pc=0x0000020ad90fa1a3 sp=0x0000005c1defdf30 mode 2

Classes unloaded (0 events):
No events

Classes redefined (0 events):
No events

Internal exceptions (20 events):
Event: 0.347 Thread 0x0000020acd717830 Exception <a 'java/lang/NoSuchMethodError'{0x000000071337cc90}: 'void java.lang.invoke.DirectMethodHandle$Holder.invokeStatic(java.lang.Object, java.lang.Object)'> (0x000000071337cc90) 
thrown [s\src\hotspot\share\interpreter\linkResolver.cpp, line 759]
Event: 0.390 Thread 0x0000020acd717830 Exception <a 'java/lang/NoSuchMethodError'{0x000000071304be80}: 'int java.lang.invoke.DirectMethodHandle$Holder.invokeSpecial(java.lang.Object, java.lang.Object, java.lang.Object)'> (0x000000071304be80) 
thrown [s\src\hotspot\share\interpreter\linkResolver.cpp, line 759]
Event: 0.441 Thread 0x0000020acd717830 Exception <a 'java/lang/NoSuchMethodError'{0x000000071315a520}: 'void java.lang.invoke.DirectMethodHandle$Holder.invokeStatic(java.lang.Object, java.lang.Object, java.lang.Object)'> (0x000000071315a520) 
thrown [s\src\hotspot\share\interpreter\linkResolver.cpp, line 759]
Event: 0.467 Thread 0x0000020acd717830 Exception <a 'java/lang/NoSuchMethodError'{0x00000007131a5000}: 'int java.lang.invoke.DirectMethodHandle$Holder.invokeSpecialIFC(java.lang.Object, java.lang.Object, java.lang.Object)'> (0x00000007131a5000) 
thrown [s\src\hotspot\share\interpreter\linkResolver.cpp, line 759]
Event: 0.499 Thread 0x0000020acd717830 Exception <a 'java/lang/NoSuchMethodError'{0x0000000713a37730}: 'java.lang.Object java.lang.invoke.DirectMethodHandle$Holder.invokeStaticInit(java.lang.Object, int, int, int, int)'> (0x0000000713a37730) 
thrown [s\src\hotspot\share\interpreter\linkResolver.cpp, line 759]
Event: 0.570 Thread 0x0000020acd717830 Exception <a 'java/lang/NoSuchMethodError'{0x0000000713a7c978}: 'java.lang.Object java.lang.invoke.DirectMethodHandle$Holder.invokeStaticInit(java.lang.Object, java.lang.Object, int, int, int, int)'> (0x0000000713a7c978) 
thrown [s\src\hotspot\share\interpreter\linkResolver.cpp, line 759]
Event: 0.581 Thread 0x0000020acd717830 Exception <a 'java/lang/ClassNotFoundException'{0x0000000713a986e0}: javax/management/remote/rmi/RMIServerImpl_Skel> (0x0000000713a986e0) 
thrown [s\src\hotspot\share\classfile\systemDictionary.cpp, line 256]
Event: 0.605 Thread 0x0000020acd717830 Exception <a 'java/lang/ClassNotFoundException'{0x0000000713ade618}: jdk/internal/agent/resources/spi/agentProvider> (0x0000000713ade618) 
thrown [s\src\hotspot\share\classfile\systemDictionary.cpp, line 256]
Event: 0.685 Thread 0x0000020acd717830 Exception <a 'java/lang/ClassNotFoundException'{0x00000007139604b8}: javax/smartcardio/CardPermission> (0x00000007139604b8) 
thrown [s\src\hotspot\share\classfile\systemDictionary.cpp, line 256]
Event: 0.688 Thread 0x0000020acd717830 Exception <a 'java/io/FileNotFoundException'{0x000000071396eb88}> (0x000000071396eb88) 
thrown [s\src\hotspot\share\prims\jni.cpp, line 516]
Event: 0.709 Thread 0x0000020acd717830 Exception <a 'java/lang/NoSuchMethodError'{0x00000007139cf5e8}: 'java.lang.Object java.lang.invoke.DirectMethodHandle$Holder.invokeSpecial(java.lang.Object, java.lang.Object, java.lang.Object, long, java.lang.Object)'> (0x00000007139cf5e8) 
thrown [s\src\hotspot\share\interpreter\linkResolver.cpp, line 759]
Event: 0.710 Thread 0x0000020acd717830 Exception <a 'java/lang/NoSuchMethodError'{0x00000007139d31b8}: 'java.lang.Object java.lang.invoke.Invokers$Holder.linkToTargetMethod(java.lang.Object, long, java.lang.Object, java.lang.Object)'> (0x00000007139d31b8) 
thrown [s\src\hotspot\share\interpreter\linkResolver.cpp, line 759]
Event: 0.743 Thread 0x0000020acd717830 Implicit null exception at 0x0000020ad967a6fe to 0x0000020ad967baf8
Event: 0.744 Thread 0x0000020acd717830 Implicit null exception at 0x0000020ad967360f to 0x0000020ad9673689
Event: 0.775 Thread 0x0000020acd717830 Exception <a 'java/lang/NoSuchMethodError'{0x00000007137d31b8}: 'void java.lang.invoke.DirectMethodHandle$Holder.invokeStatic(java.lang.Object, java.lang.Object, java.lang.Object, java.lang.Object)'> (0x00000007137d31b8) 
thrown [s\src\hotspot\share\interpreter\linkResolver.cpp, line 759]
Event: 0.826 Thread 0x0000020acd717830 Exception <a 'java/lang/NoSuchMethodError'{0x00000007134f3270}: 'int java.lang.invoke.DirectMethodHandle$Holder.invokeStaticInit(java.lang.Object, java.lang.Object)'> (0x00000007134f3270) 
thrown [s\src\hotspot\share\interpreter\linkResolver.cpp, line 759]
Event: 0.874 Thread 0x0000020acd717830 Exception <a 'java/lang/NoSuchMethodError'{0x00000007135369d0}: 'void java.lang.invoke.DirectMethodHandle$Holder.invokeInterface(java.lang.Object, java.lang.Object, java.lang.Object, java.lang.Object)'> (0x00000007135369d0) 
thrown [s\src\hotspot\share\interpreter\linkResolver.cpp, line 759]
Event: 0.921 Thread 0x0000020acd717830 Exception <a 'java/lang/NoSuchMethodError'{0x00000007132ccb88}: 'java.lang.Object java.lang.invoke.DirectMethodHandle$Holder.invokeInterface(java.lang.Object, java.lang.Object)'> (0x00000007132ccb88) 
thrown [s\src\hotspot\share\interpreter\linkResolver.cpp, line 759]
Event: 0.928 Thread 0x0000020acd717830 Exception <a 'java/lang/NoSuchMethodError'{0x000000071331af68}: 'java.lang.Object java.lang.invoke.DirectMethodHandle$Holder.invokeSpecialIFC(java.lang.Object, java.lang.Object, java.lang.Object, java.lang.Object)'> (0x000000071331af68) 
thrown [s\src\hotspot\share\interpreter\linkResolver.cpp, line 759]
Event: 0.934 Thread 0x0000020acd717830 Exception <a 'java/lang/NoSuchMethodError'{0x00000007133392e0}: 'java.lang.Object java.lang.invoke.DirectMethodHandle$Holder.invokeInterface(java.lang.Object, java.lang.Object, java.lang.Object)'> (0x00000007133392e0) 
thrown [s\src\hotspot\share\interpreter\linkResolver.cpp, line 759]

VM Operations (16 events):
Event: 0.191 Executing VM operation: HandshakeAllThreads
Event: 0.191 Executing VM operation: HandshakeAllThreads done
Event: 0.350 Executing VM operation: HandshakeAllThreads
Event: 0.350 Executing VM operation: HandshakeAllThreads done
Event: 0.454 Executing VM operation: HandshakeAllThreads
Event: 0.454 Executing VM operation: HandshakeAllThreads done
Event: 0.482 Executing VM operation: HandshakeAllThreads
Event: 0.482 Executing VM operation: HandshakeAllThreads done
Event: 0.489 Executing VM operation: G1CollectForAllocation
Event: 0.493 Executing VM operation: G1CollectForAllocation done
Event: 0.581 Executing VM operation: HandshakeAllThreads
Event: 0.581 Executing VM operation: HandshakeAllThreads done
Event: 0.655 Executing VM operation: HandshakeAllThreads
Event: 0.655 Executing VM operation: HandshakeAllThreads done
Event: 0.658 Executing VM operation: HandshakeAllThreads
Event: 0.658 Executing VM operation: HandshakeAllThreads done

Events (20 events):
Event: 0.919 loading class java/lang/StackStreamFactory
Event: 0.919 loading class java/lang/StackStreamFactory done
Event: 0.919 loading class java/lang/StackWalker$ExtendedOption
Event: 0.919 loading class java/lang/StackWalker$ExtendedOption done
Event: 0.919 loading class java/lang/StackStreamFactory$StackFrameTraverser
Event: 0.920 loading class java/lang/StackStreamFactory$StackFrameTraverser done
Event: 0.920 loading class java/lang/StackStreamFactory$WalkerState
Event: 0.920 loading class java/lang/StackStreamFactory$WalkerState done
Event: 0.920 loading class java/lang/StackStreamFactory$1
Event: 0.920 loading class java/lang/StackStreamFactory$1 done
Event: 0.920 loading class java/lang/StackStreamFactory$StackFrameTraverser$StackFrameBuffer
Event: 0.920 loading class java/lang/StackStreamFactory$FrameBuffer
Event: 0.920 loading class java/lang/StackStreamFactory$FrameBuffer done
Event: 0.920 loading class java/lang/StackStreamFactory$StackFrameTraverser$StackFrameBuffer done
Event: 0.925 loading class java/util/concurrent/RejectedExecutionException
Event: 0.925 loading class java/util/concurrent/RejectedExecutionException done
Event: 0.934 loading class java/util/stream/Nodes$FixedNodeBuilder
Event: 0.934 loading class java/util/stream/Nodes$ArrayNode
Event: 0.934 loading class java/util/stream/Nodes$ArrayNode done
Event: 0.934 loading class java/util/stream/Nodes$FixedNodeBuilder done


Dynamic libraries:
0x00007ff695730000 - 0x00007ff69573e000 	C:\Users\alavudheen.e\.vscode\extensions\redhat.java-1.33.0-win32-x64\jre\17.0.11-win32-x86_64\bin\java.exe
0x00007ffa59190000 - 0x00007ffa59388000 	C:\WINDOWS\SYSTEM32\ntdll.dll
0x00007ffa58280000 - 0x00007ffa5833d000 	C:\WINDOWS\System32\KERNEL32.DLL
0x00007ffa56850000 - 0x00007ffa56b46000 	C:\WINDOWS\System32\KERNELBASE.dll
0x00007ffa56d30000 - 0x00007ffa56e30000 	C:\WINDOWS\System32\ucrtbase.dll
0x00007ffa42fd0000 - 0x00007ffa42fe7000 	C:\Users\alavudheen.e\.vscode\extensions\redhat.java-1.33.0-win32-x64\jre\17.0.11-win32-x86_64\bin\jli.dll
0x00007ffa589e0000 - 0x00007ffa58b7f000 	C:\WINDOWS\System32\USER32.dll
0x00007ffa56c70000 - 0x00007ffa56c92000 	C:\WINDOWS\System32\win32u.dll
0x00007ffa589b0000 - 0x00007ffa589db000 	C:\WINDOWS\System32\GDI32.dll
0x00007ffa56b50000 - 0x00007ffa56c67000 	C:\WINDOWS\System32\gdi32full.dll
0x00007ffa57030000 - 0x00007ffa570cd000 	C:\WINDOWS\System32\msvcp_win.dll
0x00007ffa3bf30000 - 0x00007ffa3bf4b000 	C:\Users\alavudheen.e\.vscode\extensions\redhat.java-1.33.0-win32-x64\jre\17.0.11-win32-x86_64\bin\VCRUNTIME140.dll
0x00007ffa3e870000 - 0x00007ffa3eb0a000 	C:\WINDOWS\WinSxS\amd64_microsoft.windows.common-controls_6595b64144ccf1df_6.0.19041.4355_none_60b8b9eb71f62e16\COMCTL32.dll
0x00007ffa57780000 - 0x00007ffa5781e000 	C:\WINDOWS\System32\msvcrt.dll
0x00007ffa58ff0000 - 0x00007ffa5901f000 	C:\WINDOWS\System32\IMM32.DLL
0x00007ffa42bf0000 - 0x00007ffa42bfc000 	C:\Users\alavudheen.e\.vscode\extensions\redhat.java-1.33.0-win32-x64\jre\17.0.11-win32-x86_64\bin\vcruntime140_1.dll
0x00007ffa0c7d0000 - 0x00007ffa0c85d000 	C:\Users\alavudheen.e\.vscode\extensions\redhat.java-1.33.0-win32-x64\jre\17.0.11-win32-x86_64\bin\msvcp140.dll
0x00007ff95f250000 - 0x00007ff95feb2000 	C:\Users\alavudheen.e\.vscode\extensions\redhat.java-1.33.0-win32-x64\jre\17.0.11-win32-x86_64\bin\server\jvm.dll
0x00007ffa57370000 - 0x00007ffa57420000 	C:\WINDOWS\System32\ADVAPI32.dll
0x00007ffa57420000 - 0x00007ffa574c0000 	C:\WINDOWS\System32\sechost.dll
0x00007ffa574c0000 - 0x00007ffa575e3000 	C:\WINDOWS\System32\RPCRT4.dll
0x00007ffa56e30000 - 0x00007ffa56e57000 	C:\WINDOWS\System32\bcrypt.dll
0x00007ffa55e40000 - 0x00007ffa55e8b000 	C:\WINDOWS\SYSTEM32\POWRPROF.dll
0x00007ffa387f0000 - 0x00007ffa387f9000 	C:\WINDOWS\SYSTEM32\WSOCK32.dll
0x00007ffa47fe0000 - 0x00007ffa48007000 	C:\WINDOWS\SYSTEM32\WINMM.dll
0x00007ffa58210000 - 0x00007ffa5827b000 	C:\WINDOWS\System32\WS2_32.dll
0x00007ffa56280000 - 0x00007ffa5628a000 	C:\WINDOWS\SYSTEM32\VERSION.dll
0x00007ffa558a0000 - 0x00007ffa558b2000 	C:\WINDOWS\SYSTEM32\UMPDC.dll
0x00007ffa54ae0000 - 0x00007ffa54af2000 	C:\WINDOWS\SYSTEM32\kernel.appcore.dll
0x00007ffa42880000 - 0x00007ffa4288a000 	C:\Users\alavudheen.e\.vscode\extensions\redhat.java-1.33.0-win32-x64\jre\17.0.11-win32-x86_64\bin\jimage.dll
0x00007ffa54810000 - 0x00007ffa549f4000 	C:\WINDOWS\SYSTEM32\DBGHELP.DLL
0x00007ffa38d20000 - 0x00007ffa38d54000 	C:\WINDOWS\SYSTEM32\dbgcore.DLL
0x00007ffa56ca0000 - 0x00007ffa56d22000 	C:\WINDOWS\System32\bcryptPrimitives.dll
0x00007ffa1e520000 - 0x00007ffa1e545000 	C:\Users\alavudheen.e\.vscode\extensions\redhat.java-1.33.0-win32-x64\jre\17.0.11-win32-x86_64\bin\java.dll
0x00007ffa1e800000 - 0x00007ffa1e818000 	C:\Users\alavudheen.e\.vscode\extensions\redhat.java-1.33.0-win32-x64\jre\17.0.11-win32-x86_64\bin\zip.dll
0x00007ffa57aa0000 - 0x00007ffa5820c000 	C:\WINDOWS\System32\SHELL32.dll
0x00007ffa53fa0000 - 0x00007ffa5473d000 	C:\WINDOWS\SYSTEM32\windows.storage.dll
0x00007ffa58340000 - 0x00007ffa58693000 	C:\WINDOWS\System32\combase.dll
0x00007ffa55de0000 - 0x00007ffa55e0e000 	C:\WINDOWS\SYSTEM32\Wldp.dll
0x00007ffa59020000 - 0x00007ffa590ed000 	C:\WINDOWS\System32\OLEAUT32.dll
0x00007ffa58740000 - 0x00007ffa587ed000 	C:\WINDOWS\System32\SHCORE.dll
0x00007ffa57310000 - 0x00007ffa57365000 	C:\WINDOWS\System32\shlwapi.dll
0x00007ffa56780000 - 0x00007ffa567a4000 	C:\WINDOWS\SYSTEM32\profapi.dll
0x00007ffa1a290000 - 0x00007ffa1a2a9000 	C:\Users\alavudheen.e\.vscode\extensions\redhat.java-1.33.0-win32-x64\jre\17.0.11-win32-x86_64\bin\net.dll
0x00007ffa4de50000 - 0x00007ffa4df5a000 	C:\WINDOWS\SYSTEM32\WINHTTP.dll
0x00007ffa55bc0000 - 0x00007ffa55c2a000 	C:\WINDOWS\system32\mswsock.dll
0x00007ffa1a270000 - 0x00007ffa1a286000 	C:\Users\alavudheen.e\.vscode\extensions\redhat.java-1.33.0-win32-x64\jre\17.0.11-win32-x86_64\bin\nio.dll
0x00007ffa3d600000 - 0x00007ffa3d609000 	C:\Users\alavudheen.e\.vscode\extensions\redhat.java-1.33.0-win32-x64\jre\17.0.11-win32-x86_64\bin\management.dll
0x00007ffa3b7f0000 - 0x00007ffa3b7fb000 	C:\Users\alavudheen.e\.vscode\extensions\redhat.java-1.33.0-win32-x64\jre\17.0.11-win32-x86_64\bin\management_ext.dll
0x00007ffa57300000 - 0x00007ffa57308000 	C:\WINDOWS\System32\PSAPI.DLL
0x00007ffa382b0000 - 0x00007ffa382c7000 	C:\WINDOWS\system32\napinsp.dll
0x00007ffa38290000 - 0x00007ffa382ab000 	C:\WINDOWS\system32\pnrpnsp.dll
0x00007ffa4e5f0000 - 0x00007ffa4e605000 	C:\WINDOWS\system32\wshbth.dll
0x00007ffa4e9d0000 - 0x00007ffa4e9ed000 	C:\WINDOWS\system32\NLAapi.dll
0x00007ffa558c0000 - 0x00007ffa558fb000 	C:\WINDOWS\SYSTEM32\IPHLPAPI.DLL
0x00007ffa55910000 - 0x00007ffa559da000 	C:\WINDOWS\SYSTEM32\DNSAPI.dll
0x00007ffa589a0000 - 0x00007ffa589a8000 	C:\WINDOWS\System32\NSI.dll
0x00007ffa387d0000 - 0x00007ffa387e2000 	C:\WINDOWS\System32\winrnr.dll
0x00007ffa4bab0000 - 0x00007ffa4baba000 	C:\Windows\System32\rasadhlp.dll
0x00007ffa4c1f0000 - 0x00007ffa4c270000 	C:\WINDOWS\System32\fwpuclnt.dll
0x00007ffa55e20000 - 0x00007ffa55e38000 	C:\WINDOWS\SYSTEM32\CRYPTSP.dll
0x00007ffa554e0000 - 0x00007ffa55514000 	C:\WINDOWS\system32\rsaenh.dll
0x00007ffa566f0000 - 0x00007ffa5671e000 	C:\WINDOWS\SYSTEM32\USERENV.dll
0x00007ffa55d50000 - 0x00007ffa55d5c000 	C:\WINDOWS\SYSTEM32\CRYPTBASE.dll
0x00007ffa4c410000 - 0x00007ffa4c427000 	C:\WINDOWS\SYSTEM32\dhcpcsvc6.DLL
0x00007ffa4c2a0000 - 0x00007ffa4c2bd000 	C:\WINDOWS\SYSTEM32\dhcpcsvc.DLL
0x00007ffa389b0000 - 0x00007ffa389b9000 	C:\Users\alavudheen.e\.vscode\extensions\redhat.java-1.33.0-win32-x64\jre\17.0.11-win32-x86_64\bin\extnet.dll

dbghelp: loaded successfully - version: 4.0.5 - missing functions: none
symbol engine: initialized successfully - sym options: 0x614 - pdb path: .;C:\Users\alavudheen.e\.vscode\extensions\redhat.java-1.33.0-win32-x64\jre\17.0.11-win32-x86_64\bin;C:\WINDOWS\SYSTEM32;C:\WINDOWS\WinSxS\amd64_microsoft.windows.common-controls_6595b64144ccf1df_6.0.19041.4355_none_60b8b9eb71f62e16;C:\Users\alavudheen.e\.vscode\extensions\redhat.java-1.33.0-win32-x64\jre\17.0.11-win32-x86_64\bin\server

VM Arguments:
jvm_args: -Dcom.sun.management.jmxremote -Dcom.sun.management.jmxremote.port=52367 -Dcom.sun.management.jmxremote.authenticate=false -Dcom.sun.management.jmxremote.ssl=false -Dspring.jmx.enabled=true -Djava.rmi.server.hostname=localhost -Dspring.application.admin.enabled=true -Dspring.boot.project.name=ServiceBookingSystem -XX:+ShowCodeDetailsInExceptionMessages 
java_command: com.ReachU.ServiceBookingSystem.ServiceBookingSystemApplication
java_class_path (initial): D:\New Workout BRC\Week 22 ReachU Project Dev\ServiceBookingSystem-ReachU\ServiceBookingSystem\ServiceBookingSystem\ServiceBookingSystem\target\classes;C:\Users\alavudheen.e\.m2\repository\org\springframework\boot\spring-boot-starter-mail\3.3.1\spring-boot-starter-mail-3.3.1.jar;C:\Users\alavudheen.e\.m2\repository\org\springframework\boot\spring-boot-starter\3.3.1\spring-boot-starter-3.3.1.jar;C:\Users\alavudheen.e\.m2\repository\org\springframework\boot\spring-boot\3.3.1\spring-boot-3.3.1.jar;C:\Users\alavudheen.e\.m2\repository\org\springframework\boot\spring-boot-autoconfigure\3.3.1\spring-boot-autoconfigure-3.3.1.jar;C:\Users\alavudheen.e\.m2\repository\org\springframework\boot\spring-boot-starter-logging\3.3.1\spring-boot-starter-logging-3.3.1.jar;C:\Users\alavudheen.e\.m2\repository\ch\qos\logback\logback-classic\1.5.6\logback-classic-1.5.6.jar;C:\Users\alavudheen.e\.m2\repository\ch\qos\logback\logback-core\1.5.6\logback-core-1.5.6.jar;C:\Users\alavudheen.e\.m2\repository\org\apache\logging\log4j\log4j-to-slf4j\2.23.1\log4j-to-slf4j-2.23.1.jar;C:\Users\alavudheen.e\.m2\repository\org\apache\logging\log4j\log4j-api\2.23.1\log4j-api-2.23.1.jar;C:\Users\alavudheen.e\.m2\repository\org\slf4j\jul-to-slf4j\2.0.13\jul-to-slf4j-2.0.13.jar;C:\Users\alavudheen.e\.m2\repository\jakarta\annotation\jakarta.annotation-api\2.1.1\jakarta.annotation-api-2.1.1.jar;C:\Users\alavudheen.e\.m2\repository\org\yaml\snakeyaml\2.2\snakeyaml-2.2.jar;C:\Users\alavudheen.e\.m2\repository\org\springframework\spring-context-support\6.1.10\spring-context-support-6.1.10.jar;C:\Users\alavudheen.e\.m2\repository\org\springframework\spring-beans\6.1.10\spring-beans-6.1.10.jar;C:\Users\alavudheen.e\.m2\repository\org\springframework\spring-context\6.1.10\spring-context-6.1.10.jar;C:\Users\alavudheen.e\.m2\repository\org\eclipse\angus\jakarta.mail\2.0.3\jakarta.mail-2.0.3.jar;C:\Users\alavudheen.e\.m2\repository\jakarta\activation\jakarta.activation-api\2.1.3\jakarta
Launcher Type: SUN_STANDARD

[Global flags]
     intx CICompilerCount                          = 3                                         {product} {ergonomic}
     uint ConcGCThreads                            = 1                                         {product} {ergonomic}
     uint G1ConcRefinementThreads                  = 4                                         {product} {ergonomic}
   size_t G1HeapRegionSize                         = 2097152                                   {product} {ergonomic}
    uintx GCDrainStackTargetSize                   = 64                                        {product} {ergonomic}
   size_t InitialHeapSize                          = 264241152                                 {product} {ergonomic}
     bool ManagementServer                         = true                                      {product} {command line}
   size_t MarkStackSize                            = 4194304                                   {product} {ergonomic}
   size_t MaxHeapSize                              = 4227858432                                {product} {ergonomic}
   size_t MaxNewSize                               = 2535456768                                {product} {ergonomic}
   size_t MinHeapDeltaBytes                        = 2097152                                   {product} {ergonomic}
   size_t MinHeapSize                              = 8388608                                   {product} {ergonomic}
    uintx NonNMethodCodeHeapSize                   = 5832780                                {pd product} {ergonomic}
    uintx NonProfiledCodeHeapSize                  = 122912730                              {pd product} {ergonomic}
    uintx ProfiledCodeHeapSize                     = 122912730                              {pd product} {ergonomic}
    uintx ReservedCodeCacheSize                    = 251658240                              {pd product} {ergonomic}
     bool SegmentedCodeCache                       = true                                      {product} {ergonomic}
     bool ShowCodeDetailsInExceptionMessages       = true                                   {manageable} {command line}
   size_t SoftMaxHeapSize                          = 4227858432                             {manageable} {ergonomic}
     bool UseCompressedClassPointers               = true                           {product lp64_product} {ergonomic}
     bool UseCompressedOops                        = true                           {product lp64_product} {ergonomic}
     bool UseG1GC                                  = true                                      {product} {ergonomic}
     bool UseLargePagesIndividualAllocation        = false                                  {pd product} {ergonomic}

Logging:
Log output configuration:
 #0: stdout all=warning uptime,level,tags
 #1: stderr all=off uptime,level,tags

Environment Variables:
JAVA_HOME=C:\Program Files\Microsoft\jdk-11.0.24.8-hotspot\
PATH=C:\Program Files\Microsoft\jdk-11.0.24.8-hotspot\bin;C:\WINDOWS\system32;C:\WINDOWS;C:\WINDOWS\System32\Wbem;C:\WINDOWS\System32\WindowsPowerShell\v1.0\;C:\WINDOWS\System32\OpenSSH\;C:\Program Files (x86)\Microsoft SQL Server\150\DTS\Binn\;C:\Program Files\Microsoft SQL Server\150\Tools\Binn\;C:\Program Files\Microsoft SQL Server\Client SDK\ODBC\170\Tools\Binn\;C:\Program Files\apache-maven-3.9.2\bin;C:\Program Files\dotnet\;C:\Program Files (x86)\Microsoft SQL Server\160\DTS\Binn\;C:\Program Files\Azure Data Studio\bin;C:\Program Files\nodejs;C:\Program Files\Git\cmd;C:\Program Files\MySQL\MySQL Shell 8.0\bin\;C:\Program Files\Java\jdk-19.0.2\bin;C:\src\flutter\bin;C:\Users\alavudheen.e\.dotnet\tools;C:\Users\alavudheen.e\AppData\Local\Programs\Microsoft VS Code\bin;D:\mongosh-2.0.2-win32-x64\mongosh-2.0.2-win32-x64\bin;C:\Users\alavudheen.e\.nuget\packages\xamarin.firebase.ios.installations\8.10.0.3\lib\xamarinios10\Firebase.Installations.resources\FirebaseInstallations.xcframework\ios-arm64_x86_64-simulator\FirebaseInstallations.framework\Headers;C:\Users\alavudheen.e\AppData\Roaming\npm
USERNAME=alavudheen.e
LANG=en_US.UTF-8
OS=Windows_NT
PROCESSOR_IDENTIFIER=Intel64 Family 6 Model 140 Stepping 1, GenuineIntel
TMP=C:\Users\ALAVUD~1.E\AppData\Local\Temp
TEMP=C:\Users\ALAVUD~1.E\AppData\Local\Temp



Periodic native trim disabled


---------------  S Y S T E M  ---------------

OS:
 Windows 10 , 64 bit Build 19041 (10.0.19041.3636)
OS uptime: 3 days 6:16 hours
Hyper-V role detected

CPU: total 4 (initial active 4) (2 cores per cpu, 2 threads per core) family 6 model 140 stepping 1 microcode 0xa4, cx8, cmov, fxsr, ht, mmx, 3dnowpref, sse, sse2, sse3, ssse3, sse4.1, sse4.2, popcnt, lzcnt, tsc, tscinvbit, avx, avx2, aes, erms, clmul, bmi1, bmi2, adx, avx512f, avx512dq, avx512cd, avx512bw, avx512vl, sha, fma, vzeroupper, avx512_vpopcntdq, avx512_vpclmulqdq, avx512_vaes, avx512_vnni, clflush, clflushopt, clwb, avx512_vbmi2, avx512_vbmi, hv
Processor Information for all 4 processors :
  Max Mhz: 2189, Current Mhz: 2189, Mhz Limit: 2189

Memory: 4k page, system-wide physical 16126M (1134M free)
TotalPageFile size 31666M (AvailPageFile size 6M)
current process WorkingSet (physical memory assigned to process): 88M, peak: 88M
current process commit charge ("private bytes"): 354M, peak: 356M

vm_info: OpenJDK 64-Bit Server VM (17.0.11+9) for windows-amd64 JRE (17.0.11+9), built on Apr 17 2024 06:07:48 by "admin" with MS VC++ 16.10 / 16.11 (VS2019)

END.
