#
# There is insufficient memory for the Java Runtime Environment to continue.
# Native memory allocation (malloc) failed to allocate 1048576 bytes. Error detail: AllocateHeap
# Possible reasons:
#   The system is out of physical RAM or swap space
#   This process is running with CompressedOops enabled, and the Java Heap may be blocking the growth of the native heap
# Possible solutions:
#   Reduce memory load on the system
#   Increase physical memory or swap space
#   Check if swap backing store is full
#   Decrease Java heap size (-Xmx/-Xms)
#   Decrease number of Java threads
#   Decrease Java thread stack sizes (-Xss)
#   Set larger code cache with -XX:ReservedCodeCacheSize=
#   JVM is running with Unscaled Compressed Oops mode in which the Java heap is
#     placed in the first 4GB address space. The Java Heap base address is the
#     maximum limit for the native heap growth. Please use -XX:HeapBaseMinAddress
#     to set the Java Heap base and to place the Java Heap above 4GB virtual address.
# This output file may be truncated or incomplete.
#
#  Out of Memory Error (allocation.cpp:44), pid=8556, tid=6148
#
# JRE version: OpenJDK Runtime Environment Temurin-17.0.11+9 (17.0.11+9) (build 17.0.11+9)
# Java VM: OpenJDK 64-Bit Server VM Temurin-17.0.11+9 (17.0.11+9, mixed mode, emulated-client, tiered, compressed oops, compressed class ptrs, g1 gc, windows-amd64)
# No core dump will be written. Minidumps are not enabled by default on client versions of Windows
#

---------------  S U M M A R Y ------------

Command Line: -Xmx1024m -Dsts.lsp.client=vscode -Dsts.log.file=/dev/null -XX:TieredStopAtLevel=1 -Xlog:jni+resolve=off -Dspring.config.location=file:c:\Users\alavudheen.e\.vscode\extensions\vmware.vscode-spring-boot-1.56.0\language-server\BOOT-INF\classes\application.properties org.springframework.ide.vscode.boot.app.BootLanguageServerBootApp

Host: 11th Gen Intel(R) Core(TM) i3-1115G4 @ 3.00GHz, 4 cores, 15G,  Windows 10 , 64 bit Build 19041 (10.0.19041.3636)
Time: Sat Aug 24 20:28:16 2024 India Standard Time elapsed time: 525.279798 seconds (0d 0h 8m 45s)

---------------  T H R E A D  ---------------

Current thread (0x000002076e2519e0):  VMThread "VM Thread" [stack: 0x000000d2d0e00000,0x000000d2d0f00000] [id=6148]

Stack: [0x000000d2d0e00000,0x000000d2d0f00000]
Native frames: (J=compiled Java code, j=interpreted, Vv=VM code, C=native code)
V  [jvm.dll+0x67d429]
V  [jvm.dll+0x834b7a]
V  [jvm.dll+0x83663e]
V  [jvm.dll+0x836ca3]
V  [jvm.dll+0x247dbf]
V  [jvm.dll+0xa6cb3]
V  [jvm.dll+0x2f8ad3]
V  [jvm.dll+0x2f4750]
V  [jvm.dll+0x2dcf67]
V  [jvm.dll+0x31fb67]
V  [jvm.dll+0x83b19b]
V  [jvm.dll+0x83bed2]
V  [jvm.dll+0x83c3ed]
V  [jvm.dll+0x83c7c4]
V  [jvm.dll+0x83c890]
V  [jvm.dll+0x7e410a]
V  [jvm.dll+0x67c315]
C  [ucrtbase.dll+0x21bb2]
C  [KERNEL32.DLL+0x17344]
C  [ntdll.dll+0x4cc91]

VM_Operation (0x000000d2d21fef30): G1CollectFull, mode: safepoint, requested by thread 0x0000020773d885f0


---------------  P R O C E S S  ---------------

Threads class SMR info:
_java_thread_list=0x0000020774a12c60, length=20, elements={
0x000002076e254ba0, 0x000002076e255670, 0x000002076e2ba130, 0x000002076e2baa00,
0x000002076e2bb2d0, 0x000002076e259fb0, 0x000002076e25a540, 0x000002076e25ae50,
0x000002076e4be230, 0x000002076e4d0590, 0x0000020773d62bf0, 0x0000020773d885f0,
0x0000020773de1dc0, 0x0000020761ce9ad0, 0x0000020773cc85d0, 0x0000020773dab620,
0x0000020773efcf90, 0x0000020773efca80, 0x0000020773efd4a0, 0x00000207740d0060
}

Java Threads: ( => current thread )
  0x000002076e254ba0 JavaThread "Reference Handler" daemon [_thread_blocked, id=23108, stack(0x000000d2d0f00000,0x000000d2d1000000)]
  0x000002076e255670 JavaThread "Finalizer" daemon [_thread_blocked, id=18996, stack(0x000000d2d1000000,0x000000d2d1100000)]
  0x000002076e2ba130 JavaThread "Signal Dispatcher" daemon [_thread_blocked, id=23708, stack(0x000000d2d1100000,0x000000d2d1200000)]
  0x000002076e2baa00 JavaThread "Attach Listener" daemon [_thread_blocked, id=23804, stack(0x000000d2d1200000,0x000000d2d1300000)]
  0x000002076e2bb2d0 JavaThread "Service Thread" daemon [_thread_blocked, id=4508, stack(0x000000d2d1300000,0x000000d2d1400000)]
  0x000002076e259fb0 JavaThread "Monitor Deflation Thread" daemon [_thread_blocked, id=28332, stack(0x000000d2d1400000,0x000000d2d1500000)]
  0x000002076e25a540 JavaThread "C1 CompilerThread0" daemon [_thread_blocked, id=26580, stack(0x000000d2d1500000,0x000000d2d1600000)]
  0x000002076e25ae50 JavaThread "Sweeper thread" daemon [_thread_blocked, id=2292, stack(0x000000d2d1600000,0x000000d2d1700000)]
  0x000002076e4be230 JavaThread "Notification Thread" daemon [_thread_blocked, id=23716, stack(0x000000d2d1700000,0x000000d2d1800000)]
  0x000002076e4d0590 JavaThread "Common-Cleaner" daemon [_thread_blocked, id=19416, stack(0x000000d2d1900000,0x000000d2d1a00000)]
  0x0000020773d62bf0 JavaThread "boundedElastic-evictor-1" daemon [_thread_blocked, id=14452, stack(0x000000d2d2000000,0x000000d2d2100000)]
  0x0000020773d885f0 JavaThread "pool-13-thread-1" [_thread_blocked, id=9028, stack(0x000000d2d2100000,0x000000d2d2200000)]
  0x0000020773de1dc0 JavaThread "LanguageServerApp-lifecycle" [_thread_blocked, id=8768, stack(0x000000d2d2200000,0x000000d2d2300000)]
  0x0000020761ce9ad0 JavaThread "DestroyJavaVM" [_thread_blocked, id=20676, stack(0x000000d2d0800000,0x000000d2d0900000)]
  0x0000020773cc85d0 JavaThread "pool-14-thread-1" [_thread_in_native, id=12464, stack(0x000000d2d2300000,0x000000d2d2400000)]
  0x0000020773dab620 JavaThread "Simple-Language-Server main thread" daemon [_thread_blocked, id=15552, stack(0x000000d2d2400000,0x000000d2d2500000)]
  0x0000020773efcf90 JavaThread "pool-6-thread-1" [_thread_blocked, id=23764, stack(0x000000d2d2700000,0x000000d2d2800000)]
  0x0000020773efca80 JavaThread "parallel-1" daemon [_thread_blocked, id=23584, stack(0x000000d2d2800000,0x000000d2d2900000)]
  0x0000020773efd4a0 JavaThread "parallel-2" daemon [_thread_blocked, id=13048, stack(0x000000d2d2900000,0x000000d2d2a00000)]
  0x00000207740d0060 JavaThread "CompletableFutureDelayScheduler" daemon [_thread_blocked, id=7488, stack(0x000000d2d3600000,0x000000d2d3700000)]

Other Threads:
=>0x000002076e2519e0 VMThread "VM Thread" [stack: 0x000000d2d0e00000,0x000000d2d0f00000] [id=6148]
  0x000002076e4be710 WatcherThread [stack: 0x000000d2d1800000,0x000000d2d1900000] [id=404]
  0x0000020761d25670 GCTaskThread "GC Thread#0" [stack: 0x000000d2d0900000,0x000000d2d0a00000] [id=8456]
  0x000002076e65ec50 GCTaskThread "GC Thread#1" [stack: 0x000000d2d1b00000,0x000000d2d1c00000] [id=1212]
  0x000002076ebd36c0 GCTaskThread "GC Thread#2" [stack: 0x000000d2d1c00000,0x000000d2d1d00000] [id=12004]
  0x000002076ebd3980 GCTaskThread "GC Thread#3" [stack: 0x000000d2d1d00000,0x000000d2d1e00000] [id=22356]
  0x0000020761d2e5c0 ConcurrentGCThread "G1 Main Marker" [stack: 0x000000d2d0a00000,0x000000d2d0b00000] [id=13804]
  0x0000020761d2efe0 ConcurrentGCThread "G1 Conc#0" [stack: 0x000000d2d0b00000,0x000000d2d0c00000] [id=29216]
  0x0000020761d8e1a0 ConcurrentGCThread "G1 Refine#0" [stack: 0x000000d2d0c00000,0x000000d2d0d00000] [id=20984]
  0x0000020761d8ebd0 ConcurrentGCThread "G1 Service" [stack: 0x000000d2d0d00000,0x000000d2d0e00000] [id=14292]

Threads with active compile tasks:

VM state: at safepoint (normal execution)

VM Mutex/Monitor currently owned by a thread:  ([mutex/lock_event])
[0x0000020761bd8080] Threads_lock - owner thread: 0x000002076e2519e0
[0x0000020761ce6d60] Heap_lock - owner thread: 0x0000020773d885f0

Heap address: 0x00000000c0000000, size: 1024 MB, Compressed Oops mode: 32-bit

CDS archive(s) not mapped
Compressed class space mapped at: 0x0000000100000000-0x0000000140000000, reserved size: 1073741824
Narrow klass base: 0x0000000000000000, Narrow klass shift: 3, Narrow klass range: 0x140000000

GC Precious Log:
 CPUs: 4 total, 4 available
 Memory: 16126M
 Large Page Support: Disabled
 NUMA Support: Disabled
 Compressed Oops: Enabled (32-bit)
 Heap Region Size: 1M
 Heap Min Capacity: 8M
 Heap Initial Capacity: 252M
 Heap Max Capacity: 1G
 Pre-touch: Disabled
 Parallel Workers: 4
 Concurrent Workers: 1
 Concurrent Refinement Workers: 4
 Periodic GC: Disabled

Heap:
 garbage-first heap   total 106496K, used 30895K [0x00000000c0000000, 0x0000000100000000)
  region size 1024K, 1 young (1024K), 0 survivors (0K)
 Metaspace       used 60804K, committed 61504K, reserved 1114112K
  class space    used 7358K, committed 7616K, reserved 1048576K

Heap Regions: E=young(eden), S=young(survivor), O=old, HS=humongous(starts), HC=humongous(continues), CS=collection set, F=free, OA=open archive, CA=closed archive, TAMS=top-at-mark-start (previous, next)
|   0|0x00000000c0000000, 0x00000000c0100000, 0x00000000c0100000|100%|HS|  |TAMS 0x00000000c0100000, 0x00000000c0000000| Untracked 
|   1|0x00000000c0100000, 0x00000000c0200000, 0x00000000c0200000|100%|HC|  |TAMS 0x00000000c0200000, 0x00000000c0100000| Untracked 
|   2|0x00000000c0200000, 0x00000000c0300000, 0x00000000c0300000|100%|HC|  |TAMS 0x00000000c0300000, 0x00000000c0200000| Untracked 
|   3|0x00000000c0300000, 0x00000000c0400000, 0x00000000c0400000|100%|HC|  |TAMS 0x00000000c0400000, 0x00000000c0300000| Untracked 
|   4|0x00000000c0400000, 0x00000000c0500000, 0x00000000c0500000|100%| O|  |TAMS 0x00000000c0500000, 0x00000000c0400000| Untracked 
|   5|0x00000000c0500000, 0x00000000c05fbcd8, 0x00000000c0600000| 98%| O|  |TAMS 0x00000000c05fbcd8, 0x00000000c0500000| Untracked 
|   6|0x00000000c0600000, 0x00000000c06ffff8, 0x00000000c0700000| 99%| O|  |TAMS 0x00000000c06ffff8, 0x00000000c0600000| Untracked 
|   7|0x00000000c0700000, 0x00000000c0800000, 0x00000000c0800000|100%| O|  |TAMS 0x00000000c0800000, 0x00000000c0700000| Untracked 
|   8|0x00000000c0800000, 0x00000000c0900000, 0x00000000c0900000|100%| O|  |TAMS 0x00000000c0900000, 0x00000000c0800000| Untracked 
|   9|0x00000000c0900000, 0x00000000c0a00000, 0x00000000c0a00000|100%| O|  |TAMS 0x00000000c0a00000, 0x00000000c0900000| Untracked 
|  10|0x00000000c0a00000, 0x00000000c0b00000, 0x00000000c0b00000|100%|HS|  |TAMS 0x00000000c0b00000, 0x00000000c0a00000| Untracked 
|  11|0x00000000c0b00000, 0x00000000c0c00000, 0x00000000c0c00000|100%|HC|  |TAMS 0x00000000c0c00000, 0x00000000c0b00000| Untracked 
|  12|0x00000000c0c00000, 0x00000000c0d00000, 0x00000000c0d00000|100%| O|  |TAMS 0x00000000c0d00000, 0x00000000c0c00000| Untracked 
|  13|0x00000000c0d00000, 0x00000000c0dffff0, 0x00000000c0e00000| 99%| O|  |TAMS 0x00000000c0dffff0, 0x00000000c0d00000| Untracked 
|  14|0x00000000c0e00000, 0x00000000c0f00000, 0x00000000c0f00000|100%| O|  |TAMS 0x00000000c0f00000, 0x00000000c0e00000| Untracked 
|  15|0x00000000c0f00000, 0x00000000c0fffff0, 0x00000000c1000000| 99%| O|  |TAMS 0x00000000c0fffff0, 0x00000000c0f00000| Untracked 
|  16|0x00000000c1000000, 0x00000000c10fecf0, 0x00000000c1100000| 99%| O|  |TAMS 0x00000000c10fecf0, 0x00000000c1000000| Untracked 
|  17|0x00000000c1100000, 0x00000000c11fb828, 0x00000000c1200000| 98%| O|  |TAMS 0x00000000c11fb828, 0x00000000c1100000| Untracked 
|  18|0x00000000c1200000, 0x00000000c12fffc0, 0x00000000c1300000| 99%| O|  |TAMS 0x00000000c12fffc0, 0x00000000c1200000| Untracked 
|  19|0x00000000c1300000, 0x00000000c13ffff8, 0x00000000c1400000| 99%| O|  |TAMS 0x00000000c13ffff8, 0x00000000c1300000| Untracked 
|  20|0x00000000c1400000, 0x00000000c1500000, 0x00000000c1500000|100%| O|  |TAMS 0x00000000c1500000, 0x00000000c1400000| Untracked 
|  21|0x00000000c1500000, 0x00000000c15fffb0, 0x00000000c1600000| 99%| O|  |TAMS 0x00000000c15fffb0, 0x00000000c1500000| Untracked 
|  22|0x00000000c1600000, 0x00000000c16ffff0, 0x00000000c1700000| 99%| O|  |TAMS 0x00000000c16ffff0, 0x00000000c1600000| Untracked 
|  23|0x00000000c1700000, 0x00000000c17ffff8, 0x00000000c1800000| 99%| O|  |TAMS 0x00000000c17ffff8, 0x00000000c1700000| Untracked 
|  24|0x00000000c1800000, 0x00000000c18ffff8, 0x00000000c1900000| 99%| O|  |TAMS 0x00000000c18ffff8, 0x00000000c1800000| Untracked 
|  25|0x00000000c1900000, 0x00000000c1a00000, 0x00000000c1a00000|100%| O|  |TAMS 0x00000000c1a00000, 0x00000000c1900000| Untracked 
|  26|0x00000000c1a00000, 0x00000000c1b00000, 0x00000000c1b00000|100%| O|  |TAMS 0x00000000c1b00000, 0x00000000c1a00000| Untracked 
|  27|0x00000000c1b00000, 0x00000000c1bffff8, 0x00000000c1c00000| 99%| O|  |TAMS 0x00000000c1bffff8, 0x00000000c1b00000| Untracked 
|  28|0x00000000c1c00000, 0x00000000c1cffdd8, 0x00000000c1d00000| 99%| O|  |TAMS 0x00000000c1cffdd8, 0x00000000c1c00000| Untracked 
|  29|0x00000000c1d00000, 0x00000000c1dfbbb0, 0x00000000c1e00000| 98%| O|  |TAMS 0x00000000c1dfbbb0, 0x00000000c1d00000| Untracked 
|  30|0x00000000c1e00000, 0x00000000c1e3a4a0, 0x00000000c1f00000| 22%| O|  |TAMS 0x00000000c1e00000, 0x00000000c1e00000| Untracked 
|  31|0x00000000c1f00000, 0x00000000c1f00000, 0x00000000c2000000|  0%| F|  |TAMS 0x00000000c1f00000, 0x00000000c1f00000| Untracked 
|  32|0x00000000c2000000, 0x00000000c2000000, 0x00000000c2100000|  0%| F|  |TAMS 0x00000000c2000000, 0x00000000c2000000| Untracked 
|  33|0x00000000c2100000, 0x00000000c2100000, 0x00000000c2200000|  0%| F|  |TAMS 0x00000000c2100000, 0x00000000c2100000| Untracked 
|  34|0x00000000c2200000, 0x00000000c2200000, 0x00000000c2300000|  0%| F|  |TAMS 0x00000000c2200000, 0x00000000c2200000| Untracked 
|  35|0x00000000c2300000, 0x00000000c2300000, 0x00000000c2400000|  0%| F|  |TAMS 0x00000000c2300000, 0x00000000c2300000| Untracked 
|  36|0x00000000c2400000, 0x00000000c2400000, 0x00000000c2500000|  0%| F|  |TAMS 0x00000000c2400000, 0x00000000c2400000| Untracked 
|  37|0x00000000c2500000, 0x00000000c2500000, 0x00000000c2600000|  0%| F|  |TAMS 0x00000000c2500000, 0x00000000c2500000| Untracked 
|  38|0x00000000c2600000, 0x00000000c2600000, 0x00000000c2700000|  0%| F|  |TAMS 0x00000000c2600000, 0x00000000c2600000| Untracked 
|  39|0x00000000c2700000, 0x00000000c2700000, 0x00000000c2800000|  0%| F|  |TAMS 0x00000000c2700000, 0x00000000c2700000| Untracked 
|  40|0x00000000c2800000, 0x00000000c2800000, 0x00000000c2900000|  0%| F|  |TAMS 0x00000000c2800000, 0x00000000c2800000| Untracked 
|  41|0x00000000c2900000, 0x00000000c2900000, 0x00000000c2a00000|  0%| F|  |TAMS 0x00000000c2900000, 0x00000000c2900000| Untracked 
|  42|0x00000000c2a00000, 0x00000000c2a00000, 0x00000000c2b00000|  0%| F|  |TAMS 0x00000000c2a00000, 0x00000000c2a00000| Untracked 
|  43|0x00000000c2b00000, 0x00000000c2b00000, 0x00000000c2c00000|  0%| F|  |TAMS 0x00000000c2b00000, 0x00000000c2b00000| Untracked 
|  44|0x00000000c2c00000, 0x00000000c2c00000, 0x00000000c2d00000|  0%| F|  |TAMS 0x00000000c2c00000, 0x00000000c2c00000| Untracked 
|  45|0x00000000c2d00000, 0x00000000c2d00000, 0x00000000c2e00000|  0%| F|  |TAMS 0x00000000c2d00000, 0x00000000c2d00000| Untracked 
|  46|0x00000000c2e00000, 0x00000000c2e00000, 0x00000000c2f00000|  0%| F|  |TAMS 0x00000000c2e00000, 0x00000000c2e00000| Untracked 
|  47|0x00000000c2f00000, 0x00000000c2f00000, 0x00000000c3000000|  0%| F|  |TAMS 0x00000000c2f00000, 0x00000000c2f00000| Untracked 
|  48|0x00000000c3000000, 0x00000000c3000000, 0x00000000c3100000|  0%| F|  |TAMS 0x00000000c3000000, 0x00000000c3000000| Untracked 
|  49|0x00000000c3100000, 0x00000000c3100000, 0x00000000c3200000|  0%| F|  |TAMS 0x00000000c3100000, 0x00000000c3100000| Untracked 
|  50|0x00000000c3200000, 0x00000000c3200000, 0x00000000c3300000|  0%| F|  |TAMS 0x00000000c3200000, 0x00000000c3200000| Untracked 
|  51|0x00000000c3300000, 0x00000000c3300000, 0x00000000c3400000|  0%| F|  |TAMS 0x00000000c3300000, 0x00000000c3300000| Untracked 
|  52|0x00000000c3400000, 0x00000000c3400000, 0x00000000c3500000|  0%| F|  |TAMS 0x00000000c3400000, 0x00000000c3400000| Untracked 
|  53|0x00000000c3500000, 0x00000000c3500000, 0x00000000c3600000|  0%| F|  |TAMS 0x00000000c3500000, 0x00000000c3500000| Untracked 
|  54|0x00000000c3600000, 0x00000000c3600000, 0x00000000c3700000|  0%| F|  |TAMS 0x00000000c3600000, 0x00000000c3600000| Untracked 
|  55|0x00000000c3700000, 0x00000000c3700000, 0x00000000c3800000|  0%| F|  |TAMS 0x00000000c3700000, 0x00000000c3700000| Untracked 
|  56|0x00000000c3800000, 0x00000000c3800000, 0x00000000c3900000|  0%| F|  |TAMS 0x00000000c3800000, 0x00000000c3800000| Untracked 
|  57|0x00000000c3900000, 0x00000000c3900000, 0x00000000c3a00000|  0%| F|  |TAMS 0x00000000c3900000, 0x00000000c3900000| Untracked 
|  58|0x00000000c3a00000, 0x00000000c3a00000, 0x00000000c3b00000|  0%| F|  |TAMS 0x00000000c3a00000, 0x00000000c3a00000| Untracked 
|  59|0x00000000c3b00000, 0x00000000c3b00000, 0x00000000c3c00000|  0%| F|  |TAMS 0x00000000c3b00000, 0x00000000c3b00000| Untracked 
|  60|0x00000000c3c00000, 0x00000000c3c00000, 0x00000000c3d00000|  0%| F|  |TAMS 0x00000000c3c00000, 0x00000000c3c00000| Untracked 
|  61|0x00000000c3d00000, 0x00000000c3d00000, 0x00000000c3e00000|  0%| F|  |TAMS 0x00000000c3d00000, 0x00000000c3d00000| Untracked 
|  62|0x00000000c3e00000, 0x00000000c3e00000, 0x00000000c3f00000|  0%| F|  |TAMS 0x00000000c3e00000, 0x00000000c3e00000| Untracked 
|  63|0x00000000c3f00000, 0x00000000c3f00000, 0x00000000c4000000|  0%| F|  |TAMS 0x00000000c3f00000, 0x00000000c3f00000| Untracked 
|  64|0x00000000c4000000, 0x00000000c4000000, 0x00000000c4100000|  0%| F|  |TAMS 0x00000000c4000000, 0x00000000c4000000| Untracked 
|  65|0x00000000c4100000, 0x00000000c4100000, 0x00000000c4200000|  0%| F|  |TAMS 0x00000000c4100000, 0x00000000c4100000| Untracked 
|  66|0x00000000c4200000, 0x00000000c4200000, 0x00000000c4300000|  0%| F|  |TAMS 0x00000000c4200000, 0x00000000c4200000| Untracked 
|  67|0x00000000c4300000, 0x00000000c4300000, 0x00000000c4400000|  0%| F|  |TAMS 0x00000000c4300000, 0x00000000c4300000| Untracked 
|  68|0x00000000c4400000, 0x00000000c4400000, 0x00000000c4500000|  0%| F|  |TAMS 0x00000000c4400000, 0x00000000c4400000| Untracked 
|  69|0x00000000c4500000, 0x00000000c4500000, 0x00000000c4600000|  0%| F|  |TAMS 0x00000000c4500000, 0x00000000c4500000| Untracked 
|  70|0x00000000c4600000, 0x00000000c4600000, 0x00000000c4700000|  0%| F|  |TAMS 0x00000000c4600000, 0x00000000c4600000| Untracked 
|  71|0x00000000c4700000, 0x00000000c4700000, 0x00000000c4800000|  0%| F|  |TAMS 0x00000000c4700000, 0x00000000c4700000| Untracked 
|  72|0x00000000c4800000, 0x00000000c4800000, 0x00000000c4900000|  0%| F|  |TAMS 0x00000000c4800000, 0x00000000c4800000| Untracked 
|  73|0x00000000c4900000, 0x00000000c4900000, 0x00000000c4a00000|  0%| F|  |TAMS 0x00000000c4900000, 0x00000000c4900000| Untracked 
|  74|0x00000000c4a00000, 0x00000000c4a00000, 0x00000000c4b00000|  0%| F|  |TAMS 0x00000000c4a00000, 0x00000000c4a00000| Untracked 
|  75|0x00000000c4b00000, 0x00000000c4b00000, 0x00000000c4c00000|  0%| F|  |TAMS 0x00000000c4b00000, 0x00000000c4b00000| Untracked 
|  76|0x00000000c4c00000, 0x00000000c4c00000, 0x00000000c4d00000|  0%| F|  |TAMS 0x00000000c4c00000, 0x00000000c4c00000| Untracked 
|  77|0x00000000c4d00000, 0x00000000c4d00000, 0x00000000c4e00000|  0%| F|  |TAMS 0x00000000c4d00000, 0x00000000c4d00000| Untracked 
|  78|0x00000000c4e00000, 0x00000000c4e00000, 0x00000000c4f00000|  0%| F|  |TAMS 0x00000000c4e00000, 0x00000000c4e00000| Untracked 
|  79|0x00000000c4f00000, 0x00000000c4f00000, 0x00000000c5000000|  0%| F|  |TAMS 0x00000000c4f00000, 0x00000000c4f00000| Untracked 
|  80|0x00000000c5000000, 0x00000000c5000000, 0x00000000c5100000|  0%| F|  |TAMS 0x00000000c5000000, 0x00000000c5000000| Untracked 
|  81|0x00000000c5100000, 0x00000000c5100000, 0x00000000c5200000|  0%| F|  |TAMS 0x00000000c5100000, 0x00000000c5100000| Untracked 
|  82|0x00000000c5200000, 0x00000000c5200000, 0x00000000c5300000|  0%| F|  |TAMS 0x00000000c5200000, 0x00000000c5200000| Untracked 
|  83|0x00000000c5300000, 0x00000000c5300000, 0x00000000c5400000|  0%| F|  |TAMS 0x00000000c5300000, 0x00000000c5300000| Untracked 
|  84|0x00000000c5400000, 0x00000000c5400000, 0x00000000c5500000|  0%| F|  |TAMS 0x00000000c5400000, 0x00000000c5400000| Untracked 
|  85|0x00000000c5500000, 0x00000000c5500000, 0x00000000c5600000|  0%| F|  |TAMS 0x00000000c5500000, 0x00000000c5500000| Untracked 
|  86|0x00000000c5600000, 0x00000000c5600000, 0x00000000c5700000|  0%| F|  |TAMS 0x00000000c5600000, 0x00000000c5600000| Untracked 
|  87|0x00000000c5700000, 0x00000000c5700000, 0x00000000c5800000|  0%| F|  |TAMS 0x00000000c5700000, 0x00000000c5700000| Untracked 
|  88|0x00000000c5800000, 0x00000000c5800000, 0x00000000c5900000|  0%| F|  |TAMS 0x00000000c5800000, 0x00000000c5800000| Untracked 
|  89|0x00000000c5900000, 0x00000000c5900000, 0x00000000c5a00000|  0%| F|  |TAMS 0x00000000c5900000, 0x00000000c5900000| Untracked 
|  90|0x00000000c5a00000, 0x00000000c5a00000, 0x00000000c5b00000|  0%| F|  |TAMS 0x00000000c5a00000, 0x00000000c5a00000| Untracked 
|  91|0x00000000c5b00000, 0x00000000c5b00000, 0x00000000c5c00000|  0%| F|  |TAMS 0x00000000c5b00000, 0x00000000c5b00000| Untracked 
|  92|0x00000000c5c00000, 0x00000000c5c00000, 0x00000000c5d00000|  0%| F|  |TAMS 0x00000000c5c00000, 0x00000000c5c00000| Untracked 
|  93|0x00000000c5d00000, 0x00000000c5d00000, 0x00000000c5e00000|  0%| F|  |TAMS 0x00000000c5d00000, 0x00000000c5d00000| Untracked 
|  94|0x00000000c5e00000, 0x00000000c5e00000, 0x00000000c5f00000|  0%| F|  |TAMS 0x00000000c5e00000, 0x00000000c5e00000| Untracked 
|  95|0x00000000c5f00000, 0x00000000c5f00000, 0x00000000c6000000|  0%| F|  |TAMS 0x00000000c5f00000, 0x00000000c5f00000| Untracked 
|  96|0x00000000c6000000, 0x00000000c6000000, 0x00000000c6100000|  0%| F|  |TAMS 0x00000000c6000000, 0x00000000c6000000| Untracked 
|  97|0x00000000c6100000, 0x00000000c6100000, 0x00000000c6200000|  0%| F|  |TAMS 0x00000000c6100000, 0x00000000c6100000| Untracked 
|  98|0x00000000c6200000, 0x00000000c6200000, 0x00000000c6300000|  0%| F|  |TAMS 0x00000000c6200000, 0x00000000c6200000| Untracked 
|  99|0x00000000c6300000, 0x00000000c6300000, 0x00000000c6400000|  0%| F|  |TAMS 0x00000000c6300000, 0x00000000c6300000| Untracked 
| 205|0x00000000ccd00000, 0x00000000ccd00000, 0x00000000cce00000|  0%| F|  |TAMS 0x00000000ccd00000, 0x00000000ccd00000| Untracked 
| 206|0x00000000cce00000, 0x00000000cce00000, 0x00000000ccf00000|  0%| F|  |TAMS 0x00000000cce00000, 0x00000000cce00000| Untracked 
| 207|0x00000000ccf00000, 0x00000000ccf00000, 0x00000000cd000000|  0%| F|  |TAMS 0x00000000ccf00000, 0x00000000ccf00000| Untracked 
| 208|0x00000000cd000000, 0x00000000cd026488, 0x00000000cd100000| 14%| E|  |TAMS 0x00000000cd000000, 0x00000000cd000000| Complete 

Card table byte_map: [0x0000020769820000,0x0000020769a20000] _byte_map_base: 0x0000020769220000

Marking Bits (Prev, Next): (CMBitMap*) 0x0000020761d25c90, (CMBitMap*) 0x0000020761d25cd0
 Prev Bits: [0x0000020769c20000, 0x000002076ac20000)
 Next Bits: [0x000002076ac20000, 0x000002076bc20000)

Polling page: 0x0000020761b70000

Metaspace:

Usage:
  Non-class:     52.19 MB used.
      Class:      7.19 MB used.
       Both:     59.38 MB used.

Virtual space:
  Non-class space:       64.00 MB reserved,      52.62 MB ( 82%) committed,  1 nodes.
      Class space:        1.00 GB reserved,       7.44 MB ( <1%) committed,  1 nodes.
             Both:        1.06 GB reserved,      60.06 MB (  6%) committed. 

Chunk freelists:
   Non-Class:  11.27 MB
       Class:  8.62 MB
        Both:  19.89 MB

MaxMetaspaceSize: unlimited
CompressedClassSpaceSize: 1.00 GB
Initial GC threshold: 21.00 MB
Current GC threshold: 100.12 MB
CDS: off
MetaspaceReclaimPolicy: balanced
 - commit_granule_bytes: 65536.
 - commit_granule_words: 8192.
 - virtual_space_node_default_size: 8388608.
 - enlarge_chunks_in_place: 1.
 - new_chunks_are_fully_committed: 0.
 - uncommit_free_chunks: 1.
 - use_allocation_guard: 0.
 - handle_deallocations: 1.


Internal statistics:

num_allocs_failed_limit: 6.
num_arena_births: 632.
num_arena_deaths: 226.
num_vsnodes_births: 2.
num_vsnodes_deaths: 0.
num_space_committed: 960.
num_space_uncommitted: 0.
num_chunks_returned_to_freelist: 268.
num_chunks_taken_from_freelist: 2524.
num_chunk_merges: 88.
num_chunk_splits: 1779.
num_chunks_enlarged: 1378.
num_inconsistent_stats: 0.

CodeCache: size=49152Kb used=12593Kb max_used=13686Kb free=36558Kb
 bounds [0x0000020766170000, 0x0000020766ed0000, 0x0000020769170000]
 total_blobs=7482 nmethods=6808 adapters=601
 compilation: enabled
              stopped_count=0, restarted_count=0
 full_count=0

Compilation events (20 events):
Event: 357.582 Thread 0x000002076e25a540 6804       1       java.util.concurrent.ScheduledThreadPoolExecutor::canRunInCurrentRunState (61 bytes)
Event: 357.582 Thread 0x000002076e25a540 nmethod 6804 0x00000207663cea10 code [0x00000207663cebe0, 0x00000207663ceeb8]
Event: 405.684 Thread 0x000002076e25a540 6805       1       java.lang.StackStreamFactory$FrameBuffer::startIndex (2 bytes)
Event: 405.684 Thread 0x000002076e25a540 nmethod 6805 0x00000207663ce710 code [0x00000207663ce8a0, 0x00000207663ce978]
Event: 405.685 Thread 0x000002076e25a540 6806       1       java.lang.StackStreamFactory$StackFrameTraverser$StackFrameBuffer::frames (5 bytes)
Event: 405.685 Thread 0x000002076e25a540 nmethod 6806 0x00000207663ce410 code [0x00000207663ce5a0, 0x00000207663ce678]
Event: 409.513 Thread 0x000002076e25a540 6807       1       java.lang.StackStreamFactory$StackFrameTraverser::characteristics (4 bytes)
Event: 409.513 Thread 0x000002076e25a540 nmethod 6807 0x00000207663ce110 code [0x00000207663ce2a0, 0x00000207663ce378]
Event: 410.962 Thread 0x000002076e25a540 6808       1       java.lang.StackWalker::hasLocalsOperandsOption (16 bytes)
Event: 410.962 Thread 0x000002076e25a540 nmethod 6808 0x00000207663cde10 code [0x00000207663cdfa0, 0x00000207663ce098]
Event: 410.962 Thread 0x000002076e25a540 6810       1       reactor.core.publisher.Mono::<init> (5 bytes)
Event: 410.962 Thread 0x000002076e25a540 nmethod 6810 0x00000207663cdb10 code [0x00000207663cdca0, 0x00000207663cdd58]
Event: 410.962 Thread 0x000002076e25a540 6809       1       java.lang.StackWalker::estimateDepth (5 bytes)
Event: 410.962 Thread 0x000002076e25a540 nmethod 6809 0x00000207663cd810 code [0x00000207663cd9a0, 0x00000207663cda78]
Event: 443.900 Thread 0x000002076e25a540 6811       1       java.util.concurrent.locks.LockSupport::parkNanos (29 bytes)
Event: 443.900 Thread 0x000002076e25a540 nmethod 6811 0x00000207663cd410 code [0x00000207663cd5c0, 0x00000207663cd7a8]
Event: 504.979 Thread 0x000002076e25a540 6812       1       java.util.concurrent.ThreadPoolExecutor::getQueue (5 bytes)
Event: 504.979 Thread 0x000002076e25a540 nmethod 6812 0x00000207663cd110 code [0x00000207663cd2a0, 0x00000207663cd378]
Event: 507.588 Thread 0x000002076e25a540 6813       1       java.util.concurrent.ScheduledThreadPoolExecutor$DelayedWorkQueue::setIndex (16 bytes)
Event: 507.588 Thread 0x000002076e25a540 nmethod 6813 0x00000207663ccd90 code [0x00000207663ccf20, 0x00000207663cd038]

GC Heap History (20 events):
Event: 393.523 GC heap before
{Heap before GC invocations=57 (full 33):
 garbage-first heap   total 106496K, used 30895K [0x00000000c0000000, 0x0000000100000000)
  region size 1024K, 1 young (1024K), 0 survivors (0K)
 Metaspace       used 60803K, committed 61504K, reserved 1114112K
  class space    used 7358K, committed 7616K, reserved 1048576K
}
Event: 393.549 GC heap after
{Heap after GC invocations=58 (full 34):
 garbage-first heap   total 106496K, used 30895K [0x00000000c0000000, 0x0000000100000000)
  region size 1024K, 0 young (0K), 0 survivors (0K)
 Metaspace       used 60803K, committed 61504K, reserved 1114112K
  class space    used 7358K, committed 7616K, reserved 1048576K
}
Event: 403.693 GC heap before
{Heap before GC invocations=58 (full 34):
 garbage-first heap   total 106496K, used 30895K [0x00000000c0000000, 0x0000000100000000)
  region size 1024K, 1 young (1024K), 0 survivors (0K)
 Metaspace       used 60803K, committed 61504K, reserved 1114112K
  class space    used 7358K, committed 7616K, reserved 1048576K
}
Event: 403.717 GC heap after
{Heap after GC invocations=59 (full 35):
 garbage-first heap   total 106496K, used 30894K [0x00000000c0000000, 0x0000000100000000)
  region size 1024K, 0 young (0K), 0 survivors (0K)
 Metaspace       used 60803K, committed 61504K, reserved 1114112K
  class space    used 7358K, committed 7616K, reserved 1048576K
}
Event: 443.878 GC heap before
{Heap before GC invocations=59 (full 35):
 garbage-first heap   total 106496K, used 30894K [0x00000000c0000000, 0x0000000100000000)
  region size 1024K, 1 young (1024K), 0 survivors (0K)
 Metaspace       used 60804K, committed 61504K, reserved 1114112K
  class space    used 7358K, committed 7616K, reserved 1048576K
}
Event: 443.899 GC heap after
{Heap after GC invocations=60 (full 36):
 garbage-first heap   total 106496K, used 30896K [0x00000000c0000000, 0x0000000100000000)
  region size 1024K, 0 young (0K), 0 survivors (0K)
 Metaspace       used 60804K, committed 61504K, reserved 1114112K
  class space    used 7358K, committed 7616K, reserved 1048576K
}
Event: 454.038 GC heap before
{Heap before GC invocations=60 (full 36):
 garbage-first heap   total 106496K, used 30896K [0x00000000c0000000, 0x0000000100000000)
  region size 1024K, 1 young (1024K), 0 survivors (0K)
 Metaspace       used 60804K, committed 61504K, reserved 1114112K
  class space    used 7358K, committed 7616K, reserved 1048576K
}
Event: 454.062 GC heap after
{Heap after GC invocations=61 (full 37):
 garbage-first heap   total 106496K, used 30896K [0x00000000c0000000, 0x0000000100000000)
  region size 1024K, 0 young (0K), 0 survivors (0K)
 Metaspace       used 60804K, committed 61504K, reserved 1114112K
  class space    used 7358K, committed 7616K, reserved 1048576K
}
Event: 464.231 GC heap before
{Heap before GC invocations=61 (full 37):
 garbage-first heap   total 106496K, used 30896K [0x00000000c0000000, 0x0000000100000000)
  region size 1024K, 1 young (1024K), 0 survivors (0K)
 Metaspace       used 60804K, committed 61504K, reserved 1114112K
  class space    used 7358K, committed 7616K, reserved 1048576K
}
Event: 464.270 GC heap after
{Heap after GC invocations=62 (full 38):
 garbage-first heap   total 106496K, used 30896K [0x00000000c0000000, 0x0000000100000000)
  region size 1024K, 0 young (0K), 0 survivors (0K)
 Metaspace       used 60804K, committed 61504K, reserved 1114112K
  class space    used 7358K, committed 7616K, reserved 1048576K
}
Event: 474.422 GC heap before
{Heap before GC invocations=62 (full 38):
 garbage-first heap   total 106496K, used 30896K [0x00000000c0000000, 0x0000000100000000)
  region size 1024K, 1 young (1024K), 0 survivors (0K)
 Metaspace       used 60804K, committed 61504K, reserved 1114112K
  class space    used 7358K, committed 7616K, reserved 1048576K
}
Event: 474.444 GC heap after
{Heap after GC invocations=63 (full 39):
 garbage-first heap   total 106496K, used 30896K [0x00000000c0000000, 0x0000000100000000)
  region size 1024K, 0 young (0K), 0 survivors (0K)
 Metaspace       used 60804K, committed 61504K, reserved 1114112K
  class space    used 7358K, committed 7616K, reserved 1048576K
}
Event: 484.610 GC heap before
{Heap before GC invocations=63 (full 39):
 garbage-first heap   total 106496K, used 30896K [0x00000000c0000000, 0x0000000100000000)
  region size 1024K, 1 young (1024K), 0 survivors (0K)
 Metaspace       used 60804K, committed 61504K, reserved 1114112K
  class space    used 7358K, committed 7616K, reserved 1048576K
}
Event: 484.637 GC heap after
{Heap after GC invocations=64 (full 40):
 garbage-first heap   total 106496K, used 30896K [0x00000000c0000000, 0x0000000100000000)
  region size 1024K, 0 young (0K), 0 survivors (0K)
 Metaspace       used 60804K, committed 61504K, reserved 1114112K
  class space    used 7358K, committed 7616K, reserved 1048576K
}
Event: 494.777 GC heap before
{Heap before GC invocations=64 (full 40):
 garbage-first heap   total 106496K, used 30896K [0x00000000c0000000, 0x0000000100000000)
  region size 1024K, 1 young (1024K), 0 survivors (0K)
 Metaspace       used 60804K, committed 61504K, reserved 1114112K
  class space    used 7358K, committed 7616K, reserved 1048576K
}
Event: 494.803 GC heap after
{Heap after GC invocations=65 (full 41):
 garbage-first heap   total 106496K, used 30895K [0x00000000c0000000, 0x0000000100000000)
  region size 1024K, 0 young (0K), 0 survivors (0K)
 Metaspace       used 60804K, committed 61504K, reserved 1114112K
  class space    used 7358K, committed 7616K, reserved 1048576K
}
Event: 504.952 GC heap before
{Heap before GC invocations=65 (full 41):
 garbage-first heap   total 106496K, used 30895K [0x00000000c0000000, 0x0000000100000000)
  region size 1024K, 1 young (1024K), 0 survivors (0K)
 Metaspace       used 60804K, committed 61504K, reserved 1114112K
  class space    used 7358K, committed 7616K, reserved 1048576K
}
Event: 504.978 GC heap after
{Heap after GC invocations=66 (full 42):
 garbage-first heap   total 106496K, used 30895K [0x00000000c0000000, 0x0000000100000000)
  region size 1024K, 0 young (0K), 0 survivors (0K)
 Metaspace       used 60804K, committed 61504K, reserved 1114112K
  class space    used 7358K, committed 7616K, reserved 1048576K
}
Event: 515.119 GC heap before
{Heap before GC invocations=66 (full 42):
 garbage-first heap   total 106496K, used 30895K [0x00000000c0000000, 0x0000000100000000)
  region size 1024K, 1 young (1024K), 0 survivors (0K)
 Metaspace       used 60804K, committed 61504K, reserved 1114112K
  class space    used 7358K, committed 7616K, reserved 1048576K
}
Event: 515.145 GC heap after
{Heap after GC invocations=67 (full 43):
 garbage-first heap   total 106496K, used 30895K [0x00000000c0000000, 0x0000000100000000)
  region size 1024K, 0 young (0K), 0 survivors (0K)
 Metaspace       used 60804K, committed 61504K, reserved 1114112K
  class space    used 7358K, committed 7616K, reserved 1048576K
}

Dll operation events (10 events):
Event: 0.059 Loaded shared library c:\Users\alavudheen.e\.vscode\extensions\redhat.java-1.33.0-win32-x64\jre\17.0.11-win32-x86_64\bin\java.dll
Event: 0.685 Loaded shared library C:\Users\alavudheen.e\.vscode\extensions\redhat.java-1.33.0-win32-x64\jre\17.0.11-win32-x86_64\bin\net.dll
Event: 0.687 Loaded shared library C:\Users\alavudheen.e\.vscode\extensions\redhat.java-1.33.0-win32-x64\jre\17.0.11-win32-x86_64\bin\nio.dll
Event: 0.699 Loaded shared library C:\Users\alavudheen.e\.vscode\extensions\redhat.java-1.33.0-win32-x64\jre\17.0.11-win32-x86_64\bin\zip.dll
Event: 1.510 Loaded shared library C:\Users\alavudheen.e\.vscode\extensions\redhat.java-1.33.0-win32-x64\jre\17.0.11-win32-x86_64\bin\jimage.dll
Event: 3.473 Loaded shared library c:\Users\alavudheen.e\.vscode\extensions\redhat.java-1.33.0-win32-x64\jre\17.0.11-win32-x86_64\bin\verify.dll
Event: 7.753 Loaded shared library C:\Users\alavudheen.e\.vscode\extensions\redhat.java-1.33.0-win32-x64\jre\17.0.11-win32-x86_64\bin\management.dll
Event: 7.762 Loaded shared library C:\Users\alavudheen.e\.vscode\extensions\redhat.java-1.33.0-win32-x64\jre\17.0.11-win32-x86_64\bin\management_ext.dll
Event: 10.958 Loaded shared library C:\Users\alavudheen.e\.vscode\extensions\redhat.java-1.33.0-win32-x64\jre\17.0.11-win32-x86_64\bin\sunmscapi.dll
Event: 12.062 Loaded shared library C:\Users\alavudheen.e\.vscode\extensions\redhat.java-1.33.0-win32-x64\jre\17.0.11-win32-x86_64\bin\extnet.dll

Deoptimization events (16 events):
Event: 9.518 Thread 0x0000020773cc85d0 DEOPT PACKING pc=0x00000207666b3501 sp=0x000000d2d23fdc60
Event: 9.519 Thread 0x0000020773cc85d0 DEOPT UNPACKING pc=0x00000207661cace3 sp=0x000000d2d23fd0f0 mode 3
Event: 9.668 Thread 0x0000020773dab620 DEOPT PACKING pc=0x0000020766692c97 sp=0x000000d2d24fef40
Event: 9.668 Thread 0x0000020773dab620 DEOPT UNPACKING pc=0x00000207661cace3 sp=0x000000d2d24fe398 mode 3
Event: 11.221 Thread 0x0000020773efc060 DEOPT PACKING pc=0x00000207662d2b8c sp=0x000000d2d2afabe0
Event: 11.221 Thread 0x0000020773efc060 DEOPT UNPACKING pc=0x00000207661cace3 sp=0x000000d2d2afa0a8 mode 0
Event: 18.133 Thread 0x0000020773efcf90 DEOPT PACKING pc=0x0000020766678a52 sp=0x000000d2d27fe3f0
Event: 18.133 Thread 0x0000020773efcf90 DEOPT UNPACKING pc=0x00000207661cace3 sp=0x000000d2d27fd8f8 mode 3
Event: 21.021 Thread 0x0000020773efcf90 DEOPT PACKING pc=0x0000020766c91b8c sp=0x000000d2d27fe500
Event: 21.021 Thread 0x0000020773efcf90 DEOPT UNPACKING pc=0x00000207661cace3 sp=0x000000d2d27fda80 mode 0
Event: 21.021 Thread 0x0000020773efcf90 DEOPT PACKING pc=0x0000020766c91b8c sp=0x000000d2d27fe760
Event: 21.021 Thread 0x0000020773efcf90 DEOPT UNPACKING pc=0x00000207661cace3 sp=0x000000d2d27fdce0 mode 0
Event: 21.037 Thread 0x0000020773efcf90 DEOPT PACKING pc=0x0000020766c91b8c sp=0x000000d2d27febe0
Event: 21.037 Thread 0x0000020773efcf90 DEOPT UNPACKING pc=0x00000207661cace3 sp=0x000000d2d27fe160 mode 0
Event: 405.481 Thread 0x0000020773cc85d0 DEOPT PACKING pc=0x0000020766789dd4 sp=0x000000d2d23ff130
Event: 405.481 Thread 0x0000020773cc85d0 DEOPT UNPACKING pc=0x00000207661cace3 sp=0x000000d2d23fe5b8 mode 0

Classes unloaded (20 events):
Event: 108.769 Thread 0x000002076e2519e0 Unloading class 0x00000001003b1400 'java/lang/invoke/LambdaForm$MH+0x00000001003b1400'
Event: 108.769 Thread 0x000002076e2519e0 Unloading class 0x00000001003b1000 'java/lang/invoke/LambdaForm$MH+0x00000001003b1000'
Event: 108.769 Thread 0x000002076e2519e0 Unloading class 0x0000000100096000 'java/lang/invoke/LambdaForm$MH+0x0000000100096000'
Event: 108.769 Thread 0x000002076e2519e0 Unloading class 0x0000000100095c00 'java/lang/invoke/LambdaForm$MH+0x0000000100095c00'
Event: 108.769 Thread 0x000002076e2519e0 Unloading class 0x0000000100095800 'java/lang/invoke/LambdaForm$MH+0x0000000100095800'
Event: 108.769 Thread 0x000002076e2519e0 Unloading class 0x0000000100095400 'java/lang/invoke/LambdaForm$MH+0x0000000100095400'
Event: 108.769 Thread 0x000002076e2519e0 Unloading class 0x0000000100095000 'java/lang/invoke/LambdaForm$MH+0x0000000100095000'
Event: 108.769 Thread 0x000002076e2519e0 Unloading class 0x0000000100094c00 'java/lang/invoke/LambdaForm$MH+0x0000000100094c00'
Event: 108.769 Thread 0x000002076e2519e0 Unloading class 0x0000000100094800 'java/lang/invoke/LambdaForm$MH+0x0000000100094800'
Event: 108.769 Thread 0x000002076e2519e0 Unloading class 0x0000000100094400 'java/lang/invoke/LambdaForm$MH+0x0000000100094400'
Event: 108.769 Thread 0x000002076e2519e0 Unloading class 0x000000010008e800 'java/lang/invoke/LambdaForm$MH+0x000000010008e800'
Event: 108.769 Thread 0x000002076e2519e0 Unloading class 0x000000010008e400 'java/lang/invoke/LambdaForm$MH+0x000000010008e400'
Event: 108.769 Thread 0x000002076e2519e0 Unloading class 0x000000010008e000 'java/lang/invoke/LambdaForm$MH+0x000000010008e000'
Event: 108.769 Thread 0x000002076e2519e0 Unloading class 0x000000010008dc00 'java/lang/invoke/LambdaForm$MH+0x000000010008dc00'
Event: 108.769 Thread 0x000002076e2519e0 Unloading class 0x000000010008d800 'java/lang/invoke/LambdaForm$MH+0x000000010008d800'
Event: 108.769 Thread 0x000002076e2519e0 Unloading class 0x000000010008d400 'java/lang/invoke/LambdaForm$MH+0x000000010008d400'
Event: 108.769 Thread 0x000002076e2519e0 Unloading class 0x000000010008cc00 'java/lang/invoke/LambdaForm$MH+0x000000010008cc00'
Event: 108.769 Thread 0x000002076e2519e0 Unloading class 0x000000010008c800 'java/lang/invoke/LambdaForm$MH+0x000000010008c800'
Event: 108.769 Thread 0x000002076e2519e0 Unloading class 0x000000010008c000 'java/lang/invoke/LambdaForm$MH+0x000000010008c000'
Event: 108.769 Thread 0x000002076e2519e0 Unloading class 0x000000010008bc00 'java/lang/invoke/LambdaForm$MH+0x000000010008bc00'

Classes redefined (0 events):
No events

Internal exceptions (20 events):
Event: 14.552 Thread 0x0000020773efcf90 Exception <a 'java/lang/NoSuchMethodError'{0x00000000cfb98cf8}: 'int java.lang.invoke.DirectMethodHandle$Holder.invokeSpecialIFC(java.lang.Object, java.lang.Object, java.lang.Object)'> (0x00000000cfb98cf8) 
thrown [s\src\hotspot\share\interpreter\linkResolver.cpp, line 759]
Event: 20.803 Thread 0x0000020773efcf90 Exception <a 'java/lang/ClassCastException'{0x00000000c5e25c98}> (0x00000000c5e25c98) 
thrown [s\src\hotspot\share\runtime\sharedRuntime.cpp, line 631]
Event: 20.865 Thread 0x0000020773efcf90 Exception <a 'java/lang/NoSuchMethodError'{0x00000000cfb18488}: 'int java.lang.invoke.DirectMethodHandle$Holder.invokeStatic(java.lang.Object, int, java.lang.Object)'> (0x00000000cfb18488) 
thrown [s\src\hotspot\share\interpreter\linkResolver.cpp, line 759]
Event: 21.270 Thread 0x0000020773efcf90 Exception <a 'sun/nio/fs/WindowsException'{0x00000000c625ca08}> (0x00000000c625ca08) 
thrown [s\src\hotspot\share\prims\jni.cpp, line 516]
Event: 21.270 Thread 0x0000020773efcf90 Exception <a 'sun/nio/fs/WindowsException'{0x00000000c625d8b8}> (0x00000000c625d8b8) 
thrown [s\src\hotspot\share\prims\jni.cpp, line 516]
Event: 21.270 Thread 0x0000020773efcf90 Exception <a 'sun/nio/fs/WindowsException'{0x00000000c625e718}> (0x00000000c625e718) 
thrown [s\src\hotspot\share\prims\jni.cpp, line 516]
Event: 21.270 Thread 0x0000020773efcf90 Exception <a 'sun/nio/fs/WindowsException'{0x00000000c625f5c8}> (0x00000000c625f5c8) 
thrown [s\src\hotspot\share\prims\jni.cpp, line 516]
Event: 21.271 Thread 0x0000020773efcf90 Exception <a 'sun/nio/fs/WindowsException'{0x00000000c6260548}> (0x00000000c6260548) 
thrown [s\src\hotspot\share\prims\jni.cpp, line 516]
Event: 21.271 Thread 0x0000020773efcf90 Exception <a 'sun/nio/fs/WindowsException'{0x00000000c6261530}> (0x00000000c6261530) 
thrown [s\src\hotspot\share\prims\jni.cpp, line 516]
Event: 21.271 Thread 0x0000020773efcf90 Exception <a 'sun/nio/fs/WindowsException'{0x00000000c6268d98}> (0x00000000c6268d98) 
thrown [s\src\hotspot\share\prims\jni.cpp, line 516]
Event: 21.272 Thread 0x0000020773efcf90 Exception <a 'sun/nio/fs/WindowsException'{0x00000000c6269c48}> (0x00000000c6269c48) 
thrown [s\src\hotspot\share\prims\jni.cpp, line 516]
Event: 21.272 Thread 0x0000020773efcf90 Exception <a 'sun/nio/fs/WindowsException'{0x00000000c626aaa8}> (0x00000000c626aaa8) 
thrown [s\src\hotspot\share\prims\jni.cpp, line 516]
Event: 21.272 Thread 0x0000020773efcf90 Exception <a 'sun/nio/fs/WindowsException'{0x00000000c626b958}> (0x00000000c626b958) 
thrown [s\src\hotspot\share\prims\jni.cpp, line 516]
Event: 21.272 Thread 0x0000020773efcf90 Exception <a 'sun/nio/fs/WindowsException'{0x00000000c626c8d8}> (0x00000000c626c8d8) 
thrown [s\src\hotspot\share\prims\jni.cpp, line 516]
Event: 21.272 Thread 0x0000020773efcf90 Exception <a 'sun/nio/fs/WindowsException'{0x00000000c626d8c0}> (0x00000000c626d8c0) 
thrown [s\src\hotspot\share\prims\jni.cpp, line 516]
Event: 57.742 Thread 0x0000020773d885f0 Exception <a 'java/lang/NoSuchMethodError'{0x00000000c60967e0}: 'void java.lang.invoke.DirectMethodHandle$Holder.invokeStatic(java.lang.Object, long)'> (0x00000000c60967e0) 
thrown [s\src\hotspot\share\interpreter\linkResolver.cpp, line 759]
Event: 57.743 Thread 0x0000020773d885f0 Exception <a 'java/lang/NoSuchMethodError'{0x00000000c609bb90}: 'java.lang.Object java.lang.invoke.DirectMethodHandle$Holder.newInvokeSpecial(java.lang.Object, long)'> (0x00000000c609bb90) 
thrown [s\src\hotspot\share\interpreter\linkResolver.cpp, line 759]
Event: 313.375 Thread 0x00000207740d4740 Exception <a 'java/io/IOException'{0x00000000cfb949b8}> (0x00000000cfb949b8) 
thrown [s\src\hotspot\share\prims\jni.cpp, line 516]
Event: 315.454 Thread 0x00000207740d5670 Exception <a 'java/io/IOException'{0x00000000cfba03a0}> (0x00000000cfba03a0) 
thrown [s\src\hotspot\share\prims\jni.cpp, line 516]
Event: 316.252 Thread 0x00000207740d4c50 Exception <a 'java/io/IOException'{0x00000000cfba6c98}> (0x00000000cfba6c98) 
thrown [s\src\hotspot\share\prims\jni.cpp, line 516]

VM Operations (20 events):
Event: 405.717 Executing VM operation: Cleanup done
Event: 420.875 Executing VM operation: HandshakeAllThreads
Event: 420.875 Executing VM operation: HandshakeAllThreads done
Event: 443.878 Executing VM operation: G1CollectFull
Event: 443.899 Executing VM operation: G1CollectFull done
Event: 454.038 Executing VM operation: G1CollectFull
Event: 454.062 Executing VM operation: G1CollectFull done
Event: 464.231 Executing VM operation: G1CollectFull
Event: 464.270 Executing VM operation: G1CollectFull done
Event: 474.422 Executing VM operation: G1CollectFull
Event: 474.444 Executing VM operation: G1CollectFull done
Event: 484.610 Executing VM operation: G1CollectFull
Event: 484.637 Executing VM operation: G1CollectFull done
Event: 494.777 Executing VM operation: G1CollectFull
Event: 494.803 Executing VM operation: G1CollectFull done
Event: 504.952 Executing VM operation: G1CollectFull
Event: 504.979 Executing VM operation: G1CollectFull done
Event: 515.119 Executing VM operation: G1CollectFull
Event: 515.146 Executing VM operation: G1CollectFull done
Event: 525.248 Executing VM operation: G1CollectFull

Events (20 events):
Event: 313.374 loading class sun/nio/ch/SocketOptionRegistry$LazyInitialization done
Event: 313.374 loading class sun/nio/ch/OptionKey
Event: 313.374 loading class sun/nio/ch/OptionKey done
Event: 313.374 loading class sun/nio/ch/ExtendedSocketOption
Event: 313.374 loading class sun/nio/ch/ExtendedSocketOption done
Event: 313.374 loading class sun/nio/ch/ExtendedSocketOption$1
Event: 313.374 loading class sun/nio/ch/ExtendedSocketOption$1 done
Event: 313.374 loading class sun/security/ssl/Alert
Event: 313.374 loading class sun/security/ssl/Alert done
Event: 313.374 loading class sun/security/ssl/Alert$AlertConsumer
Event: 313.374 loading class sun/security/ssl/Alert$AlertConsumer done
Event: 313.374 loading class sun/security/ssl/Alert$Level
Event: 313.374 loading class sun/security/ssl/Alert$Level done
Event: 313.375 loading class sun/net/ConnectionResetException
Event: 313.375 loading class sun/net/ConnectionResetException done
Event: 373.387 Thread 0x00000207740d5b80 Thread exited: 0x00000207740d5b80
Event: 375.454 Thread 0x00000207740d0f90 Thread exited: 0x00000207740d0f90
Event: 375.470 Thread 0x00000207740d5670 Thread exited: 0x00000207740d5670
Event: 376.257 Thread 0x00000207740d4c50 Thread exited: 0x00000207740d4c50
Event: 376.257 Thread 0x00000207740d4740 Thread exited: 0x00000207740d4740


Dynamic libraries:
0x00007ff695730000 - 0x00007ff69573e000 	c:\Users\alavudheen.e\.vscode\extensions\redhat.java-1.33.0-win32-x64\jre\17.0.11-win32-x86_64\bin\java.exe
0x00007ffa59190000 - 0x00007ffa59388000 	C:\WINDOWS\SYSTEM32\ntdll.dll
0x00007ffa58280000 - 0x00007ffa5833d000 	C:\WINDOWS\System32\KERNEL32.DLL
0x00007ffa56850000 - 0x00007ffa56b46000 	C:\WINDOWS\System32\KERNELBASE.dll
0x00007ffa50a70000 - 0x00007ffa50b00000 	C:\WINDOWS\SYSTEM32\apphelp.dll
0x00007ffa56d30000 - 0x00007ffa56e30000 	C:\WINDOWS\System32\ucrtbase.dll
0x00007ffa42fd0000 - 0x00007ffa42fe7000 	c:\Users\alavudheen.e\.vscode\extensions\redhat.java-1.33.0-win32-x64\jre\17.0.11-win32-x86_64\bin\jli.dll
0x00007ffa589e0000 - 0x00007ffa58b7f000 	C:\WINDOWS\System32\USER32.dll
0x00007ffa56c70000 - 0x00007ffa56c92000 	C:\WINDOWS\System32\win32u.dll
0x00007ffa589b0000 - 0x00007ffa589db000 	C:\WINDOWS\System32\GDI32.dll
0x00007ffa56b50000 - 0x00007ffa56c67000 	C:\WINDOWS\System32\gdi32full.dll
0x00007ffa57030000 - 0x00007ffa570cd000 	C:\WINDOWS\System32\msvcp_win.dll
0x00007ffa3bf30000 - 0x00007ffa3bf4b000 	c:\Users\alavudheen.e\.vscode\extensions\redhat.java-1.33.0-win32-x64\jre\17.0.11-win32-x86_64\bin\VCRUNTIME140.dll
0x00007ffa3e870000 - 0x00007ffa3eb0a000 	C:\WINDOWS\WinSxS\amd64_microsoft.windows.common-controls_6595b64144ccf1df_6.0.19041.4355_none_60b8b9eb71f62e16\COMCTL32.dll
0x00007ffa57780000 - 0x00007ffa5781e000 	C:\WINDOWS\System32\msvcrt.dll
0x00007ffa58ff0000 - 0x00007ffa5901f000 	C:\WINDOWS\System32\IMM32.DLL
0x00007ffa42bf0000 - 0x00007ffa42bfc000 	c:\Users\alavudheen.e\.vscode\extensions\redhat.java-1.33.0-win32-x64\jre\17.0.11-win32-x86_64\bin\vcruntime140_1.dll
0x00007ffa0c7d0000 - 0x00007ffa0c85d000 	c:\Users\alavudheen.e\.vscode\extensions\redhat.java-1.33.0-win32-x64\jre\17.0.11-win32-x86_64\bin\msvcp140.dll
0x00007ff95f250000 - 0x00007ff95feb2000 	c:\Users\alavudheen.e\.vscode\extensions\redhat.java-1.33.0-win32-x64\jre\17.0.11-win32-x86_64\bin\server\jvm.dll
0x00007ffa57370000 - 0x00007ffa57420000 	C:\WINDOWS\System32\ADVAPI32.dll
0x00007ffa57420000 - 0x00007ffa574c0000 	C:\WINDOWS\System32\sechost.dll
0x00007ffa574c0000 - 0x00007ffa575e3000 	C:\WINDOWS\System32\RPCRT4.dll
0x00007ffa56e30000 - 0x00007ffa56e57000 	C:\WINDOWS\System32\bcrypt.dll
0x00007ffa55e40000 - 0x00007ffa55e8b000 	C:\WINDOWS\SYSTEM32\POWRPROF.dll
0x00007ffa387f0000 - 0x00007ffa387f9000 	C:\WINDOWS\SYSTEM32\WSOCK32.dll
0x00007ffa58210000 - 0x00007ffa5827b000 	C:\WINDOWS\System32\WS2_32.dll
0x00007ffa47fe0000 - 0x00007ffa48007000 	C:\WINDOWS\SYSTEM32\WINMM.dll
0x00007ffa56280000 - 0x00007ffa5628a000 	C:\WINDOWS\SYSTEM32\VERSION.dll
0x00007ffa558a0000 - 0x00007ffa558b2000 	C:\WINDOWS\SYSTEM32\UMPDC.dll
0x00007ffa54ae0000 - 0x00007ffa54af2000 	C:\WINDOWS\SYSTEM32\kernel.appcore.dll
0x00007ffa42880000 - 0x00007ffa4288a000 	c:\Users\alavudheen.e\.vscode\extensions\redhat.java-1.33.0-win32-x64\jre\17.0.11-win32-x86_64\bin\jimage.dll
0x00007ffa54810000 - 0x00007ffa549f4000 	C:\WINDOWS\SYSTEM32\DBGHELP.DLL
0x00007ffa38d20000 - 0x00007ffa38d54000 	C:\WINDOWS\SYSTEM32\dbgcore.DLL
0x00007ffa56ca0000 - 0x00007ffa56d22000 	C:\WINDOWS\System32\bcryptPrimitives.dll
0x00007ffa1e520000 - 0x00007ffa1e545000 	c:\Users\alavudheen.e\.vscode\extensions\redhat.java-1.33.0-win32-x64\jre\17.0.11-win32-x86_64\bin\java.dll
0x00007ffa1e800000 - 0x00007ffa1e818000 	c:\Users\alavudheen.e\.vscode\extensions\redhat.java-1.33.0-win32-x64\jre\17.0.11-win32-x86_64\bin\zip.dll
0x00007ffa57aa0000 - 0x00007ffa5820c000 	C:\WINDOWS\System32\SHELL32.dll
0x00007ffa53fa0000 - 0x00007ffa5473d000 	C:\WINDOWS\SYSTEM32\windows.storage.dll
0x00007ffa58340000 - 0x00007ffa58693000 	C:\WINDOWS\System32\combase.dll
0x00007ffa55de0000 - 0x00007ffa55e0e000 	C:\WINDOWS\SYSTEM32\Wldp.dll
0x00007ffa59020000 - 0x00007ffa590ed000 	C:\WINDOWS\System32\OLEAUT32.dll
0x00007ffa58740000 - 0x00007ffa587ed000 	C:\WINDOWS\System32\SHCORE.dll
0x00007ffa57310000 - 0x00007ffa57365000 	C:\WINDOWS\System32\shlwapi.dll
0x00007ffa56780000 - 0x00007ffa567a4000 	C:\WINDOWS\SYSTEM32\profapi.dll
0x00007ffa1a290000 - 0x00007ffa1a2a9000 	C:\Users\alavudheen.e\.vscode\extensions\redhat.java-1.33.0-win32-x64\jre\17.0.11-win32-x86_64\bin\net.dll
0x00007ffa4de50000 - 0x00007ffa4df5a000 	C:\WINDOWS\SYSTEM32\WINHTTP.dll
0x00007ffa55bc0000 - 0x00007ffa55c2a000 	C:\WINDOWS\system32\mswsock.dll
0x00007ffa1a270000 - 0x00007ffa1a286000 	C:\Users\alavudheen.e\.vscode\extensions\redhat.java-1.33.0-win32-x64\jre\17.0.11-win32-x86_64\bin\nio.dll
0x00007ffa3e4b0000 - 0x00007ffa3e4c0000 	c:\Users\alavudheen.e\.vscode\extensions\redhat.java-1.33.0-win32-x64\jre\17.0.11-win32-x86_64\bin\verify.dll
0x00007ffa55e20000 - 0x00007ffa55e38000 	C:\WINDOWS\SYSTEM32\CRYPTSP.dll
0x00007ffa554e0000 - 0x00007ffa55514000 	C:\WINDOWS\system32\rsaenh.dll
0x00007ffa566f0000 - 0x00007ffa5671e000 	C:\WINDOWS\SYSTEM32\USERENV.dll
0x00007ffa55d50000 - 0x00007ffa55d5c000 	C:\WINDOWS\SYSTEM32\CRYPTBASE.dll
0x00007ffa558c0000 - 0x00007ffa558fb000 	C:\WINDOWS\SYSTEM32\IPHLPAPI.DLL
0x00007ffa589a0000 - 0x00007ffa589a8000 	C:\WINDOWS\System32\NSI.dll
0x00007ffa4c410000 - 0x00007ffa4c427000 	C:\WINDOWS\SYSTEM32\dhcpcsvc6.DLL
0x00007ffa4c2a0000 - 0x00007ffa4c2bd000 	C:\WINDOWS\SYSTEM32\dhcpcsvc.DLL
0x00007ffa55910000 - 0x00007ffa559da000 	C:\WINDOWS\SYSTEM32\DNSAPI.dll
0x00007ffa3d600000 - 0x00007ffa3d609000 	C:\Users\alavudheen.e\.vscode\extensions\redhat.java-1.33.0-win32-x64\jre\17.0.11-win32-x86_64\bin\management.dll
0x00007ffa3b7f0000 - 0x00007ffa3b7fb000 	C:\Users\alavudheen.e\.vscode\extensions\redhat.java-1.33.0-win32-x64\jre\17.0.11-win32-x86_64\bin\management_ext.dll
0x00007ffa57300000 - 0x00007ffa57308000 	C:\WINDOWS\System32\PSAPI.DLL
0x00007ffa38a40000 - 0x00007ffa38a4e000 	C:\Users\alavudheen.e\.vscode\extensions\redhat.java-1.33.0-win32-x64\jre\17.0.11-win32-x86_64\bin\sunmscapi.dll
0x00007ffa56ed0000 - 0x00007ffa5702e000 	C:\WINDOWS\System32\CRYPT32.dll
0x00007ffa55f80000 - 0x00007ffa55fa9000 	C:\WINDOWS\SYSTEM32\ncrypt.dll
0x00007ffa55f20000 - 0x00007ffa55f5b000 	C:\WINDOWS\SYSTEM32\NTASN1.dll
0x00007ffa4bab0000 - 0x00007ffa4baba000 	C:\Windows\System32\rasadhlp.dll
0x00007ffa4c1f0000 - 0x00007ffa4c270000 	C:\WINDOWS\System32\fwpuclnt.dll
0x00007ffa389b0000 - 0x00007ffa389b9000 	C:\Users\alavudheen.e\.vscode\extensions\redhat.java-1.33.0-win32-x64\jre\17.0.11-win32-x86_64\bin\extnet.dll

dbghelp: loaded successfully - version: 4.0.5 - missing functions: none
symbol engine: initialized successfully - sym options: 0x614 - pdb path: .;c:\Users\alavudheen.e\.vscode\extensions\redhat.java-1.33.0-win32-x64\jre\17.0.11-win32-x86_64\bin;C:\WINDOWS\SYSTEM32;C:\WINDOWS\WinSxS\amd64_microsoft.windows.common-controls_6595b64144ccf1df_6.0.19041.4355_none_60b8b9eb71f62e16;c:\Users\alavudheen.e\.vscode\extensions\redhat.java-1.33.0-win32-x64\jre\17.0.11-win32-x86_64\bin\server

VM Arguments:
jvm_args: -Xmx1024m -Dsts.lsp.client=vscode -Dsts.log.file=/dev/null -XX:TieredStopAtLevel=1 -Xlog:jni+resolve=off -Dspring.config.location=file:c:\Users\alavudheen.e\.vscode\extensions\vmware.vscode-spring-boot-1.56.0\language-server\BOOT-INF\classes\application.properties 
java_command: org.springframework.ide.vscode.boot.app.BootLanguageServerBootApp
java_class_path (initial): c:\Users\alavudheen.e\.vscode\extensions\vmware.vscode-spring-boot-1.56.0\language-server\BOOT-INF\classes;c:\Users\alavudheen.e\.vscode\extensions\vmware.vscode-spring-boot-1.56.0\language-server\BOOT-INF\lib\annotations-24.1.0.jar;c:\Users\alavudheen.e\.vscode\extensions\vmware.vscode-spring-boot-1.56.0\language-server\BOOT-INF\lib\antlr4-runtime-4.13.1.jar;c:\Users\alavudheen.e\.vscode\extensions\vmware.vscode-spring-boot-1.56.0\language-server\BOOT-INF\lib\asm-9.7.jar;c:\Users\alavudheen.e\.vscode\extensions\vmware.vscode-spring-boot-1.56.0\language-server\BOOT-INF\lib\asm-analysis-9.7.jar;c:\Users\alavudheen.e\.vscode\extensions\vmware.vscode-spring-boot-1.56.0\language-server\BOOT-INF\lib\asm-tree-9.7.jar;c:\Users\alavudheen.e\.vscode\extensions\vmware.vscode-spring-boot-1.56.0\language-server\BOOT-INF\lib\asm-util-9.7.jar;c:\Users\alavudheen.e\.vscode\extensions\vmware.vscode-spring-boot-1.56.0\language-server\BOOT-INF\lib\caffeine-3.1.8.jar;c:\Users\alavudheen.e\.vscode\extensions\vmware.vscode-spring-boot-1.56.0\language-server\BOOT-INF\lib\checker-qual-3.12.0.jar;c:\Users\alavudheen.e\.vscode\extensions\vmware.vscode-spring-boot-1.56.0\language-server\BOOT-INF\lib\classgraph-4.8.149.jar;c:\Users\alavudheen.e\.vscode\extensions\vmware.vscode-spring-boot-1.56.0\language-server\BOOT-INF\lib\commons-codec-1.16.1.jar;c:\Users\alavudheen.e\.vscode\extensions\vmware.vscode-spring-boot-1.56.0\language-server\BOOT-INF\lib\commons-compress-1.26.2.jar;c:\Users\alavudheen.e\.vscode\extensions\vmware.vscode-spring-boot-1.56.0\language-server\BOOT-INF\lib\commons-io-2.16.1.jar;c:\Users\alavudheen.e\.vscode\extensions\vmware.vscode-spring-boot-1.56.0\language-server\BOOT-INF\lib\commons-java-1.56.0-SNAPSHOT.jar;c:\Users\alavudheen.e\.vscode\extensions\vmware.vscode-spring-boot-1.56.0\language-server\BOOT-INF\lib\commons-lang3-3.14.0.jar;c:\Users\alavudheen.e\.vscode\extensions\vmware.vscode-spring-boot-1.56.0\language-server\BOOT-INF\lib\comm
Launcher Type: SUN_STANDARD

[Global flags]
     intx CICompilerCount                          = 3                                         {product} {ergonomic}
     uint ConcGCThreads                            = 1                                         {product} {ergonomic}
     uint G1ConcRefinementThreads                  = 4                                         {product} {ergonomic}
   size_t G1HeapRegionSize                         = 1048576                                   {product} {ergonomic}
    uintx GCDrainStackTargetSize                   = 64                                        {product} {ergonomic}
   size_t InitialHeapSize                          = 264241152                                 {product} {ergonomic}
   size_t MarkStackSize                            = 4194304                                   {product} {ergonomic}
   size_t MaxHeapSize                              = 1073741824                                {product} {command line}
   size_t MaxNewSize                               = 643825664                                 {product} {ergonomic}
   size_t MinHeapDeltaBytes                        = 1048576                                   {product} {ergonomic}
   size_t MinHeapSize                              = 8388608                                   {product} {ergonomic}
    uintx NonProfiledCodeHeapSize                  = 0                                      {pd product} {ergonomic}
     bool ProfileInterpreter                       = false                                  {pd product} {command line}
    uintx ProfiledCodeHeapSize                     = 0                                      {pd product} {ergonomic}
   size_t SoftMaxHeapSize                          = 1073741824                             {manageable} {ergonomic}
     intx TieredStopAtLevel                        = 1                                         {product} {command line}
     bool UseCompressedClassPointers               = true                           {product lp64_product} {ergonomic}
     bool UseCompressedOops                        = true                           {product lp64_product} {ergonomic}
     bool UseG1GC                                  = true                                      {product} {ergonomic}
     bool UseLargePagesIndividualAllocation        = false                                  {pd product} {ergonomic}

Logging:
Log output configuration:
 #0: stdout all=warning,jni+resolve=off uptime,level,tags
 #1: stderr all=off uptime,level,tags

Environment Variables:
JAVA_HOME=C:\Program Files\Microsoft\jdk-11.0.24.8-hotspot\
PATH=C:\Program Files\Microsoft\jdk-11.0.24.8-hotspot\bin;C:\WINDOWS\system32;C:\WINDOWS;C:\WINDOWS\System32\Wbem;C:\WINDOWS\System32\WindowsPowerShell\v1.0\;C:\WINDOWS\System32\OpenSSH\;C:\Program Files (x86)\Microsoft SQL Server\150\DTS\Binn\;C:\Program Files\Microsoft SQL Server\150\Tools\Binn\;C:\Program Files\Microsoft SQL Server\Client SDK\ODBC\170\Tools\Binn\;C:\Program Files\apache-maven-3.9.2\bin;C:\Program Files\dotnet\;C:\Program Files (x86)\Microsoft SQL Server\160\DTS\Binn\;C:\Program Files\Azure Data Studio\bin;C:\Program Files\nodejs;C:\Program Files\Git\cmd;C:\Program Files\MySQL\MySQL Shell 8.0\bin\;C:\Program Files\Java\jdk-19.0.2\bin;C:\src\flutter\bin;C:\Users\alavudheen.e\.dotnet\tools;C:\Users\alavudheen.e\AppData\Local\Programs\Microsoft VS Code\bin;D:\mongosh-2.0.2-win32-x64\mongosh-2.0.2-win32-x64\bin;C:\Users\alavudheen.e\.nuget\packages\xamarin.firebase.ios.installations\8.10.0.3\lib\xamarinios10\Firebase.Installations.resources\FirebaseInstallations.xcframework\ios-arm64_x86_64-simulator\FirebaseInstallations.framework\Headers;C:\Users\alavudheen.e\AppData\Roaming\npm
USERNAME=alavudheen.e
OS=Windows_NT
PROCESSOR_IDENTIFIER=Intel64 Family 6 Model 140 Stepping 1, GenuineIntel
TMP=C:\Users\ALAVUD~1.E\AppData\Local\Temp
TEMP=C:\Users\ALAVUD~1.E\AppData\Local\Temp



Periodic native trim disabled


---------------  S Y S T E M  ---------------

OS:
 Windows 10 , 64 bit Build 19041 (10.0.19041.3636)
OS uptime: 3 days 6:16 hours
Hyper-V role detected

CPU: total 4 (initial active 4) (2 cores per cpu, 2 threads per core) family 6 model 140 stepping 1 microcode 0xa4, cx8, cmov, fxsr, ht, mmx, 3dnowpref, sse, sse2, sse3, ssse3, sse4.1, sse4.2, popcnt, lzcnt, tsc, tscinvbit, avx, avx2, aes, erms, clmul, bmi1, bmi2, adx, avx512f, avx512dq, avx512cd, avx512bw, avx512vl, sha, fma, vzeroupper, avx512_vpopcntdq, avx512_vpclmulqdq, avx512_vaes, avx512_vnni, clflush, clflushopt, clwb, avx512_vbmi2, avx512_vbmi, hv
Processor Information for all 4 processors :
  Max Mhz: 2189, Current Mhz: 2189, Mhz Limit: 2189

Memory: 4k page, system-wide physical 16126M (1134M free)
TotalPageFile size 31666M (AvailPageFile size 6M)
current process WorkingSet (physical memory assigned to process): 230M, peak: 235M
current process commit charge ("private bytes"): 267M, peak: 354M

vm_info: OpenJDK 64-Bit Server VM (17.0.11+9) for windows-amd64 JRE (17.0.11+9), built on Apr 17 2024 06:07:48 by "admin" with MS VC++ 16.10 / 16.11 (VS2019)

END.
