#
# There is insufficient memory for the Java Runtime Environment to continue.
# Native memory allocation (mmap) failed to map 264241152 bytes. Error detail: G1 virtual space
# Possible reasons:
#   The system is out of physical RAM or swap space
#   This process is running with CompressedOops enabled, and the Java Heap may be blocking the growth of the native heap
# Possible solutions:
#   Reduce memory load on the system
#   Increase physical memory or swap space
#   Check if swap backing store is full
#   Decrease Java heap size (-Xmx/-Xms)
#   Decrease number of Java threads
#   Decrease Java thread stack sizes (-Xss)
#   Set larger code cache with -XX:ReservedCodeCacheSize=
#   JVM is running with Zero Based Compressed Oops mode in which the Java heap is
#     placed in the first 32GB address space. The Java Heap base address is the
#     maximum limit for the native heap growth. Please use -XX:HeapBaseMinAddress
#     to set the Java Heap base and to place the Java Heap above 32GB virtual address.
# This output file may be truncated or incomplete.
#
#  Out of Memory Error (os_windows.cpp:3613), pid=29412, tid=16432
#
# JRE version:  (17.0.11+9) (build )
# Java VM: OpenJDK 64-Bit Server VM (17.0.11+9, mixed mode, sharing, tiered, compressed oops, compressed class ptrs, g1 gc, windows-amd64)
# No core dump will be written. Minidumps are not enabled by default on client versions of Windows
#

---------------  S U M M A R Y ------------

Command Line: -Dcom.sun.management.jmxremote -Dcom.sun.management.jmxremote.port=52363 -Dcom.sun.management.jmxremote.authenticate=false -Dcom.sun.management.jmxremote.ssl=false -Dspring.jmx.enabled=true -Djava.rmi.server.hostname=localhost -Dspring.application.admin.enabled=true -Dspring.boot.project.name=ServiceBookingSystem -XX:+ShowCodeDetailsInExceptionMessages com.ReachU.ServiceBookingSystem.ServiceBookingSystemApplication

Host: 11th Gen Intel(R) Core(TM) i3-1115G4 @ 3.00GHz, 4 cores, 15G,  Windows 10 , 64 bit Build 19041 (10.0.19041.3636)
Time: Sat Aug 24 20:26:20 2024 India Standard Time elapsed time: 0.035430 seconds (0d 0h 0m 0s)

---------------  T H R E A D  ---------------

Current thread (0x000001e2b7676960):  JavaThread "Unknown thread" [_thread_in_vm, id=16432, stack(0x000000592d400000,0x000000592d500000)]

Stack: [0x000000592d400000,0x000000592d500000]
Native frames: (J=compiled Java code, j=interpreted, Vv=VM code, C=native code)
V  [jvm.dll+0x67d429]
V  [jvm.dll+0x834b7a]
V  [jvm.dll+0x83663e]
V  [jvm.dll+0x836ca3]
V  [jvm.dll+0x247dbf]
V  [jvm.dll+0x67a269]
V  [jvm.dll+0x66ecda]
V  [jvm.dll+0x30797b]
V  [jvm.dll+0x30ee26]
V  [jvm.dll+0x35e80e]
V  [jvm.dll+0x35ea3f]
V  [jvm.dll+0x2de6b8]
V  [jvm.dll+0x2df624]
V  [jvm.dll+0x806531]
V  [jvm.dll+0x36c561]
V  [jvm.dll+0x7e4f56]
V  [jvm.dll+0x3efdcf]
V  [jvm.dll+0x3f1921]
C  [jli.dll+0x528f]
C  [ucrtbase.dll+0x21bb2]
C  [KERNEL32.DLL+0x17344]
C  [ntdll.dll+0x4cc91]


---------------  P R O C E S S  ---------------

Threads class SMR info:
_java_thread_list=0x00007ff95fd7eed8, length=0, elements={
}

Java Threads: ( => current thread )

Other Threads:
  0x000001e2b76e8660 GCTaskThread "GC Thread#0" [stack: 0x000000592d500000,0x000000592d600000] [id=3544]
  0x000001e2b76f91b0 ConcurrentGCThread "G1 Main Marker" [stack: 0x000000592d600000,0x000000592d700000] [id=27108]
  0x000001e2b76f9bd0 ConcurrentGCThread "G1 Conc#0" [stack: 0x000000592d700000,0x000000592d800000] [id=23192]

[error occurred during error reporting (printing all threads), id 0xc0000005, EXCEPTION_ACCESS_VIOLATION (0xc0000005) at pc=0x00007ff95f53f0f7]

VM state: not at safepoint (not fully initialized)

VM Mutex/Monitor currently owned by a thread:  ([mutex/lock_event])
[0x000001e2b7671d40] Heap_lock - owner thread: 0x000001e2b7676960

Heap address: 0x0000000704000000, size: 4032 MB, Compressed Oops mode: Zero based, Oop shift amount: 3

CDS archive(s) mapped at: [0x0000000000000000-0x0000000000000000-0x0000000000000000), size 0, SharedBaseAddress: 0x0000000800000000, ArchiveRelocationMode: 1.
Narrow klass base: 0x0000000000000000, Narrow klass shift: 0, Narrow klass range: 0x0

GC Precious Log:
<Empty>

Heap:
 garbage-first heap   total 0K, used 0K [0x0000000704000000, 0x0000000800000000)
  region size 2048K, 0 young (0K), 0 survivors (0K)

[error occurred during error reporting (printing heap information), id 0xc0000005, EXCEPTION_ACCESS_VIOLATION (0xc0000005) at pc=0x00007ff95f9270c9]

GC Heap History (0 events):
No events

Dll operation events (1 events):
Event: 0.011 Loaded shared library C:\Users\alavudheen.e\.vscode\extensions\redhat.java-1.33.0-win32-x64\jre\17.0.11-win32-x86_64\bin\java.dll

Deoptimization events (0 events):
No events

Classes unloaded (0 events):
No events

Classes redefined (0 events):
No events

Internal exceptions (0 events):
No events

VM Operations (0 events):
No events

Events (0 events):
No events


Dynamic libraries:
0x00007ff695730000 - 0x00007ff69573e000 	C:\Users\alavudheen.e\.vscode\extensions\redhat.java-1.33.0-win32-x64\jre\17.0.11-win32-x86_64\bin\java.exe
0x00007ffa59190000 - 0x00007ffa59388000 	C:\WINDOWS\SYSTEM32\ntdll.dll
0x00007ffa58280000 - 0x00007ffa5833d000 	C:\WINDOWS\System32\KERNEL32.DLL
0x00007ffa56850000 - 0x00007ffa56b46000 	C:\WINDOWS\System32\KERNELBASE.dll
0x00007ffa56d30000 - 0x00007ffa56e30000 	C:\WINDOWS\System32\ucrtbase.dll
0x00007ffa42fd0000 - 0x00007ffa42fe7000 	C:\Users\alavudheen.e\.vscode\extensions\redhat.java-1.33.0-win32-x64\jre\17.0.11-win32-x86_64\bin\jli.dll
0x00007ffa589e0000 - 0x00007ffa58b7f000 	C:\WINDOWS\System32\USER32.dll
0x00007ffa56c70000 - 0x00007ffa56c92000 	C:\WINDOWS\System32\win32u.dll
0x00007ffa589b0000 - 0x00007ffa589db000 	C:\WINDOWS\System32\GDI32.dll
0x00007ffa3bf30000 - 0x00007ffa3bf4b000 	C:\Users\alavudheen.e\.vscode\extensions\redhat.java-1.33.0-win32-x64\jre\17.0.11-win32-x86_64\bin\VCRUNTIME140.dll
0x00007ffa56b50000 - 0x00007ffa56c67000 	C:\WINDOWS\System32\gdi32full.dll
0x00007ffa57030000 - 0x00007ffa570cd000 	C:\WINDOWS\System32\msvcp_win.dll
0x00007ffa3e870000 - 0x00007ffa3eb0a000 	C:\WINDOWS\WinSxS\amd64_microsoft.windows.common-controls_6595b64144ccf1df_6.0.19041.4355_none_60b8b9eb71f62e16\COMCTL32.dll
0x00007ffa57780000 - 0x00007ffa5781e000 	C:\WINDOWS\System32\msvcrt.dll
0x00007ffa58ff0000 - 0x00007ffa5901f000 	C:\WINDOWS\System32\IMM32.DLL
0x00007ffa42bf0000 - 0x00007ffa42bfc000 	C:\Users\alavudheen.e\.vscode\extensions\redhat.java-1.33.0-win32-x64\jre\17.0.11-win32-x86_64\bin\vcruntime140_1.dll
0x00007ffa0c7d0000 - 0x00007ffa0c85d000 	C:\Users\alavudheen.e\.vscode\extensions\redhat.java-1.33.0-win32-x64\jre\17.0.11-win32-x86_64\bin\msvcp140.dll
0x00007ff95f250000 - 0x00007ff95feb2000 	C:\Users\alavudheen.e\.vscode\extensions\redhat.java-1.33.0-win32-x64\jre\17.0.11-win32-x86_64\bin\server\jvm.dll
0x00007ffa57370000 - 0x00007ffa57420000 	C:\WINDOWS\System32\ADVAPI32.dll
0x00007ffa57420000 - 0x00007ffa574c0000 	C:\WINDOWS\System32\sechost.dll
0x00007ffa574c0000 - 0x00007ffa575e3000 	C:\WINDOWS\System32\RPCRT4.dll
0x00007ffa56e30000 - 0x00007ffa56e57000 	C:\WINDOWS\System32\bcrypt.dll
0x00007ffa55e40000 - 0x00007ffa55e8b000 	C:\WINDOWS\SYSTEM32\POWRPROF.dll
0x00007ffa387f0000 - 0x00007ffa387f9000 	C:\WINDOWS\SYSTEM32\WSOCK32.dll
0x00007ffa58210000 - 0x00007ffa5827b000 	C:\WINDOWS\System32\WS2_32.dll
0x00007ffa47fe0000 - 0x00007ffa48007000 	C:\WINDOWS\SYSTEM32\WINMM.dll
0x00007ffa56280000 - 0x00007ffa5628a000 	C:\WINDOWS\SYSTEM32\VERSION.dll
0x00007ffa558a0000 - 0x00007ffa558b2000 	C:\WINDOWS\SYSTEM32\UMPDC.dll
0x00007ffa54ae0000 - 0x00007ffa54af2000 	C:\WINDOWS\SYSTEM32\kernel.appcore.dll
0x00007ffa42880000 - 0x00007ffa4288a000 	C:\Users\alavudheen.e\.vscode\extensions\redhat.java-1.33.0-win32-x64\jre\17.0.11-win32-x86_64\bin\jimage.dll
0x00007ffa54810000 - 0x00007ffa549f4000 	C:\WINDOWS\SYSTEM32\DBGHELP.DLL
0x00007ffa38d20000 - 0x00007ffa38d54000 	C:\WINDOWS\SYSTEM32\dbgcore.DLL
0x00007ffa56ca0000 - 0x00007ffa56d22000 	C:\WINDOWS\System32\bcryptPrimitives.dll
0x00007ffa1e520000 - 0x00007ffa1e545000 	C:\Users\alavudheen.e\.vscode\extensions\redhat.java-1.33.0-win32-x64\jre\17.0.11-win32-x86_64\bin\java.dll

dbghelp: loaded successfully - version: 4.0.5 - missing functions: none
symbol engine: initialized successfully - sym options: 0x614 - pdb path: .;C:\Users\alavudheen.e\.vscode\extensions\redhat.java-1.33.0-win32-x64\jre\17.0.11-win32-x86_64\bin;C:\WINDOWS\SYSTEM32;C:\WINDOWS\WinSxS\amd64_microsoft.windows.common-controls_6595b64144ccf1df_6.0.19041.4355_none_60b8b9eb71f62e16;C:\Users\alavudheen.e\.vscode\extensions\redhat.java-1.33.0-win32-x64\jre\17.0.11-win32-x86_64\bin\server

VM Arguments:
jvm_args: -Dcom.sun.management.jmxremote -Dcom.sun.management.jmxremote.port=52363 -Dcom.sun.management.jmxremote.authenticate=false -Dcom.sun.management.jmxremote.ssl=false -Dspring.jmx.enabled=true -Djava.rmi.server.hostname=localhost -Dspring.application.admin.enabled=true -Dspring.boot.project.name=ServiceBookingSystem -XX:+ShowCodeDetailsInExceptionMessages 
java_command: com.ReachU.ServiceBookingSystem.ServiceBookingSystemApplication
java_class_path (initial): D:\New Workout BRC\Week 22 ReachU Project Dev\ServiceBookingSystem-ReachU\ServiceBookingSystem\ServiceBookingSystem\ServiceBookingSystem\target\classes;C:\Users\alavudheen.e\.m2\repository\org\springframework\boot\spring-boot-starter-mail\3.3.1\spring-boot-starter-mail-3.3.1.jar;C:\Users\alavudheen.e\.m2\repository\org\springframework\boot\spring-boot-starter\3.3.1\spring-boot-starter-3.3.1.jar;C:\Users\alavudheen.e\.m2\repository\org\springframework\boot\spring-boot\3.3.1\spring-boot-3.3.1.jar;C:\Users\alavudheen.e\.m2\repository\org\springframework\boot\spring-boot-autoconfigure\3.3.1\spring-boot-autoconfigure-3.3.1.jar;C:\Users\alavudheen.e\.m2\repository\org\springframework\boot\spring-boot-starter-logging\3.3.1\spring-boot-starter-logging-3.3.1.jar;C:\Users\alavudheen.e\.m2\repository\ch\qos\logback\logback-classic\1.5.6\logback-classic-1.5.6.jar;C:\Users\alavudheen.e\.m2\repository\ch\qos\logback\logback-core\1.5.6\logback-core-1.5.6.jar;C:\Users\alavudheen.e\.m2\repository\org\apache\logging\log4j\log4j-to-slf4j\2.23.1\log4j-to-slf4j-2.23.1.jar;C:\Users\alavudheen.e\.m2\repository\org\apache\logging\log4j\log4j-api\2.23.1\log4j-api-2.23.1.jar;C:\Users\alavudheen.e\.m2\repository\org\slf4j\jul-to-slf4j\2.0.13\jul-to-slf4j-2.0.13.jar;C:\Users\alavudheen.e\.m2\repository\jakarta\annotation\jakarta.annotation-api\2.1.1\jakarta.annotation-api-2.1.1.jar;C:\Users\alavudheen.e\.m2\repository\org\yaml\snakeyaml\2.2\snakeyaml-2.2.jar;C:\Users\alavudheen.e\.m2\repository\org\springframework\spring-context-support\6.1.10\spring-context-support-6.1.10.jar;C:\Users\alavudheen.e\.m2\repository\org\springframework\spring-beans\6.1.10\spring-beans-6.1.10.jar;C:\Users\alavudheen.e\.m2\repository\org\springframework\spring-context\6.1.10\spring-context-6.1.10.jar;C:\Users\alavudheen.e\.m2\repository\org\eclipse\angus\jakarta.mail\2.0.3\jakarta.mail-2.0.3.jar;C:\Users\alavudheen.e\.m2\repository\jakarta\activation\jakarta.activation-api\2.1.3\jakarta
Launcher Type: SUN_STANDARD

[Global flags]
     intx CICompilerCount                          = 3                                         {product} {ergonomic}
     uint ConcGCThreads                            = 1                                         {product} {ergonomic}
     uint G1ConcRefinementThreads                  = 4                                         {product} {ergonomic}
   size_t G1HeapRegionSize                         = 2097152                                   {product} {ergonomic}
    uintx GCDrainStackTargetSize                   = 64                                        {product} {ergonomic}
   size_t InitialHeapSize                          = 264241152                                 {product} {ergonomic}
     bool ManagementServer                         = true                                      {product} {command line}
   size_t MarkStackSize                            = 4194304                                   {product} {ergonomic}
   size_t MaxHeapSize                              = 4227858432                                {product} {ergonomic}
   size_t MinHeapDeltaBytes                        = 2097152                                   {product} {ergonomic}
   size_t MinHeapSize                              = 8388608                                   {product} {ergonomic}
    uintx NonNMethodCodeHeapSize                   = 5832780                                {pd product} {ergonomic}
    uintx NonProfiledCodeHeapSize                  = 122912730                              {pd product} {ergonomic}
    uintx ProfiledCodeHeapSize                     = 122912730                              {pd product} {ergonomic}
    uintx ReservedCodeCacheSize                    = 251658240                              {pd product} {ergonomic}
     bool SegmentedCodeCache                       = true                                      {product} {ergonomic}
     bool ShowCodeDetailsInExceptionMessages       = true                                   {manageable} {command line}
   size_t SoftMaxHeapSize                          = 4227858432                             {manageable} {ergonomic}
     bool UseCompressedClassPointers               = true                           {product lp64_product} {ergonomic}
     bool UseCompressedOops                        = true                           {product lp64_product} {ergonomic}
     bool UseG1GC                                  = true                                      {product} {ergonomic}
     bool UseLargePagesIndividualAllocation        = false                                  {pd product} {ergonomic}

Logging:
Log output configuration:
 #0: stdout all=warning uptime,level,tags
 #1: stderr all=off uptime,level,tags

Environment Variables:
JAVA_HOME=C:\Program Files\Microsoft\jdk-11.0.24.8-hotspot\
PATH=C:\Program Files\Microsoft\jdk-11.0.24.8-hotspot\bin;C:\WINDOWS\system32;C:\WINDOWS;C:\WINDOWS\System32\Wbem;C:\WINDOWS\System32\WindowsPowerShell\v1.0\;C:\WINDOWS\System32\OpenSSH\;C:\Program Files (x86)\Microsoft SQL Server\150\DTS\Binn\;C:\Program Files\Microsoft SQL Server\150\Tools\Binn\;C:\Program Files\Microsoft SQL Server\Client SDK\ODBC\170\Tools\Binn\;C:\Program Files\apache-maven-3.9.2\bin;C:\Program Files\dotnet\;C:\Program Files (x86)\Microsoft SQL Server\160\DTS\Binn\;C:\Program Files\Azure Data Studio\bin;C:\Program Files\nodejs;C:\Program Files\Git\cmd;C:\Program Files\MySQL\MySQL Shell 8.0\bin\;C:\Program Files\Java\jdk-19.0.2\bin;C:\src\flutter\bin;C:\Users\alavudheen.e\.dotnet\tools;C:\Users\alavudheen.e\AppData\Local\Programs\Microsoft VS Code\bin;D:\mongosh-2.0.2-win32-x64\mongosh-2.0.2-win32-x64\bin;C:\Users\alavudheen.e\.nuget\packages\xamarin.firebase.ios.installations\8.10.0.3\lib\xamarinios10\Firebase.Installations.resources\FirebaseInstallations.xcframework\ios-arm64_x86_64-simulator\FirebaseInstallations.framework\Headers;C:\Users\alavudheen.e\AppData\Roaming\npm
USERNAME=alavudheen.e
LANG=en_US.UTF-8
OS=Windows_NT
PROCESSOR_IDENTIFIER=Intel64 Family 6 Model 140 Stepping 1, GenuineIntel
TMP=C:\Users\ALAVUD~1.E\AppData\Local\Temp
TEMP=C:\Users\ALAVUD~1.E\AppData\Local\Temp



Periodic native trim disabled


---------------  S Y S T E M  ---------------

OS:
 Windows 10 , 64 bit Build 19041 (10.0.19041.3636)
OS uptime: 3 days 6:14 hours
Hyper-V role detected

CPU: total 4 (initial active 4) (2 cores per cpu, 2 threads per core) family 6 model 140 stepping 1 microcode 0xa4, cx8, cmov, fxsr, ht, mmx, 3dnowpref, sse, sse2, sse3, ssse3, sse4.1, sse4.2, popcnt, lzcnt, tsc, tscinvbit, avx, avx2, aes, erms, clmul, bmi1, bmi2, adx, avx512f, avx512dq, avx512cd, avx512bw, avx512vl, sha, fma, vzeroupper, avx512_vpopcntdq, avx512_vpclmulqdq, avx512_vaes, avx512_vnni, clflush, clflushopt, clwb, avx512_vbmi2, avx512_vbmi, hv
Processor Information for all 4 processors :
  Max Mhz: 2189, Current Mhz: 2189, Mhz Limit: 2189

Memory: 4k page, system-wide physical 16126M (1195M free)
TotalPageFile size 31666M (AvailPageFile size 9M)
current process WorkingSet (physical memory assigned to process): 11M, peak: 11M
current process commit charge ("private bytes"): 52M, peak: 303M

vm_info: OpenJDK 64-Bit Server VM (17.0.11+9) for windows-amd64 JRE (17.0.11+9), built on Apr 17 2024 06:07:48 by "admin" with MS VC++ 16.10 / 16.11 (VS2019)

END.
