#
# There is insufficient memory for the Java Runtime Environment to continue.
# Native memory allocation (malloc) failed to allocate 479616 bytes. Error detail: Chunk::new
# Possible reasons:
#   The system is out of physical RAM or swap space
#   This process is running with CompressedOops enabled, and the Java Heap may be blocking the growth of the native heap
# Possible solutions:
#   Reduce memory load on the system
#   Increase physical memory or swap space
#   Check if swap backing store is full
#   Decrease Java heap size (-Xmx/-Xms)
#   Decrease number of Java threads
#   Decrease Java thread stack sizes (-Xss)
#   Set larger code cache with -XX:ReservedCodeCacheSize=
#   JVM is running with Zero Based Compressed Oops mode in which the Java heap is
#     placed in the first 32GB address space. The Java Heap base address is the
#     maximum limit for the native heap growth. Please use -XX:HeapBaseMinAddress
#     to set the Java Heap base and to place the Java Heap above 32GB virtual address.
# This output file may be truncated or incomplete.
#
#  Out of Memory Error (arena.cpp:191), pid=20552, tid=29528
#
# JRE version: OpenJDK Runtime Environment Temurin-17.0.11+9 (17.0.11+9) (build 17.0.11+9)
# Java VM: OpenJDK 64-Bit Server VM Temurin-17.0.11+9 (17.0.11+9, mixed mode, tiered, compressed oops, compressed class ptrs, g1 gc, windows-amd64)
# No core dump will be written. Minidumps are not enabled by default on client versions of Windows
#

---------------  S U M M A R Y ------------

Command Line: -Dcom.sun.management.jmxremote -Dcom.sun.management.jmxremote.port=52367 -Dcom.sun.management.jmxremote.authenticate=false -Dcom.sun.management.jmxremote.ssl=false -Dspring.jmx.enabled=true -Djava.rmi.server.hostname=localhost -Dspring.application.admin.enabled=true -Dspring.boot.project.name=ServiceBookingSystem -XX:+ShowCodeDetailsInExceptionMessages com.ReachU.ServiceBookingSystem.ServiceBookingSystemApplication

Host: 11th Gen Intel(R) Core(TM) i3-1115G4 @ 3.00GHz, 4 cores, 15G,  Windows 10 , 64 bit Build 19041 (10.0.19041.3636)
Time: Sat Aug 24 20:26:21 2024 India Standard Time elapsed time: 1.376195 seconds (0d 0h 0m 1s)

---------------  T H R E A D  ---------------

Current thread (0x000002102f06f180):  JavaThread "C2 CompilerThread0" daemon [_thread_in_native, id=29528, stack(0x000000e75d000000,0x000000e75d100000)]


Current CompileTask:
C2:   1376 1873   !   4       java.net.URL::<init> (543 bytes)

Stack: [0x000000e75d000000,0x000000e75d100000]
Native frames: (J=compiled Java code, j=interpreted, Vv=VM code, C=native code)
V  [jvm.dll+0x67d429]
V  [jvm.dll+0x834b7a]
V  [jvm.dll+0x83663e]
V  [jvm.dll+0x836ca3]
V  [jvm.dll+0x247dbf]
V  [jvm.dll+0xac534]
V  [jvm.dll+0xacb7c]
V  [jvm.dll+0x366647]
V  [jvm.dll+0x1bd272]
V  [jvm.dll+0x21a5c9]
V  [jvm.dll+0x2198b1]
V  [jvm.dll+0x1a534d]
V  [jvm.dll+0x2295cd]
V  [jvm.dll+0x22779c]
V  [jvm.dll+0x7e9d07]
V  [jvm.dll+0x7e410a]
V  [jvm.dll+0x67c315]
C  [ucrtbase.dll+0x21bb2]
C  [KERNEL32.DLL+0x17344]
C  [ntdll.dll+0x4cc91]


---------------  P R O C E S S  ---------------

Threads class SMR info:
_java_thread_list=0x000002103017ab60, length=17, elements={
0x000002100d547f30, 0x000002102f03c750, 0x000002102f03d220, 0x000002102f068a40,
0x000002102f069310, 0x000002102f06bbf0, 0x000002102f06e4d0, 0x000002102f06f180,
0x000002102f0930d0, 0x000002102f108bc0, 0x000002102ac57570, 0x000002102f277f10,
0x000002102f489ca0, 0x000002102fa24160, 0x000002102fa236d0, 0x000002102fa1f820,
0x0000021030188030
}

Java Threads: ( => current thread )
  0x000002100d547f30 JavaThread "main" [_thread_in_vm, id=23460, stack(0x000000e75c300000,0x000000e75c400000)]
  0x000002102f03c750 JavaThread "Reference Handler" daemon [_thread_blocked, id=30332, stack(0x000000e75ca00000,0x000000e75cb00000)]
  0x000002102f03d220 JavaThread "Finalizer" daemon [_thread_blocked, id=24528, stack(0x000000e75cb00000,0x000000e75cc00000)]
  0x000002102f068a40 JavaThread "Signal Dispatcher" daemon [_thread_blocked, id=2140, stack(0x000000e75cc00000,0x000000e75cd00000)]
  0x000002102f069310 JavaThread "Attach Listener" daemon [_thread_blocked, id=28548, stack(0x000000e75cd00000,0x000000e75ce00000)]
  0x000002102f06bbf0 JavaThread "Service Thread" daemon [_thread_blocked, id=3088, stack(0x000000e75ce00000,0x000000e75cf00000)]
  0x000002102f06e4d0 JavaThread "Monitor Deflation Thread" daemon [_thread_blocked, id=22812, stack(0x000000e75cf00000,0x000000e75d000000)]
=>0x000002102f06f180 JavaThread "C2 CompilerThread0" daemon [_thread_in_native, id=29528, stack(0x000000e75d000000,0x000000e75d100000)]
  0x000002102f0930d0 JavaThread "C1 CompilerThread0" daemon [_thread_in_vm, id=23612, stack(0x000000e75d100000,0x000000e75d200000)]
  0x000002102f108bc0 JavaThread "Sweeper thread" daemon [_thread_blocked, id=22904, stack(0x000000e75d200000,0x000000e75d300000)]
  0x000002102ac57570 JavaThread "Common-Cleaner" daemon [_thread_blocked, id=7360, stack(0x000000e75d300000,0x000000e75d400000)]
  0x000002102f277f10 JavaThread "Notification Thread" daemon [_thread_blocked, id=15480, stack(0x000000e75d400000,0x000000e75d500000)]
  0x000002102f489ca0 JavaThread "C2 CompilerThread1" daemon [_thread_in_native, id=22004, stack(0x000000e75d600000,0x000000e75d700000)]
  0x000002102fa24160 JavaThread "RMI TCP Accept-0" daemon [_thread_in_native, id=11572, stack(0x000000e75da00000,0x000000e75db00000)]
  0x000002102fa236d0 JavaThread "RMI TCP Accept-52367" daemon [_thread_in_native, id=19228, stack(0x000000e75db00000,0x000000e75dc00000)]
  0x000002102fa1f820 JavaThread "RMI TCP Accept-0" daemon [_thread_in_native, id=17772, stack(0x000000e75dc00000,0x000000e75dd00000)]
  0x0000021030188030 JavaThread "background-preinit" [_thread_in_vm, id=14500, stack(0x000000e75de00000,0x000000e75df00000)]

Other Threads:
  0x000002102f020400 VMThread "VM Thread" [stack: 0x000000e75c900000,0x000000e75ca00000] [id=2316]
  0x000002102fa1fd00 WatcherThread [stack: 0x000000e75dd00000,0x000000e75de00000] [id=10092]
  0x000002100d5b9740 GCTaskThread "GC Thread#0" [stack: 0x000000e75c400000,0x000000e75c500000] [id=9812]
  0x000002102fb86640 GCTaskThread "GC Thread#1" [stack: 0x000000e75d700000,0x000000e75d800000] [id=30432]
  0x000002102f8b7a00 GCTaskThread "GC Thread#2" [stack: 0x000000e75d800000,0x000000e75d900000] [id=29784]
  0x000002102f8b7cc0 GCTaskThread "GC Thread#3" [stack: 0x000000e75d900000,0x000000e75da00000] [id=11488]
  0x000002100d5ca1a0 ConcurrentGCThread "G1 Main Marker" [stack: 0x000000e75c500000,0x000000e75c600000] [id=18052]
  0x000002100d5caad0 ConcurrentGCThread "G1 Conc#0" [stack: 0x000000e75c600000,0x000000e75c700000] [id=2212]
  0x000002100d5ee8c0 ConcurrentGCThread "G1 Refine#0" [stack: 0x000000e75c700000,0x000000e75c800000] [id=4440]
  0x000002102ab22730 ConcurrentGCThread "G1 Service" [stack: 0x000000e75c800000,0x000000e75c900000] [id=27060]

Threads with active compile tasks:
C2 CompilerThread0     1388 1873   !   4       java.net.URL::<init> (543 bytes)
C1 CompilerThread0     1388 1966       3       sun.reflect.annotation.AnnotationParser::toClass (32 bytes)
C2 CompilerThread1     1389 1879       4       jdk.internal.org.objectweb.asm.Frame::execute (2318 bytes)

VM state: not at safepoint (normal execution)

VM Mutex/Monitor currently owned by a thread:  ([mutex/lock_event])
[0x000002100d5418a0] CodeCache_lock - owner thread: 0x0000000000000000

Heap address: 0x0000000704000000, size: 4032 MB, Compressed Oops mode: Zero based, Oop shift amount: 3

CDS archive(s) not mapped
Compressed class space mapped at: 0x0000000800000000-0x0000000840000000, reserved size: 1073741824
Narrow klass base: 0x0000000800000000, Narrow klass shift: 0, Narrow klass range: 0x40000000

GC Precious Log:
 CPUs: 4 total, 4 available
 Memory: 16126M
 Large Page Support: Disabled
 NUMA Support: Disabled
 Compressed Oops: Enabled (Zero based)
 Heap Region Size: 2M
 Heap Min Capacity: 8M
 Heap Initial Capacity: 252M
 Heap Max Capacity: 4032M
 Pre-touch: Disabled
 Parallel Workers: 4
 Concurrent Workers: 1
 Concurrent Refinement Workers: 4
 Periodic GC: Disabled

Heap:
 garbage-first heap   total 258048K, used 18288K [0x0000000704000000, 0x0000000800000000)
  region size 2048K, 7 young (14336K), 2 survivors (4096K)
 Metaspace       used 21070K, committed 21376K, reserved 1114112K
  class space    used 2556K, committed 2688K, reserved 1048576K

Heap Regions: E=young(eden), S=young(survivor), O=old, HS=humongous(starts), HC=humongous(continues), CS=collection set, F=free, OA=open archive, CA=closed archive, TAMS=top-at-mark-start (previous, next)
|   0|0x0000000704000000, 0x0000000704200000, 0x0000000704200000|100%| O|  |TAMS 0x0000000704000000, 0x0000000704000000| Untracked 
|   1|0x0000000704200000, 0x0000000704400000, 0x0000000704400000|100%| O|  |TAMS 0x0000000704200000, 0x0000000704200000| Untracked 
|   2|0x0000000704400000, 0x0000000704600000, 0x0000000704600000|100%| O|  |TAMS 0x0000000704400000, 0x0000000704400000| Untracked 
|   3|0x0000000704600000, 0x000000070472f800, 0x0000000704800000| 59%| O|  |TAMS 0x0000000704600000, 0x0000000704600000| Untracked 
|   4|0x0000000704800000, 0x0000000704800000, 0x0000000704a00000|  0%| F|  |TAMS 0x0000000704800000, 0x0000000704800000| Untracked 
|   5|0x0000000704a00000, 0x0000000704a00000, 0x0000000704c00000|  0%| F|  |TAMS 0x0000000704a00000, 0x0000000704a00000| Untracked 
|   6|0x0000000704c00000, 0x0000000704c00000, 0x0000000704e00000|  0%| F|  |TAMS 0x0000000704c00000, 0x0000000704c00000| Untracked 
|   7|0x0000000704e00000, 0x0000000704e00000, 0x0000000705000000|  0%| F|  |TAMS 0x0000000704e00000, 0x0000000704e00000| Untracked 
|   8|0x0000000705000000, 0x0000000705000000, 0x0000000705200000|  0%| F|  |TAMS 0x0000000705000000, 0x0000000705000000| Untracked 
|   9|0x0000000705200000, 0x0000000705200000, 0x0000000705400000|  0%| F|  |TAMS 0x0000000705200000, 0x0000000705200000| Untracked 
|  10|0x0000000705400000, 0x0000000705400000, 0x0000000705600000|  0%| F|  |TAMS 0x0000000705400000, 0x0000000705400000| Untracked 
|  11|0x0000000705600000, 0x0000000705600000, 0x0000000705800000|  0%| F|  |TAMS 0x0000000705600000, 0x0000000705600000| Untracked 
|  12|0x0000000705800000, 0x0000000705800000, 0x0000000705a00000|  0%| F|  |TAMS 0x0000000705800000, 0x0000000705800000| Untracked 
|  13|0x0000000705a00000, 0x0000000705a00000, 0x0000000705c00000|  0%| F|  |TAMS 0x0000000705a00000, 0x0000000705a00000| Untracked 
|  14|0x0000000705c00000, 0x0000000705c00000, 0x0000000705e00000|  0%| F|  |TAMS 0x0000000705c00000, 0x0000000705c00000| Untracked 
|  15|0x0000000705e00000, 0x0000000705e00000, 0x0000000706000000|  0%| F|  |TAMS 0x0000000705e00000, 0x0000000705e00000| Untracked 
|  16|0x0000000706000000, 0x0000000706000000, 0x0000000706200000|  0%| F|  |TAMS 0x0000000706000000, 0x0000000706000000| Untracked 
|  17|0x0000000706200000, 0x0000000706200000, 0x0000000706400000|  0%| F|  |TAMS 0x0000000706200000, 0x0000000706200000| Untracked 
|  18|0x0000000706400000, 0x0000000706400000, 0x0000000706600000|  0%| F|  |TAMS 0x0000000706400000, 0x0000000706400000| Untracked 
|  19|0x0000000706600000, 0x0000000706600000, 0x0000000706800000|  0%| F|  |TAMS 0x0000000706600000, 0x0000000706600000| Untracked 
|  20|0x0000000706800000, 0x0000000706800000, 0x0000000706a00000|  0%| F|  |TAMS 0x0000000706800000, 0x0000000706800000| Untracked 
|  21|0x0000000706a00000, 0x0000000706a00000, 0x0000000706c00000|  0%| F|  |TAMS 0x0000000706a00000, 0x0000000706a00000| Untracked 
|  22|0x0000000706c00000, 0x0000000706c00000, 0x0000000706e00000|  0%| F|  |TAMS 0x0000000706c00000, 0x0000000706c00000| Untracked 
|  23|0x0000000706e00000, 0x0000000706e00000, 0x0000000707000000|  0%| F|  |TAMS 0x0000000706e00000, 0x0000000706e00000| Untracked 
|  24|0x0000000707000000, 0x0000000707000000, 0x0000000707200000|  0%| F|  |TAMS 0x0000000707000000, 0x0000000707000000| Untracked 
|  25|0x0000000707200000, 0x0000000707200000, 0x0000000707400000|  0%| F|  |TAMS 0x0000000707200000, 0x0000000707200000| Untracked 
|  26|0x0000000707400000, 0x0000000707400000, 0x0000000707600000|  0%| F|  |TAMS 0x0000000707400000, 0x0000000707400000| Untracked 
|  27|0x0000000707600000, 0x0000000707600000, 0x0000000707800000|  0%| F|  |TAMS 0x0000000707600000, 0x0000000707600000| Untracked 
|  28|0x0000000707800000, 0x0000000707800000, 0x0000000707a00000|  0%| F|  |TAMS 0x0000000707800000, 0x0000000707800000| Untracked 
|  29|0x0000000707a00000, 0x0000000707a00000, 0x0000000707c00000|  0%| F|  |TAMS 0x0000000707a00000, 0x0000000707a00000| Untracked 
|  30|0x0000000707c00000, 0x0000000707c00000, 0x0000000707e00000|  0%| F|  |TAMS 0x0000000707c00000, 0x0000000707c00000| Untracked 
|  31|0x0000000707e00000, 0x0000000707e00000, 0x0000000708000000|  0%| F|  |TAMS 0x0000000707e00000, 0x0000000707e00000| Untracked 
|  32|0x0000000708000000, 0x0000000708000000, 0x0000000708200000|  0%| F|  |TAMS 0x0000000708000000, 0x0000000708000000| Untracked 
|  33|0x0000000708200000, 0x0000000708200000, 0x0000000708400000|  0%| F|  |TAMS 0x0000000708200000, 0x0000000708200000| Untracked 
|  34|0x0000000708400000, 0x0000000708400000, 0x0000000708600000|  0%| F|  |TAMS 0x0000000708400000, 0x0000000708400000| Untracked 
|  35|0x0000000708600000, 0x0000000708600000, 0x0000000708800000|  0%| F|  |TAMS 0x0000000708600000, 0x0000000708600000| Untracked 
|  36|0x0000000708800000, 0x0000000708800000, 0x0000000708a00000|  0%| F|  |TAMS 0x0000000708800000, 0x0000000708800000| Untracked 
|  37|0x0000000708a00000, 0x0000000708a00000, 0x0000000708c00000|  0%| F|  |TAMS 0x0000000708a00000, 0x0000000708a00000| Untracked 
|  38|0x0000000708c00000, 0x0000000708c00000, 0x0000000708e00000|  0%| F|  |TAMS 0x0000000708c00000, 0x0000000708c00000| Untracked 
|  39|0x0000000708e00000, 0x0000000708e00000, 0x0000000709000000|  0%| F|  |TAMS 0x0000000708e00000, 0x0000000708e00000| Untracked 
|  40|0x0000000709000000, 0x0000000709000000, 0x0000000709200000|  0%| F|  |TAMS 0x0000000709000000, 0x0000000709000000| Untracked 
|  41|0x0000000709200000, 0x0000000709200000, 0x0000000709400000|  0%| F|  |TAMS 0x0000000709200000, 0x0000000709200000| Untracked 
|  42|0x0000000709400000, 0x0000000709400000, 0x0000000709600000|  0%| F|  |TAMS 0x0000000709400000, 0x0000000709400000| Untracked 
|  43|0x0000000709600000, 0x0000000709600000, 0x0000000709800000|  0%| F|  |TAMS 0x0000000709600000, 0x0000000709600000| Untracked 
|  44|0x0000000709800000, 0x0000000709800000, 0x0000000709a00000|  0%| F|  |TAMS 0x0000000709800000, 0x0000000709800000| Untracked 
|  45|0x0000000709a00000, 0x0000000709a00000, 0x0000000709c00000|  0%| F|  |TAMS 0x0000000709a00000, 0x0000000709a00000| Untracked 
|  46|0x0000000709c00000, 0x0000000709c00000, 0x0000000709e00000|  0%| F|  |TAMS 0x0000000709c00000, 0x0000000709c00000| Untracked 
|  47|0x0000000709e00000, 0x0000000709e00000, 0x000000070a000000|  0%| F|  |TAMS 0x0000000709e00000, 0x0000000709e00000| Untracked 
|  48|0x000000070a000000, 0x000000070a000000, 0x000000070a200000|  0%| F|  |TAMS 0x000000070a000000, 0x000000070a000000| Untracked 
|  49|0x000000070a200000, 0x000000070a200000, 0x000000070a400000|  0%| F|  |TAMS 0x000000070a200000, 0x000000070a200000| Untracked 
|  50|0x000000070a400000, 0x000000070a400000, 0x000000070a600000|  0%| F|  |TAMS 0x000000070a400000, 0x000000070a400000| Untracked 
|  51|0x000000070a600000, 0x000000070a600000, 0x000000070a800000|  0%| F|  |TAMS 0x000000070a600000, 0x000000070a600000| Untracked 
|  52|0x000000070a800000, 0x000000070a800000, 0x000000070aa00000|  0%| F|  |TAMS 0x000000070a800000, 0x000000070a800000| Untracked 
|  53|0x000000070aa00000, 0x000000070aa00000, 0x000000070ac00000|  0%| F|  |TAMS 0x000000070aa00000, 0x000000070aa00000| Untracked 
|  54|0x000000070ac00000, 0x000000070ac00000, 0x000000070ae00000|  0%| F|  |TAMS 0x000000070ac00000, 0x000000070ac00000| Untracked 
|  55|0x000000070ae00000, 0x000000070ae00000, 0x000000070b000000|  0%| F|  |TAMS 0x000000070ae00000, 0x000000070ae00000| Untracked 
|  56|0x000000070b000000, 0x000000070b000000, 0x000000070b200000|  0%| F|  |TAMS 0x000000070b000000, 0x000000070b000000| Untracked 
|  57|0x000000070b200000, 0x000000070b200000, 0x000000070b400000|  0%| F|  |TAMS 0x000000070b200000, 0x000000070b200000| Untracked 
|  58|0x000000070b400000, 0x000000070b400000, 0x000000070b600000|  0%| F|  |TAMS 0x000000070b400000, 0x000000070b400000| Untracked 
|  59|0x000000070b600000, 0x000000070b600000, 0x000000070b800000|  0%| F|  |TAMS 0x000000070b600000, 0x000000070b600000| Untracked 
|  60|0x000000070b800000, 0x000000070b800000, 0x000000070ba00000|  0%| F|  |TAMS 0x000000070b800000, 0x000000070b800000| Untracked 
|  61|0x000000070ba00000, 0x000000070ba00000, 0x000000070bc00000|  0%| F|  |TAMS 0x000000070ba00000, 0x000000070ba00000| Untracked 
|  62|0x000000070bc00000, 0x000000070bc00000, 0x000000070be00000|  0%| F|  |TAMS 0x000000070bc00000, 0x000000070bc00000| Untracked 
|  63|0x000000070be00000, 0x000000070be00000, 0x000000070c000000|  0%| F|  |TAMS 0x000000070be00000, 0x000000070be00000| Untracked 
|  64|0x000000070c000000, 0x000000070c000000, 0x000000070c200000|  0%| F|  |TAMS 0x000000070c000000, 0x000000070c000000| Untracked 
|  65|0x000000070c200000, 0x000000070c200000, 0x000000070c400000|  0%| F|  |TAMS 0x000000070c200000, 0x000000070c200000| Untracked 
|  66|0x000000070c400000, 0x000000070c400000, 0x000000070c600000|  0%| F|  |TAMS 0x000000070c400000, 0x000000070c400000| Untracked 
|  67|0x000000070c600000, 0x000000070c600000, 0x000000070c800000|  0%| F|  |TAMS 0x000000070c600000, 0x000000070c600000| Untracked 
|  68|0x000000070c800000, 0x000000070c800000, 0x000000070ca00000|  0%| F|  |TAMS 0x000000070c800000, 0x000000070c800000| Untracked 
|  69|0x000000070ca00000, 0x000000070ca00000, 0x000000070cc00000|  0%| F|  |TAMS 0x000000070ca00000, 0x000000070ca00000| Untracked 
|  70|0x000000070cc00000, 0x000000070cc00000, 0x000000070ce00000|  0%| F|  |TAMS 0x000000070cc00000, 0x000000070cc00000| Untracked 
|  71|0x000000070ce00000, 0x000000070ce00000, 0x000000070d000000|  0%| F|  |TAMS 0x000000070ce00000, 0x000000070ce00000| Untracked 
|  72|0x000000070d000000, 0x000000070d000000, 0x000000070d200000|  0%| F|  |TAMS 0x000000070d000000, 0x000000070d000000| Untracked 
|  73|0x000000070d200000, 0x000000070d200000, 0x000000070d400000|  0%| F|  |TAMS 0x000000070d200000, 0x000000070d200000| Untracked 
|  74|0x000000070d400000, 0x000000070d400000, 0x000000070d600000|  0%| F|  |TAMS 0x000000070d400000, 0x000000070d400000| Untracked 
|  75|0x000000070d600000, 0x000000070d600000, 0x000000070d800000|  0%| F|  |TAMS 0x000000070d600000, 0x000000070d600000| Untracked 
|  76|0x000000070d800000, 0x000000070d800000, 0x000000070da00000|  0%| F|  |TAMS 0x000000070d800000, 0x000000070d800000| Untracked 
|  77|0x000000070da00000, 0x000000070da00000, 0x000000070dc00000|  0%| F|  |TAMS 0x000000070da00000, 0x000000070da00000| Untracked 
|  78|0x000000070dc00000, 0x000000070dc00000, 0x000000070de00000|  0%| F|  |TAMS 0x000000070dc00000, 0x000000070dc00000| Untracked 
|  79|0x000000070de00000, 0x000000070de00000, 0x000000070e000000|  0%| F|  |TAMS 0x000000070de00000, 0x000000070de00000| Untracked 
|  80|0x000000070e000000, 0x000000070e000000, 0x000000070e200000|  0%| F|  |TAMS 0x000000070e000000, 0x000000070e000000| Untracked 
|  81|0x000000070e200000, 0x000000070e200000, 0x000000070e400000|  0%| F|  |TAMS 0x000000070e200000, 0x000000070e200000| Untracked 
|  82|0x000000070e400000, 0x000000070e400000, 0x000000070e600000|  0%| F|  |TAMS 0x000000070e400000, 0x000000070e400000| Untracked 
|  83|0x000000070e600000, 0x000000070e600000, 0x000000070e800000|  0%| F|  |TAMS 0x000000070e600000, 0x000000070e600000| Untracked 
|  84|0x000000070e800000, 0x000000070e800000, 0x000000070ea00000|  0%| F|  |TAMS 0x000000070e800000, 0x000000070e800000| Untracked 
|  85|0x000000070ea00000, 0x000000070ea00000, 0x000000070ec00000|  0%| F|  |TAMS 0x000000070ea00000, 0x000000070ea00000| Untracked 
|  86|0x000000070ec00000, 0x000000070ec00000, 0x000000070ee00000|  0%| F|  |TAMS 0x000000070ec00000, 0x000000070ec00000| Untracked 
|  87|0x000000070ee00000, 0x000000070ee00000, 0x000000070f000000|  0%| F|  |TAMS 0x000000070ee00000, 0x000000070ee00000| Untracked 
|  88|0x000000070f000000, 0x000000070f000000, 0x000000070f200000|  0%| F|  |TAMS 0x000000070f000000, 0x000000070f000000| Untracked 
|  89|0x000000070f200000, 0x000000070f200000, 0x000000070f400000|  0%| F|  |TAMS 0x000000070f200000, 0x000000070f200000| Untracked 
|  90|0x000000070f400000, 0x000000070f400000, 0x000000070f600000|  0%| F|  |TAMS 0x000000070f400000, 0x000000070f400000| Untracked 
|  91|0x000000070f600000, 0x000000070f600000, 0x000000070f800000|  0%| F|  |TAMS 0x000000070f600000, 0x000000070f600000| Untracked 
|  92|0x000000070f800000, 0x000000070f800000, 0x000000070fa00000|  0%| F|  |TAMS 0x000000070f800000, 0x000000070f800000| Untracked 
|  93|0x000000070fa00000, 0x000000070fa00000, 0x000000070fc00000|  0%| F|  |TAMS 0x000000070fa00000, 0x000000070fa00000| Untracked 
|  94|0x000000070fc00000, 0x000000070fc00000, 0x000000070fe00000|  0%| F|  |TAMS 0x000000070fc00000, 0x000000070fc00000| Untracked 
|  95|0x000000070fe00000, 0x000000070fe00000, 0x0000000710000000|  0%| F|  |TAMS 0x000000070fe00000, 0x000000070fe00000| Untracked 
|  96|0x0000000710000000, 0x0000000710000000, 0x0000000710200000|  0%| F|  |TAMS 0x0000000710000000, 0x0000000710000000| Untracked 
|  97|0x0000000710200000, 0x0000000710200000, 0x0000000710400000|  0%| F|  |TAMS 0x0000000710200000, 0x0000000710200000| Untracked 
|  98|0x0000000710400000, 0x0000000710400000, 0x0000000710600000|  0%| F|  |TAMS 0x0000000710400000, 0x0000000710400000| Untracked 
|  99|0x0000000710600000, 0x0000000710600000, 0x0000000710800000|  0%| F|  |TAMS 0x0000000710600000, 0x0000000710600000| Untracked 
| 100|0x0000000710800000, 0x0000000710800000, 0x0000000710a00000|  0%| F|  |TAMS 0x0000000710800000, 0x0000000710800000| Untracked 
| 101|0x0000000710a00000, 0x0000000710a00000, 0x0000000710c00000|  0%| F|  |TAMS 0x0000000710a00000, 0x0000000710a00000| Untracked 
| 102|0x0000000710c00000, 0x0000000710c00000, 0x0000000710e00000|  0%| F|  |TAMS 0x0000000710c00000, 0x0000000710c00000| Untracked 
| 103|0x0000000710e00000, 0x0000000710e00000, 0x0000000711000000|  0%| F|  |TAMS 0x0000000710e00000, 0x0000000710e00000| Untracked 
| 104|0x0000000711000000, 0x0000000711000000, 0x0000000711200000|  0%| F|  |TAMS 0x0000000711000000, 0x0000000711000000| Untracked 
| 105|0x0000000711200000, 0x0000000711200000, 0x0000000711400000|  0%| F|  |TAMS 0x0000000711200000, 0x0000000711200000| Untracked 
| 106|0x0000000711400000, 0x0000000711400000, 0x0000000711600000|  0%| F|  |TAMS 0x0000000711400000, 0x0000000711400000| Untracked 
| 107|0x0000000711600000, 0x0000000711600000, 0x0000000711800000|  0%| F|  |TAMS 0x0000000711600000, 0x0000000711600000| Untracked 
| 108|0x0000000711800000, 0x0000000711800000, 0x0000000711a00000|  0%| F|  |TAMS 0x0000000711800000, 0x0000000711800000| Untracked 
| 109|0x0000000711a00000, 0x0000000711a00000, 0x0000000711c00000|  0%| F|  |TAMS 0x0000000711a00000, 0x0000000711a00000| Untracked 
| 110|0x0000000711c00000, 0x0000000711c00000, 0x0000000711e00000|  0%| F|  |TAMS 0x0000000711c00000, 0x0000000711c00000| Untracked 
| 111|0x0000000711e00000, 0x0000000711e00000, 0x0000000712000000|  0%| F|  |TAMS 0x0000000711e00000, 0x0000000711e00000| Untracked 
| 112|0x0000000712000000, 0x0000000712000000, 0x0000000712200000|  0%| F|  |TAMS 0x0000000712000000, 0x0000000712000000| Untracked 
| 113|0x0000000712200000, 0x00000007122acae8, 0x0000000712400000| 33%| S|CS|TAMS 0x0000000712200000, 0x0000000712200000| Complete 
| 114|0x0000000712400000, 0x0000000712600000, 0x0000000712600000|100%| S|CS|TAMS 0x0000000712400000, 0x0000000712400000| Complete 
| 115|0x0000000712600000, 0x0000000712600000, 0x0000000712800000|  0%| F|  |TAMS 0x0000000712600000, 0x0000000712600000| Untracked 
| 116|0x0000000712800000, 0x0000000712800000, 0x0000000712a00000|  0%| F|  |TAMS 0x0000000712800000, 0x0000000712800000| Untracked 
| 117|0x0000000712a00000, 0x0000000712a00000, 0x0000000712c00000|  0%| F|  |TAMS 0x0000000712a00000, 0x0000000712a00000| Untracked 
| 118|0x0000000712c00000, 0x0000000712c00000, 0x0000000712e00000|  0%| F|  |TAMS 0x0000000712c00000, 0x0000000712c00000| Untracked 
| 119|0x0000000712e00000, 0x0000000712e00000, 0x0000000713000000|  0%| F|  |TAMS 0x0000000712e00000, 0x0000000712e00000| Untracked 
| 120|0x0000000713000000, 0x0000000713000000, 0x0000000713200000|  0%| F|  |TAMS 0x0000000713000000, 0x0000000713000000| Untracked 
| 121|0x0000000713200000, 0x0000000713400000, 0x0000000713400000|100%| E|  |TAMS 0x0000000713200000, 0x0000000713200000| Complete 
| 122|0x0000000713400000, 0x0000000713600000, 0x0000000713600000|100%| E|CS|TAMS 0x0000000713400000, 0x0000000713400000| Complete 
| 123|0x0000000713600000, 0x0000000713800000, 0x0000000713800000|100%| E|CS|TAMS 0x0000000713600000, 0x0000000713600000| Complete 
| 124|0x0000000713800000, 0x0000000713a00000, 0x0000000713a00000|100%| E|CS|TAMS 0x0000000713800000, 0x0000000713800000| Complete 
| 125|0x0000000713a00000, 0x0000000713c00000, 0x0000000713c00000|100%| E|CS|TAMS 0x0000000713a00000, 0x0000000713a00000| Complete 

Card table byte_map: [0x000002101f9b0000,0x0000021020190000] _byte_map_base: 0x000002101c190000

Marking Bits (Prev, Next): (CMBitMap*) 0x000002100d5b9c70, (CMBitMap*) 0x000002100d5b9cb0
 Prev Bits: [0x0000021020970000, 0x0000021024870000)
 Next Bits: [0x0000021024870000, 0x0000021028770000)

Polling page: 0x000002100b3f0000

Metaspace:

Usage:
  Non-class:     18.13 MB used.
      Class:      2.51 MB used.
       Both:     20.64 MB used.

Virtual space:
  Non-class space:       64.00 MB reserved,      18.25 MB ( 29%) committed,  1 nodes.
      Class space:        1.00 GB reserved,       2.69 MB ( <1%) committed,  1 nodes.
             Both:        1.06 GB reserved,      20.94 MB (  2%) committed. 

Chunk freelists:
   Non-Class:  13.58 MB
       Class:  13.36 MB
        Both:  26.93 MB

MaxMetaspaceSize: unlimited
CompressedClassSpaceSize: 1.00 GB
Initial GC threshold: 21.00 MB
Current GC threshold: 21.00 MB
CDS: off
MetaspaceReclaimPolicy: balanced
 - commit_granule_bytes: 65536.
 - commit_granule_words: 8192.
 - virtual_space_node_default_size: 8388608.
 - enlarge_chunks_in_place: 1.
 - new_chunks_are_fully_committed: 0.
 - uncommit_free_chunks: 1.
 - use_allocation_guard: 0.
 - handle_deallocations: 1.


Internal statistics:

num_allocs_failed_limit: 0.
num_arena_births: 228.
num_arena_deaths: 0.
num_vsnodes_births: 2.
num_vsnodes_deaths: 0.
num_space_committed: 335.
num_space_uncommitted: 0.
num_chunks_returned_to_freelist: 0.
num_chunks_taken_from_freelist: 607.
num_chunk_merges: 0.
num_chunk_splits: 391.
num_chunks_enlarged: 289.
num_inconsistent_stats: 0.

CodeHeap 'non-profiled nmethods': size=120000Kb used=676Kb max_used=676Kb free=119324Kb
 bounds [0x0000021017ca0000, 0x0000021017f10000, 0x000002101f1d0000]
CodeHeap 'profiled nmethods': size=120000Kb used=3782Kb max_used=3782Kb free=116218Kb
 bounds [0x00000210101d0000, 0x0000021010590000, 0x0000021017700000]
CodeHeap 'non-nmethods': size=5760Kb used=1209Kb max_used=1228Kb free=4550Kb
 bounds [0x0000021017700000, 0x0000021017970000, 0x0000021017ca0000]
 total_blobs=2472 nmethods=1978 adapters=406
 compilation: enabled
              stopped_count=0, restarted_count=0
 full_count=0

Compilation events (20 events):
Event: 1.365 Thread 0x000002102f0930d0 1924       1       java.lang.reflect.Method::getSharedExceptionTypes (5 bytes)
Event: 1.365 Thread 0x000002102f0930d0 nmethod 1924 0x0000021017d47510 code [0x0000021017d476a0, 0x0000021017d47778]
Event: 1.365 Thread 0x000002102f0930d0 1925       3       java.lang.reflect.Proxy$ProxyBuilder::addElementTypes (33 bytes)
Event: 1.366 Thread 0x000002102f0930d0 nmethod 1925 0x0000021010564790 code [0x00000210105649a0, 0x00000210105650a8]
Event: 1.366 Thread 0x000002102f0930d0 1926       1       java.util.Collections$SingletonList::size (2 bytes)
Event: 1.366 Thread 0x000002102f0930d0 nmethod 1926 0x0000021017d47810 code [0x0000021017d479a0, 0x0000021017d47a78]
Event: 1.366 Thread 0x000002102f0930d0 1927       3       java.lang.reflect.Modifier::isAbstract (14 bytes)
Event: 1.366 Thread 0x000002102f0930d0 nmethod 1927 0x0000021010565390 code [0x0000021010565520, 0x0000021010565678]
Event: 1.367 Thread 0x000002102f0930d0 1928       3       java.lang.reflect.Method::getRoot (5 bytes)
Event: 1.368 Thread 0x000002102f0930d0 nmethod 1928 0x0000021010565710 code [0x00000210105658a0, 0x00000210105659b8]
Event: 1.368 Thread 0x000002102f0930d0 1929       3       java.nio.Buffer::limit (65 bytes)
Event: 1.368 Thread 0x000002102f0930d0 nmethod 1929 0x0000021010565a90 code [0x0000021010565c40, 0x0000021010565f08]
Event: 1.370 Thread 0x000002102f0930d0 1930       3       org.hibernate.validator.internal.util.TypeHelper::resolveTypeForClassAndHierarchy (61 bytes)
Event: 1.371 Thread 0x000002102f0930d0 nmethod 1930 0x0000021010566010 code [0x0000021010566300, 0x0000021010567388]
Event: 1.371 Thread 0x000002102f0930d0 1931       3       jdk.internal.org.objectweb.asm.MethodWriter::addSuccessorToCurrentBasicBlock (24 bytes)
Event: 1.371 Thread 0x000002102f0930d0 nmethod 1931 0x0000021010567910 code [0x0000021010567ac0, 0x0000021010567e38]
Event: 1.371 Thread 0x000002102f0930d0 1932       3       jdk.internal.org.objectweb.asm.Frame::putAbstractType (379 bytes)
Event: 1.373 Thread 0x000002102f0930d0 nmethod 1932 0x0000021010567f90 code [0x00000210105683c0, 0x0000021010569b18]
Event: 1.373 Thread 0x000002102f0930d0 1934       3       java.util.concurrent.locks.ReentrantLock$NonfairSync::initialTryLock (58 bytes)
Event: 1.373 Thread 0x000002102f0930d0 nmethod 1934 0x000002101056a590 code [0x000002101056a760, 0x000002101056ab78]

GC Heap History (6 events):
Event: 0.496 GC heap before
{Heap before GC invocations=0 (full 0):
 garbage-first heap   total 258048K, used 10240K [0x0000000704000000, 0x0000000800000000)
  region size 2048K, 6 young (12288K), 0 survivors (0K)
 Metaspace       used 9801K, committed 9984K, reserved 1114112K
  class space    used 1026K, committed 1088K, reserved 1048576K
}
Event: 0.500 GC heap after
{Heap after GC invocations=1 (full 0):
 garbage-first heap   total 258048K, used 7301K [0x0000000704000000, 0x0000000800000000)
  region size 2048K, 1 young (2048K), 1 survivors (2048K)
 Metaspace       used 9801K, committed 9984K, reserved 1114112K
  class space    used 1026K, committed 1088K, reserved 1048576K
}
Event: 0.878 GC heap before
{Heap before GC invocations=1 (full 0):
 garbage-first heap   total 258048K, used 17541K [0x0000000704000000, 0x0000000800000000)
  region size 2048K, 6 young (12288K), 1 survivors (2048K)
 Metaspace       used 14461K, committed 14720K, reserved 1114112K
  class space    used 1595K, committed 1728K, reserved 1048576K
}
Event: 0.882 GC heap after
{Heap after GC invocations=2 (full 0):
 garbage-first heap   total 258048K, used 8666K [0x0000000704000000, 0x0000000800000000)
  region size 2048K, 1 young (2048K), 1 survivors (2048K)
 Metaspace       used 14461K, committed 14720K, reserved 1114112K
  class space    used 1595K, committed 1728K, reserved 1048576K
}
Event: 1.264 GC heap before
{Heap before GC invocations=2 (full 0):
 garbage-first heap   total 258048K, used 29146K [0x0000000704000000, 0x0000000800000000)
  region size 2048K, 11 young (22528K), 1 survivors (2048K)
 Metaspace       used 19485K, committed 19776K, reserved 1114112K
  class space    used 2288K, committed 2432K, reserved 1048576K
}
Event: 1.268 GC heap after
{Heap after GC invocations=3 (full 0):
 garbage-first heap   total 258048K, used 10096K [0x0000000704000000, 0x0000000800000000)
  region size 2048K, 2 young (4096K), 2 survivors (4096K)
 Metaspace       used 19485K, committed 19776K, reserved 1114112K
  class space    used 2288K, committed 2432K, reserved 1048576K
}

Dll operation events (8 events):
Event: 0.008 Loaded shared library C:\Users\alavudheen.e\.vscode\extensions\redhat.java-1.33.0-win32-x64\jre\17.0.11-win32-x86_64\bin\java.dll
Event: 0.248 Loaded shared library C:\Users\alavudheen.e\.vscode\extensions\redhat.java-1.33.0-win32-x64\jre\17.0.11-win32-x86_64\bin\jimage.dll
Event: 0.265 Loaded shared library C:\Users\alavudheen.e\.vscode\extensions\redhat.java-1.33.0-win32-x64\jre\17.0.11-win32-x86_64\bin\net.dll
Event: 0.266 Loaded shared library C:\Users\alavudheen.e\.vscode\extensions\redhat.java-1.33.0-win32-x64\jre\17.0.11-win32-x86_64\bin\nio.dll
Event: 0.271 Loaded shared library C:\Users\alavudheen.e\.vscode\extensions\redhat.java-1.33.0-win32-x64\jre\17.0.11-win32-x86_64\bin\zip.dll
Event: 0.373 Loaded shared library C:\Users\alavudheen.e\.vscode\extensions\redhat.java-1.33.0-win32-x64\jre\17.0.11-win32-x86_64\bin\management.dll
Event: 0.382 Loaded shared library C:\Users\alavudheen.e\.vscode\extensions\redhat.java-1.33.0-win32-x64\jre\17.0.11-win32-x86_64\bin\management_ext.dll
Event: 0.562 Loaded shared library C:\Users\alavudheen.e\.vscode\extensions\redhat.java-1.33.0-win32-x64\jre\17.0.11-win32-x86_64\bin\extnet.dll

Deoptimization events (20 events):
Event: 1.184 Thread 0x0000021030188030 DEOPT PACKING pc=0x00000210103b6468 sp=0x000000e75defde40
Event: 1.184 Thread 0x0000021030188030 DEOPT UNPACKING pc=0x000002101775ace3 sp=0x000000e75defd2d0 mode 0
Event: 1.306 Thread 0x0000021030188030 Uncommon trap: trap_request=0xffffff45 fr.pc=0x0000021017d14938 relative=0x0000000000000f98
Event: 1.306 Thread 0x0000021030188030 Uncommon trap: reason=unstable_if action=reinterpret pc=0x0000021017d14938 method=java.util.concurrent.ConcurrentHashMap.addCount(JI)V @ 171 c2
Event: 1.306 Thread 0x0000021030188030 DEOPT PACKING pc=0x0000021017d14938 sp=0x000000e75defe790
Event: 1.306 Thread 0x0000021030188030 DEOPT UNPACKING pc=0x000002101775a1a3 sp=0x000000e75defe650 mode 2
Event: 1.306 Thread 0x000002100d547f30 Uncommon trap: trap_request=0xffffff45 fr.pc=0x0000021017d14938 relative=0x0000000000000f98
Event: 1.306 Thread 0x000002100d547f30 Uncommon trap: reason=unstable_if action=reinterpret pc=0x0000021017d14938 method=java.util.concurrent.ConcurrentHashMap.addCount(JI)V @ 171 c2
Event: 1.306 Thread 0x000002100d547f30 DEOPT PACKING pc=0x0000021017d14938 sp=0x000000e75c3fb1d0
Event: 1.306 Thread 0x000002100d547f30 DEOPT UNPACKING pc=0x000002101775a1a3 sp=0x000000e75c3fb090 mode 2
Event: 1.331 Thread 0x000002100d547f30 DEOPT PACKING pc=0x00000210103b6468 sp=0x000000e75c3fd470
Event: 1.331 Thread 0x000002100d547f30 DEOPT UNPACKING pc=0x000002101775ace3 sp=0x000000e75c3fc900 mode 0
Event: 1.345 Thread 0x000002100d547f30 Uncommon trap: trap_request=0xffffff45 fr.pc=0x0000021017d099fc relative=0x00000000000002dc
Event: 1.345 Thread 0x000002100d547f30 Uncommon trap: reason=unstable_if action=reinterpret pc=0x0000021017d099fc method=jdk.internal.org.objectweb.asm.SymbolTable.put(Ljdk/internal/org/objectweb/asm/SymbolTable$Entry;)Ljdk/internal/org/objectweb/asm/SymbolTable$Entry; @ 13 c2
Event: 1.345 Thread 0x000002100d547f30 DEOPT PACKING pc=0x0000021017d099fc sp=0x000000e75c3fdba0
Event: 1.345 Thread 0x000002100d547f30 DEOPT UNPACKING pc=0x000002101775a1a3 sp=0x000000e75c3fdb20 mode 2
Event: 1.350 Thread 0x000002100d547f30 Uncommon trap: trap_request=0xffffff45 fr.pc=0x0000021017d34104 relative=0x0000000000000564
Event: 1.350 Thread 0x000002100d547f30 Uncommon trap: reason=unstable_if action=reinterpret pc=0x0000021017d34104 method=org.springframework.util.ConcurrentReferenceHashMap$Segment.restructureIfNecessary(Z)V @ 21 c2
Event: 1.352 Thread 0x000002100d547f30 DEOPT PACKING pc=0x0000021017d34104 sp=0x000000e75c3fe9c0
Event: 1.352 Thread 0x000002100d547f30 DEOPT UNPACKING pc=0x000002101775a1a3 sp=0x000000e75c3fe970 mode 2

Classes unloaded (0 events):
No events

Classes redefined (0 events):
No events

Internal exceptions (20 events):
Event: 1.002 Thread 0x000002100d547f30 Exception <a 'java/lang/NoSuchMethodError'{0x0000000713522b48}: 'int java.lang.invoke.DirectMethodHandle$Holder.invokeStatic(java.lang.Object, java.lang.Object, java.lang.Object, java.lang.Object)'> (0x0000000713522b48) 
thrown [s\src\hotspot\share\interpreter\linkResolver.cpp, line 759]
Event: 1.003 Thread 0x000002100d547f30 Exception <a 'java/lang/NoSuchMethodError'{0x00000007135264c8}: 'java.lang.Object java.lang.invoke.Invokers$Holder.invokeExact_MT(java.lang.Object, java.lang.Object, java.lang.Object, java.lang.Object, java.lang.Object, java.lang.Object)'> (0x00000007135264c8) 
thrown [s\src\hotspot\share\interpreter\linkResolver.cpp, line 759]
Event: 1.008 Thread 0x000002100d547f30 Exception <a 'java/lang/NoSuchMethodError'{0x0000000713589920}: 'java.lang.Object java.lang.invoke.DirectMethodHandle$Holder.invokeSpecial(java.lang.Object, java.lang.Object, java.lang.Object, java.lang.Object, java.lang.Object, java.lang.Object, int)'> (0x0000000713589920) 
thrown [s\src\hotspot\share\interpreter\linkResolver.cpp, line 759]
Event: 1.009 Thread 0x000002100d547f30 Exception <a 'java/lang/NoSuchMethodError'{0x00000007135940c8}: 'java.lang.Object java.lang.invoke.DirectMethodHandle$Holder.newInvokeSpecial(java.lang.Object, java.lang.Object, java.lang.Object, java.lang.Object, java.lang.Object, java.lang.Object, int)'> (0x00000007135940c8) 
thrown [s\src\hotspot\share\interpreter\linkResolver.cpp, line 759]
Event: 1.009 Thread 0x000002100d547f30 Exception <a 'java/lang/NoSuchMethodError'{0x0000000713599108}: 'java.lang.Object java.lang.invoke.DirectMethodHandle$Holder.invokeSpecial(java.lang.Object, java.lang.Object, java.lang.Object, java.lang.Object, java.lang.Object, java.lang.Object, java.lang.Object, int)'> (0x0000000713599108) 
thrown [s\src\hotspot\share\interpreter\linkResolver.cpp, line 759]
Event: 1.029 Thread 0x000002100d547f30 Exception <a 'java/lang/NoSuchMethodError'{0x00000007132f79f0}: 'void java.lang.invoke.DirectMethodHandle$Holder.invokeSpecial(java.lang.Object, java.lang.Object, java.lang.Object, java.lang.Object, java.lang.Object)'> (0x00000007132f79f0) 
thrown [s\src\hotspot\share\interpreter\linkResolver.cpp, line 759]
Event: 1.073 Thread 0x000002100d547f30 Exception <a 'java/lang/NoSuchMethodError'{0x0000000713347f60}: 'int java.lang.invoke.DirectMethodHandle$Holder.invokeVirtual(java.lang.Object, java.lang.Object)'> (0x0000000713347f60) 
thrown [s\src\hotspot\share\interpreter\linkResolver.cpp, line 759]
Event: 1.084 Thread 0x000002100d547f30 Exception <a 'java/lang/NoSuchMethodError'{0x00000007133ebd38}: 'java.lang.Object java.lang.invoke.DirectMethodHandle$Holder.invokeSpecial(java.lang.Object, java.lang.Object, java.lang.Object, int, java.lang.Object)'> (0x00000007133ebd38) 
thrown [s\src\hotspot\share\interpreter\linkResolver.cpp, line 759]
Event: 1.084 Thread 0x000002100d547f30 Exception <a 'java/lang/NoSuchMethodError'{0x00000007133f45e8}: 'java.lang.Object java.lang.invoke.DirectMethodHandle$Holder.newInvokeSpecial(java.lang.Object, java.lang.Object, java.lang.Object, int, java.lang.Object)'> (0x00000007133f45e8) 
thrown [s\src\hotspot\share\interpreter\linkResolver.cpp, line 759]
Event: 1.085 Thread 0x000002100d547f30 Exception <a 'java/lang/NoSuchMethodError'{0x0000000712e0acc0}: 'java.lang.Object java.lang.invoke.DirectMethodHandle$Holder.newInvokeSpecial(java.lang.Object, int, java.lang.Object)'> (0x0000000712e0acc0) 
thrown [s\src\hotspot\share\interpreter\linkResolver.cpp, line 759]
Event: 1.086 Thread 0x000002100d547f30 Exception <a 'java/lang/NoSuchMethodError'{0x0000000712e0ec90}: 'int java.lang.invoke.DirectMethodHandle$Holder.invokeSpecialIFC(java.lang.Object, java.lang.Object, java.lang.Object, java.lang.Object)'> (0x0000000712e0ec90) 
thrown [s\src\hotspot\share\interpreter\linkResolver.cpp, line 759]
Event: 1.099 Thread 0x000002100d547f30 Exception <a 'java/lang/NoSuchMethodError'{0x0000000712efe208}: 'void java.lang.invoke.DirectMethodHandle$Holder.invokeInterface(java.lang.Object, java.lang.Object, java.lang.Object)'> (0x0000000712efe208) 
thrown [s\src\hotspot\share\interpreter\linkResolver.cpp, line 759]
Event: 1.115 Thread 0x000002100d547f30 Exception <a 'java/lang/NoSuchMethodError'{0x0000000712f96b80}: 'void java.lang.invoke.DirectMethodHandle$Holder.invokeStaticInit(java.lang.Object, java.lang.Object, java.lang.Object)'> (0x0000000712f96b80) 
thrown [s\src\hotspot\share\interpreter\linkResolver.cpp, line 759]
Event: 1.124 Thread 0x000002100d547f30 Exception <a 'java/lang/NoSuchMethodError'{0x0000000712fdd078}: 'java.lang.Object java.lang.invoke.DirectMethodHandle$Holder.invokeStatic(java.lang.Object, java.lang.Object, long, java.lang.Object)'> (0x0000000712fdd078) 
thrown [s\src\hotspot\share\interpreter\linkResolver.cpp, line 759]
Event: 1.125 Thread 0x000002100d547f30 Exception <a 'java/lang/NoSuchMethodError'{0x0000000712fe0b10}: 'java.lang.Object java.lang.invoke.DirectMethodHandle$Holder.invokeStaticInit(java.lang.Object, java.lang.Object, long, java.lang.Object)'> (0x0000000712fe0b10) 
thrown [s\src\hotspot\share\interpreter\linkResolver.cpp, line 759]
Event: 1.125 Thread 0x000002100d547f30 Exception <a 'java/lang/NoSuchMethodError'{0x0000000712fe7120}: 'java.lang.Object java.lang.invoke.DirectMethodHandle$Holder.newInvokeSpecial(java.lang.Object, java.lang.Object, long)'> (0x0000000712fe7120) 
thrown [s\src\hotspot\share\interpreter\linkResolver.cpp, line 759]
Event: 1.125 Thread 0x000002100d547f30 Exception <a 'java/lang/NoSuchMethodError'{0x0000000712feac90}: 'java.lang.Object java.lang.invoke.Invokers$Holder.linkToTargetMethod(java.lang.Object, long, java.lang.Object)'> (0x0000000712feac90) 
thrown [s\src\hotspot\share\interpreter\linkResolver.cpp, line 759]
Event: 1.137 Thread 0x000002100d547f30 Exception <a 'java/lang/NoSuchMethodError'{0x0000000712c4d030}: 'void java.lang.invoke.DirectMethodHandle$Holder.invokeVirtual(java.lang.Object, java.lang.Object, java.lang.Object, java.lang.Object)'> (0x0000000712c4d030) 
thrown [s\src\hotspot\share\interpreter\linkResolver.cpp, line 759]
Event: 1.172 Thread 0x000002100d547f30 Exception <a 'java/lang/NoSuchMethodError'{0x0000000712dc9258}: 'void java.lang.invoke.DirectMethodHandle$Holder.invokeSpecial(java.lang.Object, java.lang.Object, java.lang.Object)'> (0x0000000712dc9258) 
thrown [s\src\hotspot\share\interpreter\linkResolver.cpp, line 759]
Event: 1.182 Thread 0x000002100d547f30 Exception <a 'java/lang/IncompatibleClassChangeError'{0x0000000712a2dff0}: Found class java.lang.Object, but interface was expected> (0x0000000712a2dff0) 
thrown [s\src\hotspot\share\interpreter\linkResolver.cpp, line 826]

VM Operations (20 events):
Event: 0.555 Executing VM operation: HandshakeAllThreads
Event: 0.555 Executing VM operation: HandshakeAllThreads done
Event: 0.648 Executing VM operation: HandshakeAllThreads
Event: 0.648 Executing VM operation: HandshakeAllThreads done
Event: 0.652 Executing VM operation: HandshakeAllThreads
Event: 0.652 Executing VM operation: HandshakeAllThreads done
Event: 0.878 Executing VM operation: G1CollectForAllocation
Event: 0.882 Executing VM operation: G1CollectForAllocation done
Event: 0.913 Executing VM operation: HandshakeAllThreads
Event: 0.913 Executing VM operation: HandshakeAllThreads done
Event: 1.034 Executing VM operation: HandshakeAllThreads
Event: 1.034 Executing VM operation: HandshakeAllThreads done
Event: 1.170 Executing VM operation: HandshakeAllThreads
Event: 1.170 Executing VM operation: HandshakeAllThreads done
Event: 1.170 Executing VM operation: HandshakeAllThreads
Event: 1.170 Executing VM operation: HandshakeAllThreads done
Event: 1.201 Executing VM operation: ICBufferFull
Event: 1.201 Executing VM operation: ICBufferFull done
Event: 1.264 Executing VM operation: G1CollectForAllocation
Event: 1.268 Executing VM operation: G1CollectForAllocation done

Events (20 events):
Event: 1.307 loading class org/xml/sax/EntityResolver
Event: 1.307 loading class org/xml/sax/EntityResolver done
Event: 1.307 loading class org/xml/sax/SAXParseException
Event: 1.307 loading class org/xml/sax/SAXParseException done
Event: 1.307 loading class javax/xml/parsers/ParserConfigurationException
Event: 1.307 loading class javax/xml/parsers/ParserConfigurationException done
Event: 1.310 loading class java/io/CharConversionException
Event: 1.310 loading class java/io/CharConversionException done
Event: 1.330 loading class java/time/chrono/HijrahDate
Event: 1.331 loading class java/time/chrono/ChronoLocalDateImpl
Event: 1.331 loading class java/time/chrono/ChronoLocalDateImpl done
Event: 1.331 loading class java/time/chrono/HijrahDate done
Event: 1.332 loading class java/time/chrono/JapaneseDate
Event: 1.333 loading class java/time/chrono/JapaneseDate done
Event: 1.333 loading class java/time/chrono/MinguoDate
Event: 1.334 loading class java/time/chrono/MinguoDate done
Event: 1.334 loading class java/time/chrono/ThaiBuddhistDate
Event: 1.335 loading class java/time/chrono/ThaiBuddhistDate done
Event: 1.366 loading class java/lang/annotation/Repeatable
Event: 1.366 loading class java/lang/annotation/Repeatable done


Dynamic libraries:
0x00007ff695730000 - 0x00007ff69573e000 	C:\Users\alavudheen.e\.vscode\extensions\redhat.java-1.33.0-win32-x64\jre\17.0.11-win32-x86_64\bin\java.exe
0x00007ffa59190000 - 0x00007ffa59388000 	C:\WINDOWS\SYSTEM32\ntdll.dll
0x00007ffa58280000 - 0x00007ffa5833d000 	C:\WINDOWS\System32\KERNEL32.DLL
0x00007ffa56850000 - 0x00007ffa56b46000 	C:\WINDOWS\System32\KERNELBASE.dll
0x00007ffa56d30000 - 0x00007ffa56e30000 	C:\WINDOWS\System32\ucrtbase.dll
0x00007ffa42fd0000 - 0x00007ffa42fe7000 	C:\Users\alavudheen.e\.vscode\extensions\redhat.java-1.33.0-win32-x64\jre\17.0.11-win32-x86_64\bin\jli.dll
0x00007ffa589e0000 - 0x00007ffa58b7f000 	C:\WINDOWS\System32\USER32.dll
0x00007ffa56c70000 - 0x00007ffa56c92000 	C:\WINDOWS\System32\win32u.dll
0x00007ffa589b0000 - 0x00007ffa589db000 	C:\WINDOWS\System32\GDI32.dll
0x00007ffa56b50000 - 0x00007ffa56c67000 	C:\WINDOWS\System32\gdi32full.dll
0x00007ffa57030000 - 0x00007ffa570cd000 	C:\WINDOWS\System32\msvcp_win.dll
0x00007ffa3bf30000 - 0x00007ffa3bf4b000 	C:\Users\alavudheen.e\.vscode\extensions\redhat.java-1.33.0-win32-x64\jre\17.0.11-win32-x86_64\bin\VCRUNTIME140.dll
0x00007ffa3e870000 - 0x00007ffa3eb0a000 	C:\WINDOWS\WinSxS\amd64_microsoft.windows.common-controls_6595b64144ccf1df_6.0.19041.4355_none_60b8b9eb71f62e16\COMCTL32.dll
0x00007ffa57780000 - 0x00007ffa5781e000 	C:\WINDOWS\System32\msvcrt.dll
0x00007ffa58ff0000 - 0x00007ffa5901f000 	C:\WINDOWS\System32\IMM32.DLL
0x00007ffa42bf0000 - 0x00007ffa42bfc000 	C:\Users\alavudheen.e\.vscode\extensions\redhat.java-1.33.0-win32-x64\jre\17.0.11-win32-x86_64\bin\vcruntime140_1.dll
0x00007ffa0c7d0000 - 0x00007ffa0c85d000 	C:\Users\alavudheen.e\.vscode\extensions\redhat.java-1.33.0-win32-x64\jre\17.0.11-win32-x86_64\bin\msvcp140.dll
0x00007ff95f250000 - 0x00007ff95feb2000 	C:\Users\alavudheen.e\.vscode\extensions\redhat.java-1.33.0-win32-x64\jre\17.0.11-win32-x86_64\bin\server\jvm.dll
0x00007ffa57370000 - 0x00007ffa57420000 	C:\WINDOWS\System32\ADVAPI32.dll
0x00007ffa57420000 - 0x00007ffa574c0000 	C:\WINDOWS\System32\sechost.dll
0x00007ffa574c0000 - 0x00007ffa575e3000 	C:\WINDOWS\System32\RPCRT4.dll
0x00007ffa56e30000 - 0x00007ffa56e57000 	C:\WINDOWS\System32\bcrypt.dll
0x00007ffa55e40000 - 0x00007ffa55e8b000 	C:\WINDOWS\SYSTEM32\POWRPROF.dll
0x00007ffa387f0000 - 0x00007ffa387f9000 	C:\WINDOWS\SYSTEM32\WSOCK32.dll
0x00007ffa58210000 - 0x00007ffa5827b000 	C:\WINDOWS\System32\WS2_32.dll
0x00007ffa47fe0000 - 0x00007ffa48007000 	C:\WINDOWS\SYSTEM32\WINMM.dll
0x00007ffa56280000 - 0x00007ffa5628a000 	C:\WINDOWS\SYSTEM32\VERSION.dll
0x00007ffa558a0000 - 0x00007ffa558b2000 	C:\WINDOWS\SYSTEM32\UMPDC.dll
0x00007ffa54ae0000 - 0x00007ffa54af2000 	C:\WINDOWS\SYSTEM32\kernel.appcore.dll
0x00007ffa42880000 - 0x00007ffa4288a000 	C:\Users\alavudheen.e\.vscode\extensions\redhat.java-1.33.0-win32-x64\jre\17.0.11-win32-x86_64\bin\jimage.dll
0x00007ffa54810000 - 0x00007ffa549f4000 	C:\WINDOWS\SYSTEM32\DBGHELP.DLL
0x00007ffa38d20000 - 0x00007ffa38d54000 	C:\WINDOWS\SYSTEM32\dbgcore.DLL
0x00007ffa56ca0000 - 0x00007ffa56d22000 	C:\WINDOWS\System32\bcryptPrimitives.dll
0x00007ffa1e520000 - 0x00007ffa1e545000 	C:\Users\alavudheen.e\.vscode\extensions\redhat.java-1.33.0-win32-x64\jre\17.0.11-win32-x86_64\bin\java.dll
0x00007ffa1e800000 - 0x00007ffa1e818000 	C:\Users\alavudheen.e\.vscode\extensions\redhat.java-1.33.0-win32-x64\jre\17.0.11-win32-x86_64\bin\zip.dll
0x00007ffa57aa0000 - 0x00007ffa5820c000 	C:\WINDOWS\System32\SHELL32.dll
0x00007ffa53fa0000 - 0x00007ffa5473d000 	C:\WINDOWS\SYSTEM32\windows.storage.dll
0x00007ffa58340000 - 0x00007ffa58693000 	C:\WINDOWS\System32\combase.dll
0x00007ffa55de0000 - 0x00007ffa55e0e000 	C:\WINDOWS\SYSTEM32\Wldp.dll
0x00007ffa59020000 - 0x00007ffa590ed000 	C:\WINDOWS\System32\OLEAUT32.dll
0x00007ffa58740000 - 0x00007ffa587ed000 	C:\WINDOWS\System32\SHCORE.dll
0x00007ffa57310000 - 0x00007ffa57365000 	C:\WINDOWS\System32\shlwapi.dll
0x00007ffa56780000 - 0x00007ffa567a4000 	C:\WINDOWS\SYSTEM32\profapi.dll
0x00007ffa1a290000 - 0x00007ffa1a2a9000 	C:\Users\alavudheen.e\.vscode\extensions\redhat.java-1.33.0-win32-x64\jre\17.0.11-win32-x86_64\bin\net.dll
0x00007ffa4de50000 - 0x00007ffa4df5a000 	C:\WINDOWS\SYSTEM32\WINHTTP.dll
0x00007ffa55bc0000 - 0x00007ffa55c2a000 	C:\WINDOWS\system32\mswsock.dll
0x00007ffa1a270000 - 0x00007ffa1a286000 	C:\Users\alavudheen.e\.vscode\extensions\redhat.java-1.33.0-win32-x64\jre\17.0.11-win32-x86_64\bin\nio.dll
0x00007ffa3d600000 - 0x00007ffa3d609000 	C:\Users\alavudheen.e\.vscode\extensions\redhat.java-1.33.0-win32-x64\jre\17.0.11-win32-x86_64\bin\management.dll
0x00007ffa3b7f0000 - 0x00007ffa3b7fb000 	C:\Users\alavudheen.e\.vscode\extensions\redhat.java-1.33.0-win32-x64\jre\17.0.11-win32-x86_64\bin\management_ext.dll
0x00007ffa57300000 - 0x00007ffa57308000 	C:\WINDOWS\System32\PSAPI.DLL
0x00007ffa382b0000 - 0x00007ffa382c7000 	C:\WINDOWS\system32\napinsp.dll
0x00007ffa38290000 - 0x00007ffa382ab000 	C:\WINDOWS\system32\pnrpnsp.dll
0x00007ffa4e5f0000 - 0x00007ffa4e605000 	C:\WINDOWS\system32\wshbth.dll
0x00007ffa4e9d0000 - 0x00007ffa4e9ed000 	C:\WINDOWS\system32\NLAapi.dll
0x00007ffa558c0000 - 0x00007ffa558fb000 	C:\WINDOWS\SYSTEM32\IPHLPAPI.DLL
0x00007ffa55910000 - 0x00007ffa559da000 	C:\WINDOWS\SYSTEM32\DNSAPI.dll
0x00007ffa589a0000 - 0x00007ffa589a8000 	C:\WINDOWS\System32\NSI.dll
0x00007ffa387d0000 - 0x00007ffa387e2000 	C:\WINDOWS\System32\winrnr.dll
0x00007ffa4bab0000 - 0x00007ffa4baba000 	C:\Windows\System32\rasadhlp.dll
0x00007ffa4c1f0000 - 0x00007ffa4c270000 	C:\WINDOWS\System32\fwpuclnt.dll
0x00007ffa55e20000 - 0x00007ffa55e38000 	C:\WINDOWS\SYSTEM32\CRYPTSP.dll
0x00007ffa554e0000 - 0x00007ffa55514000 	C:\WINDOWS\system32\rsaenh.dll
0x00007ffa566f0000 - 0x00007ffa5671e000 	C:\WINDOWS\SYSTEM32\USERENV.dll
0x00007ffa55d50000 - 0x00007ffa55d5c000 	C:\WINDOWS\SYSTEM32\CRYPTBASE.dll
0x00007ffa4c410000 - 0x00007ffa4c427000 	C:\WINDOWS\SYSTEM32\dhcpcsvc6.DLL
0x00007ffa4c2a0000 - 0x00007ffa4c2bd000 	C:\WINDOWS\SYSTEM32\dhcpcsvc.DLL
0x00007ffa389b0000 - 0x00007ffa389b9000 	C:\Users\alavudheen.e\.vscode\extensions\redhat.java-1.33.0-win32-x64\jre\17.0.11-win32-x86_64\bin\extnet.dll

dbghelp: loaded successfully - version: 4.0.5 - missing functions: none
symbol engine: initialized successfully - sym options: 0x614 - pdb path: .;C:\Users\alavudheen.e\.vscode\extensions\redhat.java-1.33.0-win32-x64\jre\17.0.11-win32-x86_64\bin;C:\WINDOWS\SYSTEM32;C:\WINDOWS\WinSxS\amd64_microsoft.windows.common-controls_6595b64144ccf1df_6.0.19041.4355_none_60b8b9eb71f62e16;C:\Users\alavudheen.e\.vscode\extensions\redhat.java-1.33.0-win32-x64\jre\17.0.11-win32-x86_64\bin\server

VM Arguments:
jvm_args: -Dcom.sun.management.jmxremote -Dcom.sun.management.jmxremote.port=52367 -Dcom.sun.management.jmxremote.authenticate=false -Dcom.sun.management.jmxremote.ssl=false -Dspring.jmx.enabled=true -Djava.rmi.server.hostname=localhost -Dspring.application.admin.enabled=true -Dspring.boot.project.name=ServiceBookingSystem -XX:+ShowCodeDetailsInExceptionMessages 
java_command: com.ReachU.ServiceBookingSystem.ServiceBookingSystemApplication
java_class_path (initial): D:\New Workout BRC\Week 22 ReachU Project Dev\ServiceBookingSystem-ReachU\ServiceBookingSystem\ServiceBookingSystem\ServiceBookingSystem\target\classes;C:\Users\alavudheen.e\.m2\repository\org\springframework\boot\spring-boot-starter-mail\3.3.1\spring-boot-starter-mail-3.3.1.jar;C:\Users\alavudheen.e\.m2\repository\org\springframework\boot\spring-boot-starter\3.3.1\spring-boot-starter-3.3.1.jar;C:\Users\alavudheen.e\.m2\repository\org\springframework\boot\spring-boot\3.3.1\spring-boot-3.3.1.jar;C:\Users\alavudheen.e\.m2\repository\org\springframework\boot\spring-boot-autoconfigure\3.3.1\spring-boot-autoconfigure-3.3.1.jar;C:\Users\alavudheen.e\.m2\repository\org\springframework\boot\spring-boot-starter-logging\3.3.1\spring-boot-starter-logging-3.3.1.jar;C:\Users\alavudheen.e\.m2\repository\ch\qos\logback\logback-classic\1.5.6\logback-classic-1.5.6.jar;C:\Users\alavudheen.e\.m2\repository\ch\qos\logback\logback-core\1.5.6\logback-core-1.5.6.jar;C:\Users\alavudheen.e\.m2\repository\org\apache\logging\log4j\log4j-to-slf4j\2.23.1\log4j-to-slf4j-2.23.1.jar;C:\Users\alavudheen.e\.m2\repository\org\apache\logging\log4j\log4j-api\2.23.1\log4j-api-2.23.1.jar;C:\Users\alavudheen.e\.m2\repository\org\slf4j\jul-to-slf4j\2.0.13\jul-to-slf4j-2.0.13.jar;C:\Users\alavudheen.e\.m2\repository\jakarta\annotation\jakarta.annotation-api\2.1.1\jakarta.annotation-api-2.1.1.jar;C:\Users\alavudheen.e\.m2\repository\org\yaml\snakeyaml\2.2\snakeyaml-2.2.jar;C:\Users\alavudheen.e\.m2\repository\org\springframework\spring-context-support\6.1.10\spring-context-support-6.1.10.jar;C:\Users\alavudheen.e\.m2\repository\org\springframework\spring-beans\6.1.10\spring-beans-6.1.10.jar;C:\Users\alavudheen.e\.m2\repository\org\springframework\spring-context\6.1.10\spring-context-6.1.10.jar;C:\Users\alavudheen.e\.m2\repository\org\eclipse\angus\jakarta.mail\2.0.3\jakarta.mail-2.0.3.jar;C:\Users\alavudheen.e\.m2\repository\jakarta\activation\jakarta.activation-api\2.1.3\jakarta
Launcher Type: SUN_STANDARD

[Global flags]
     intx CICompilerCount                          = 3                                         {product} {ergonomic}
     uint ConcGCThreads                            = 1                                         {product} {ergonomic}
     uint G1ConcRefinementThreads                  = 4                                         {product} {ergonomic}
   size_t G1HeapRegionSize                         = 2097152                                   {product} {ergonomic}
    uintx GCDrainStackTargetSize                   = 64                                        {product} {ergonomic}
   size_t InitialHeapSize                          = 264241152                                 {product} {ergonomic}
     bool ManagementServer                         = true                                      {product} {command line}
   size_t MarkStackSize                            = 4194304                                   {product} {ergonomic}
   size_t MaxHeapSize                              = 4227858432                                {product} {ergonomic}
   size_t MaxNewSize                               = 2535456768                                {product} {ergonomic}
   size_t MinHeapDeltaBytes                        = 2097152                                   {product} {ergonomic}
   size_t MinHeapSize                              = 8388608                                   {product} {ergonomic}
    uintx NonNMethodCodeHeapSize                   = 5832780                                {pd product} {ergonomic}
    uintx NonProfiledCodeHeapSize                  = 122912730                              {pd product} {ergonomic}
    uintx ProfiledCodeHeapSize                     = 122912730                              {pd product} {ergonomic}
    uintx ReservedCodeCacheSize                    = 251658240                              {pd product} {ergonomic}
     bool SegmentedCodeCache                       = true                                      {product} {ergonomic}
     bool ShowCodeDetailsInExceptionMessages       = true                                   {manageable} {command line}
   size_t SoftMaxHeapSize                          = 4227858432                             {manageable} {ergonomic}
     bool UseCompressedClassPointers               = true                           {product lp64_product} {ergonomic}
     bool UseCompressedOops                        = true                           {product lp64_product} {ergonomic}
     bool UseG1GC                                  = true                                      {product} {ergonomic}
     bool UseLargePagesIndividualAllocation        = false                                  {pd product} {ergonomic}

Logging:
Log output configuration:
 #0: stdout all=warning uptime,level,tags
 #1: stderr all=off uptime,level,tags

Environment Variables:
JAVA_HOME=C:\Program Files\Microsoft\jdk-11.0.24.8-hotspot\
PATH=C:\Program Files\Microsoft\jdk-11.0.24.8-hotspot\bin;C:\WINDOWS\system32;C:\WINDOWS;C:\WINDOWS\System32\Wbem;C:\WINDOWS\System32\WindowsPowerShell\v1.0\;C:\WINDOWS\System32\OpenSSH\;C:\Program Files (x86)\Microsoft SQL Server\150\DTS\Binn\;C:\Program Files\Microsoft SQL Server\150\Tools\Binn\;C:\Program Files\Microsoft SQL Server\Client SDK\ODBC\170\Tools\Binn\;C:\Program Files\apache-maven-3.9.2\bin;C:\Program Files\dotnet\;C:\Program Files (x86)\Microsoft SQL Server\160\DTS\Binn\;C:\Program Files\Azure Data Studio\bin;C:\Program Files\nodejs;C:\Program Files\Git\cmd;C:\Program Files\MySQL\MySQL Shell 8.0\bin\;C:\Program Files\Java\jdk-19.0.2\bin;C:\src\flutter\bin;C:\Users\alavudheen.e\.dotnet\tools;C:\Users\alavudheen.e\AppData\Local\Programs\Microsoft VS Code\bin;D:\mongosh-2.0.2-win32-x64\mongosh-2.0.2-win32-x64\bin;C:\Users\alavudheen.e\.nuget\packages\xamarin.firebase.ios.installations\8.10.0.3\lib\xamarinios10\Firebase.Installations.resources\FirebaseInstallations.xcframework\ios-arm64_x86_64-simulator\FirebaseInstallations.framework\Headers;C:\Users\alavudheen.e\AppData\Roaming\npm
USERNAME=alavudheen.e
LANG=en_US.UTF-8
OS=Windows_NT
PROCESSOR_IDENTIFIER=Intel64 Family 6 Model 140 Stepping 1, GenuineIntel
TMP=C:\Users\ALAVUD~1.E\AppData\Local\Temp
TEMP=C:\Users\ALAVUD~1.E\AppData\Local\Temp



Periodic native trim disabled


---------------  S Y S T E M  ---------------

OS:
 Windows 10 , 64 bit Build 19041 (10.0.19041.3636)
OS uptime: 3 days 6:14 hours
Hyper-V role detected

CPU: total 4 (initial active 4) (2 cores per cpu, 2 threads per core) family 6 model 140 stepping 1 microcode 0xa4, cx8, cmov, fxsr, ht, mmx, 3dnowpref, sse, sse2, sse3, ssse3, sse4.1, sse4.2, popcnt, lzcnt, tsc, tscinvbit, avx, avx2, aes, erms, clmul, bmi1, bmi2, adx, avx512f, avx512dq, avx512cd, avx512bw, avx512vl, sha, fma, vzeroupper, avx512_vpopcntdq, avx512_vpclmulqdq, avx512_vaes, avx512_vnni, clflush, clflushopt, clwb, avx512_vbmi2, avx512_vbmi, hv
Processor Information for all 4 processors :
  Max Mhz: 2189, Current Mhz: 2189, Mhz Limit: 2189

Memory: 4k page, system-wide physical 16126M (1098M free)
TotalPageFile size 31666M (AvailPageFile size 5M)
current process WorkingSet (physical memory assigned to process): 112M, peak: 112M
current process commit charge ("private bytes"): 368M, peak: 368M

vm_info: OpenJDK 64-Bit Server VM (17.0.11+9) for windows-amd64 JRE (17.0.11+9), built on Apr 17 2024 06:07:48 by "admin" with MS VC++ 16.10 / 16.11 (VS2019)

END.
